[ 2017-04-04T14:31:08+08:00 ] [ sql ] [ DB ] CONNECT:[ UseTime:0.168620s ] mysql:dbname=mooc_o2o;host=127.0.0.1;port=3306;charset=utf8
[ sql ] [ SQL ] SHOW COLUMNS FROM `o2o_category` [ RunTime:0.221061s ]
[ sql ] [ SQL ] SELECT * FROM `o2o_category` WHERE  `parent_id` = 0  AND `status` = 1 ORDER BY `listorder`  desc LIMIT 5 [ RunTime:0.076175s ]
[ sql ] [ SQL ] SELECT * FROM `o2o_category` WHERE  `parent_id` IN (6,2,1,5,8)  AND `status` = 1 ORDER BY `listorder`  desc [ RunTime:0.011581s ]
[ sql ] [ SQL ] SHOW COLUMNS FROM `o2o_featured` [ RunTime:0.128903s ]
[ sql ] [ SQL ] SELECT * FROM `o2o_featured` WHERE  `status` = 1 [ RunTime:0.000990s ]
[ sql ] [ SQL ] SHOW COLUMNS FROM `o2o_citys` [ RunTime:0.051575s ]
[ sql ] [ SQL ] SELECT `id`,`name`,`is_default` FROM `o2o_citys` WHERE  `status` = 1 [ RunTime:0.001041s ]
[ sql ] [ SQL ] SHOW COLUMNS FROM `o2o_deal` [ RunTime:0.082298s ]
[ sql ] [ SQL ] SELECT * FROM `o2o_deal` WHERE  `status` = 1  AND `category_id` = 1  AND `end_time` > 1491287468  AND `city_id` = 5 ORDER BY `listorder`  desc,`id`  desc LIMIT 10 [ RunTime:0.016326s ]
[ sql ] [ SQL ] SELECT * FROM `o2o_category` WHERE  (  parent_id=1 ) LIMIT 5 [ RunTime:0.001632s ]
[ sql ] [ SQL ] SELECT * FROM `o2o_category` WHERE  `id` = 1 LIMIT 1 [ RunTime:0.001151s ]
[ sql ] [ SQL ] SELECT * FROM `o2o_deal` WHERE  `status` = 1  AND `category_id` = 2  AND `end_time` > 1491287468  AND `city_id` = 5 ORDER BY `listorder`  desc,`id`  desc LIMIT 10 [ RunTime:0.001421s ]
[ sql ] [ SQL ] SELECT * FROM `o2o_category` WHERE  (  parent_id=2 ) LIMIT 5 [ RunTime:0.000852s ]
[ sql ] [ SQL ] SELECT * FROM `o2o_category` WHERE  `id` = 2 LIMIT 1 [ RunTime:0.000717s ]

---------------------------------------------------------------
[ 2017-04-04T14:31:10+08:00 ] [ sql ] [ DB ] CONNECT:[ UseTime:0.020878s ] mysql:dbname=mooc_o2o;host=127.0.0.1;port=3306;charset=utf8
[ sql ] [ SQL ] SHOW COLUMNS FROM `o2o_category` [ RunTime:0.024166s ]
[ sql ] [ SQL ] SELECT * FROM `o2o_category` WHERE  `parent_id` = 0  AND `status` = 1 ORDER BY `listorder`  desc LIMIT 5 [ RunTime:0.001875s ]
[ sql ] [ SQL ] SELECT * FROM `o2o_category` WHERE  `parent_id` IN (6,2,1,5,8)  AND `status` = 1 ORDER BY `listorder`  desc [ RunTime:0.001317s ]
[ sql ] [ SQL ] SHOW COLUMNS FROM `o2o_featured` [ RunTime:0.024624s ]
[ sql ] [ SQL ] SELECT * FROM `o2o_featured` WHERE  `status` = 1 [ RunTime:0.001115s ]
[ sql ] [ SQL ] SHOW COLUMNS FROM `o2o_citys` [ RunTime:0.022974s ]
[ sql ] [ SQL ] SELECT `id`,`name`,`is_default` FROM `o2o_citys` WHERE  `status` = 1 [ RunTime:0.000965s ]
[ sql ] [ SQL ] SHOW COLUMNS FROM `o2o_deal` [ RunTime:0.026110s ]
[ sql ] [ SQL ] SELECT * FROM `o2o_deal` WHERE  `status` = 1  AND `category_id` = 1  AND `end_time` > 1491287470  AND `city_id` = 5 ORDER BY `listorder`  desc,`id`  desc LIMIT 10 [ RunTime:0.001182s ]
[ sql ] [ SQL ] SELECT * FROM `o2o_category` WHERE  (  parent_id=1 ) LIMIT 5 [ RunTime:0.000684s ]
[ sql ] [ SQL ] SELECT * FROM `o2o_category` WHERE  `id` = 1 LIMIT 1 [ RunTime:0.000759s ]
[ sql ] [ SQL ] SELECT * FROM `o2o_deal` WHERE  `status` = 1  AND `category_id` = 2  AND `end_time` > 1491287470  AND `city_id` = 5 ORDER BY `listorder`  desc,`id`  desc LIMIT 10 [ RunTime:0.001133s ]
[ sql ] [ SQL ] SELECT * FROM `o2o_category` WHERE  (  parent_id=2 ) LIMIT 5 [ RunTime:0.000630s ]
[ sql ] [ SQL ] SELECT * FROM `o2o_category` WHERE  `id` = 2 LIMIT 1 [ RunTime:0.000647s ]

---------------------------------------------------------------
[ 2017-04-04T14:31:45+08:00 ] [ sql ] [ DB ] CONNECT:[ UseTime:0.001777s ] mysql:dbname=mooc_o2o;host=127.0.0.1;port=3306;charset=utf8
[ sql ] [ SQL ] SHOW COLUMNS FROM `o2o_admin` [ RunTime:0.061521s ]
[ sql ] [ SQL ] SELECT * FROM `o2o_admin` WHERE  `username` = '刘中林' LIMIT 1 [ RunTime:0.001694s ]

---------------------------------------------------------------
[ 2017-04-04T14:31:49+08:00 ] [ sql ] [ DB ] CONNECT:[ UseTime:0.001606s ] mysql:dbname=mooc_o2o;host=127.0.0.1;port=3306;charset=utf8
[ sql ] [ SQL ] SHOW COLUMNS FROM `o2o_user` [ RunTime:0.050252s ]
[ sql ] [ SQL ] SELECT COUNT(*) AS tp_count FROM `o2o_user` WHERE  `status` = 1 LIMIT 1 [ RunTime:0.036244s ]
[ sql ] [ SQL ] SELECT * FROM `o2o_user` WHERE  `status` = 1 LIMIT 0,2 [ RunTime:0.001187s ]

---------------------------------------------------------------
[ 2017-04-04T14:32:08+08:00 ] [ sql ] [ DB ] CONNECT:[ UseTime:0.001496s ] mysql:dbname=mooc_o2o;host=127.0.0.1;port=3306;charset=utf8
[ sql ] [ SQL ] SHOW COLUMNS FROM `o2o_order` [ RunTime:0.095428s ]
[ sql ] [ SQL ] SELECT COUNT(*) AS tp_count FROM `o2o_order` LIMIT 1 [ RunTime:0.000963s ]
[ sql ] [ SQL ] SELECT * FROM `o2o_order` ORDER BY `create_time`  desc LIMIT 0,15 [ RunTime:0.001059s ]

---------------------------------------------------------------
[ 2017-04-04T14:33:26+08:00 ] [ sql ] [ DB ] CONNECT:[ UseTime:0.002732s ] mysql:dbname=mooc_o2o;host=127.0.0.1;port=3306;charset=utf8
[ sql ] [ SQL ] SHOW COLUMNS FROM `o2o_user` [ RunTime:0.030451s ]
[ sql ] [ SQL ] UPDATE `o2o_user`  SET `status`=1,`update_time`=1491287606  WHERE  `id` = 1 [ RunTime:0.171138s ]

---------------------------------------------------------------
[ 2017-04-04T14:33:27+08:00 ] [ sql ] [ DB ] CONNECT:[ UseTime:0.011502s ] mysql:dbname=mooc_o2o;host=127.0.0.1;port=3306;charset=utf8
[ sql ] [ SQL ] SHOW COLUMNS FROM `o2o_user` [ RunTime:0.024319s ]
[ sql ] [ SQL ] SELECT COUNT(*) AS tp_count FROM `o2o_user` WHERE  `status` = 1 LIMIT 1 [ RunTime:0.000657s ]
[ sql ] [ SQL ] SELECT * FROM `o2o_user` WHERE  `status` = 1 LIMIT 0,2 [ RunTime:0.000647s ]

---------------------------------------------------------------
[ 2017-04-04T14:39:14+08:00 ] [ sql ] [ DB ] CONNECT:[ UseTime:0.001438s ] mysql:dbname=mooc_o2o;host=127.0.0.1;port=3306;charset=utf8
[ sql ] [ SQL ] SHOW COLUMNS FROM `o2o_user` [ RunTime:0.026438s ]
[ sql ] [ SQL ] UPDATE `o2o_user`  SET `status`=1,`update_time`=1491287953  WHERE  `id` = 1 [ RunTime:0.063410s ]

---------------------------------------------------------------
[ 2017-04-04T14:39:14+08:00 ] [ sql ] [ DB ] CONNECT:[ UseTime:0.001693s ] mysql:dbname=mooc_o2o;host=127.0.0.1;port=3306;charset=utf8
[ sql ] [ SQL ] SHOW COLUMNS FROM `o2o_user` [ RunTime:0.035708s ]
[ sql ] [ SQL ] SELECT COUNT(*) AS tp_count FROM `o2o_user` WHERE  `status` = 1 LIMIT 1 [ RunTime:0.000804s ]
[ sql ] [ SQL ] SELECT * FROM `o2o_user` WHERE  `status` = 1 LIMIT 0,2 [ RunTime:0.000880s ]

---------------------------------------------------------------
[ 2017-04-04T14:40:29+08:00 ] [ sql ] [ DB ] CONNECT:[ UseTime:0.001763s ] mysql:dbname=mooc_o2o;host=127.0.0.1;port=3306;charset=utf8
[ sql ] [ SQL ] SHOW COLUMNS FROM `o2o_user` [ RunTime:0.024627s ]
[ sql ] [ SQL ] SELECT COUNT(*) AS tp_count FROM `o2o_user` WHERE  `status` = 1 LIMIT 1 [ RunTime:0.000804s ]
[ sql ] [ SQL ] SELECT * FROM `o2o_user` WHERE  `status` = 1 LIMIT 0,2 [ RunTime:0.001088s ]

---------------------------------------------------------------
[ 2017-04-04T14:40:32+08:00 ] [ sql ] [ DB ] CONNECT:[ UseTime:0.011772s ] mysql:dbname=mooc_o2o;host=127.0.0.1;port=3306;charset=utf8
[ sql ] [ SQL ] SHOW COLUMNS FROM `o2o_user` [ RunTime:0.027020s ]
[ sql ] [ SQL ] UPDATE `o2o_user`  SET `status`=0,`update_time`=1491288032  WHERE  `id` = 1 [ RunTime:0.109218s ]

---------------------------------------------------------------
[ 2017-04-04T14:40:32+08:00 ] [ sql ] [ DB ] CONNECT:[ UseTime:0.001776s ] mysql:dbname=mooc_o2o;host=127.0.0.1;port=3306;charset=utf8
[ sql ] [ SQL ] SHOW COLUMNS FROM `o2o_user` [ RunTime:0.024552s ]
[ sql ] [ SQL ] SELECT COUNT(*) AS tp_count FROM `o2o_user` WHERE  `status` = 1 LIMIT 1 [ RunTime:0.000833s ]
[ sql ] [ SQL ] SELECT * FROM `o2o_user` WHERE  `status` = 1 LIMIT 0,2 [ RunTime:0.001134s ]

---------------------------------------------------------------
[ 2017-04-04T14:41:10+08:00 ] [ sql ] [ DB ] CONNECT:[ UseTime:0.001587s ] mysql:dbname=mooc_o2o;host=127.0.0.1;port=3306;charset=utf8
[ sql ] [ SQL ] SHOW COLUMNS FROM `o2o_user` [ RunTime:0.044426s ]
[ sql ] [ SQL ] SELECT COUNT(*) AS tp_count FROM `o2o_user` WHERE  `status` <> -1 LIMIT 1 [ RunTime:0.001100s ]
[ sql ] [ SQL ] SELECT * FROM `o2o_user` WHERE  `status` <> -1 LIMIT 0,2 [ RunTime:0.001003s ]

---------------------------------------------------------------
[ 2017-04-04T14:41:13+08:00 ] [ sql ] [ DB ] CONNECT:[ UseTime:0.011828s ] mysql:dbname=mooc_o2o;host=127.0.0.1;port=3306;charset=utf8
[ sql ] [ SQL ] SHOW COLUMNS FROM `o2o_user` [ RunTime:0.024681s ]
[ sql ] [ SQL ] UPDATE `o2o_user`  SET `status`=1,`update_time`=1491288073  WHERE  `id` = 1 [ RunTime:0.099862s ]

---------------------------------------------------------------
[ 2017-04-04T14:41:13+08:00 ] [ sql ] [ DB ] CONNECT:[ UseTime:0.011913s ] mysql:dbname=mooc_o2o;host=127.0.0.1;port=3306;charset=utf8
[ sql ] [ SQL ] SHOW COLUMNS FROM `o2o_user` [ RunTime:0.024443s ]
[ sql ] [ SQL ] SELECT COUNT(*) AS tp_count FROM `o2o_user` WHERE  `status` <> -1 LIMIT 1 [ RunTime:0.001157s ]
[ sql ] [ SQL ] SELECT * FROM `o2o_user` WHERE  `status` <> -1 LIMIT 0,2 [ RunTime:0.000967s ]

---------------------------------------------------------------
[ 2017-04-04T14:41:22+08:00 ] [ sql ] [ DB ] CONNECT:[ UseTime:0.001807s ] mysql:dbname=mooc_o2o;host=127.0.0.1;port=3306;charset=utf8
[ sql ] [ SQL ] SHOW COLUMNS FROM `o2o_order` [ RunTime:0.026152s ]
[ sql ] [ SQL ] SELECT COUNT(*) AS tp_count FROM `o2o_order` LIMIT 1 [ RunTime:0.000948s ]
[ sql ] [ SQL ] SELECT * FROM `o2o_order` ORDER BY `create_time`  desc LIMIT 0,15 [ RunTime:0.001276s ]

---------------------------------------------------------------
[ 2017-04-04T14:42:43+08:00 ] [ sql ] [ DB ] CONNECT:[ UseTime:0.001573s ] mysql:dbname=mooc_o2o;host=127.0.0.1;port=3306;charset=utf8
[ sql ] [ SQL ] SHOW COLUMNS FROM `o2o_order` [ RunTime:0.024852s ]
[ sql ] [ SQL ] SELECT COUNT(*) AS tp_count FROM `o2o_order` LIMIT 1 [ RunTime:0.001303s ]
[ sql ] [ SQL ] SELECT * FROM `o2o_order` ORDER BY `create_time`  desc LIMIT 0,15 [ RunTime:0.000987s ]

---------------------------------------------------------------
[ 2017-04-04T14:42:56+08:00 ] [ sql ] [ DB ] CONNECT:[ UseTime:0.011463s ] mysql:dbname=mooc_o2o;host=127.0.0.1;port=3306;charset=utf8
[ sql ] [ SQL ] SHOW COLUMNS FROM `o2o_order` [ RunTime:0.024376s ]
[ sql ] [ SQL ] SELECT COUNT(*) AS tp_count FROM `o2o_order` LIMIT 1 [ RunTime:0.000895s ]
[ sql ] [ SQL ] SELECT * FROM `o2o_order` ORDER BY `create_time`  desc LIMIT 0,15 [ RunTime:0.001264s ]

---------------------------------------------------------------
[ 2017-04-04T14:43:02+08:00 ] [ sql ] [ DB ] CONNECT:[ UseTime:0.010770s ] mysql:dbname=mooc_o2o;host=127.0.0.1;port=3306;charset=utf8
[ sql ] [ SQL ] SHOW COLUMNS FROM `o2o_order` [ RunTime:0.049761s ]
[ sql ] [ SQL ] SELECT COUNT(*) AS tp_count FROM `o2o_order` WHERE  ( `create_time` > 1490457600 AND `create_time` < 1493395200 ) LIMIT 1 [ RunTime:0.000979s ]
[ sql ] [ SQL ] SELECT * FROM `o2o_order` WHERE  ( `create_time` > 1490457600 AND `create_time` < 1493395200 ) ORDER BY `create_time`  desc LIMIT 0,15 [ RunTime:0.001315s ]

---------------------------------------------------------------
[ 2017-04-04T14:45:43+08:00 ] [ sql ] [ DB ] CONNECT:[ UseTime:0.001550s ] mysql:dbname=mooc_o2o;host=127.0.0.1;port=3306;charset=utf8
[ sql ] [ SQL ] SHOW COLUMNS FROM `o2o_order` [ RunTime:0.026307s ]
[ sql ] [ SQL ] SELECT COUNT(*) AS tp_count FROM `o2o_order` LIMIT 1 [ RunTime:0.000606s ]
[ sql ] [ SQL ] SELECT * FROM `o2o_order` ORDER BY `create_time`  desc LIMIT 0,15 [ RunTime:0.000932s ]

---------------------------------------------------------------
[ 2017-04-04T14:46:59+08:00 ] [ sql ] [ DB ] CONNECT:[ UseTime:0.002124s ] mysql:dbname=mooc_o2o;host=127.0.0.1;port=3306;charset=utf8
[ sql ] [ SQL ] SHOW COLUMNS FROM `o2o_order` [ RunTime:0.025488s ]
[ sql ] [ SQL ] SELECT COUNT(*) AS tp_count FROM `o2o_order` LIMIT 1 [ RunTime:0.000585s ]
[ sql ] [ SQL ] SELECT * FROM `o2o_order` ORDER BY `create_time`  desc LIMIT 0,15 [ RunTime:0.000803s ]

---------------------------------------------------------------
[ 2017-04-04T14:50:09+08:00 ] [ sql ] [ DB ] CONNECT:[ UseTime:0.011963s ] mysql:dbname=mooc_o2o;host=127.0.0.1;port=3306;charset=utf8
[ sql ] [ SQL ] SHOW COLUMNS FROM `o2o_order` [ RunTime:0.024497s ]
[ sql ] [ SQL ] SELECT COUNT(*) AS tp_count FROM `o2o_order` LIMIT 1 [ RunTime:0.000512s ]
[ sql ] [ SQL ] SELECT * FROM `o2o_order` ORDER BY `create_time`  desc LIMIT 0,15 [ RunTime:0.000706s ]

---------------------------------------------------------------
[ 2017-04-04T14:50:15+08:00 ] [ sql ] [ DB ] CONNECT:[ UseTime:0.001303s ] mysql:dbname=mooc_o2o;host=127.0.0.1;port=3306;charset=utf8
[ sql ] [ SQL ] SHOW COLUMNS FROM `o2o_order` [ RunTime:0.026508s ]
[ sql ] [ SQL ] SELECT COUNT(*) AS tp_count FROM `o2o_order` WHERE  `username` = 'liu' LIMIT 1 [ RunTime:0.001570s ]
[ sql ] [ SQL ] SELECT * FROM `o2o_order` WHERE  `username` = 'liu' ORDER BY `create_time`  desc LIMIT 0,15 [ RunTime:0.001632s ]

---------------------------------------------------------------
[ 2017-04-04T14:50:20+08:00 ] [ sql ] [ DB ] CONNECT:[ UseTime:0.010596s ] mysql:dbname=mooc_o2o;host=127.0.0.1;port=3306;charset=utf8
[ sql ] [ SQL ] SHOW COLUMNS FROM `o2o_order` [ RunTime:0.025505s ]
[ sql ] [ SQL ] SELECT COUNT(*) AS tp_count FROM `o2o_order` WHERE  `out_trade_no` = '540140001491129835' LIMIT 1 [ RunTime:0.040275s ]
[ sql ] [ SQL ] SELECT * FROM `o2o_order` WHERE  `out_trade_no` = '540140001491129835' ORDER BY `create_time`  desc LIMIT 0,15 [ RunTime:0.001062s ]

---------------------------------------------------------------
[ 2017-04-04T15:03:37+08:00 ] [ sql ] [ DB ] CONNECT:[ UseTime:0.012288s ] mysql:dbname=mooc_o2o;host=127.0.0.1;port=3306;charset=utf8
[ sql ] [ SQL ] SHOW COLUMNS FROM `o2o_user` [ RunTime:0.025699s ]
[ sql ] [ SQL ] SELECT COUNT(*) AS tp_count FROM `o2o_user` WHERE  `status` <> -1 LIMIT 1 [ RunTime:0.000937s ]
[ sql ] [ SQL ] SELECT * FROM `o2o_user` WHERE  `status` <> -1 LIMIT 0,2 [ RunTime:0.001093s ]

---------------------------------------------------------------
[ 2017-04-04T15:07:19+08:00 ] [ sql ] [ DB ] CONNECT:[ UseTime:0.001650s ] mysql:dbname=mooc_o2o;host=127.0.0.1;port=3306;charset=utf8
[ sql ] [ SQL ] SHOW COLUMNS FROM `o2o_admin` [ RunTime:0.024780s ]
[ sql ] [ SQL ] SELECT * FROM `o2o_admin` WHERE  `status` <> -1 [ RunTime:0.001036s ]

---------------------------------------------------------------
[ 2017-04-04T15:07:35+08:00 ] [ sql ] [ DB ] CONNECT:[ UseTime:0.001603s ] mysql:dbname=mooc_o2o;host=127.0.0.1;port=3306;charset=utf8
[ sql ] [ SQL ] SHOW COLUMNS FROM `o2o_admin` [ RunTime:0.029166s ]
[ sql ] [ SQL ] SELECT * FROM `o2o_admin` WHERE  `status` <> -1 [ RunTime:0.001254s ]

---------------------------------------------------------------
[ 2017-04-04T15:09:01+08:00 ] [ sql ] [ DB ] CONNECT:[ UseTime:0.012458s ] mysql:dbname=mooc_o2o;host=127.0.0.1;port=3306;charset=utf8
[ sql ] [ SQL ] SHOW COLUMNS FROM `o2o_admin` [ RunTime:0.023976s ]
[ sql ] [ SQL ] SELECT * FROM `o2o_admin` WHERE  `status` <> -1 [ RunTime:0.001401s ]

---------------------------------------------------------------
[ 2017-04-04T15:12:37+08:00 ] [ sql ] [ DB ] CONNECT:[ UseTime:0.011150s ] mysql:dbname=mooc_o2o;host=127.0.0.1;port=3306;charset=utf8
[ sql ] [ SQL ] SHOW COLUMNS FROM `o2o_admin` [ RunTime:0.026635s ]
[ sql ] [ SQL ] SELECT * FROM `o2o_admin` WHERE  `status` <> -1 [ RunTime:0.001324s ]

---------------------------------------------------------------
[ 2017-04-04T15:13:06+08:00 ] [ sql ] [ DB ] CONNECT:[ UseTime:0.001495s ] mysql:dbname=mooc_o2o;host=127.0.0.1;port=3306;charset=utf8
[ sql ] [ SQL ] SHOW COLUMNS FROM `o2o_admin` [ RunTime:0.026434s ]
[ sql ] [ SQL ] SELECT * FROM `o2o_admin` WHERE  `status` <> -1 [ RunTime:0.001628s ]

---------------------------------------------------------------
[ 2017-04-04T15:13:24+08:00 ] [ sql ] [ DB ] CONNECT:[ UseTime:0.011376s ] mysql:dbname=mooc_o2o;host=127.0.0.1;port=3306;charset=utf8
[ sql ] [ SQL ] SHOW COLUMNS FROM `o2o_admin` [ RunTime:0.025849s ]
[ sql ] [ SQL ] SELECT * FROM `o2o_admin` WHERE  `status` <> -1 [ RunTime:0.000937s ]

---------------------------------------------------------------
[ 2017-04-04T15:13:52+08:00 ] [ sql ] [ DB ] CONNECT:[ UseTime:0.001809s ] mysql:dbname=mooc_o2o;host=127.0.0.1;port=3306;charset=utf8
[ sql ] [ SQL ] SHOW COLUMNS FROM `o2o_admin` [ RunTime:0.024519s ]
[ sql ] [ SQL ] SELECT * FROM `o2o_admin` WHERE  `status` <> -1 [ RunTime:0.001064s ]

---------------------------------------------------------------
[ 2017-04-04T15:14:20+08:00 ] [ sql ] [ DB ] CONNECT:[ UseTime:0.001512s ] mysql:dbname=mooc_o2o;host=127.0.0.1;port=3306;charset=utf8
[ sql ] [ SQL ] SHOW COLUMNS FROM `o2o_admin` [ RunTime:0.025932s ]
[ sql ] [ SQL ] SELECT * FROM `o2o_admin` WHERE  `status` <> -1 [ RunTime:0.000998s ]

---------------------------------------------------------------
[ 2017-04-04T15:14:58+08:00 ] [ sql ] [ DB ] CONNECT:[ UseTime:0.011009s ] mysql:dbname=mooc_o2o;host=127.0.0.1;port=3306;charset=utf8
[ sql ] [ SQL ] SHOW COLUMNS FROM `o2o_admin` [ RunTime:0.025005s ]
[ sql ] [ SQL ] SELECT * FROM `o2o_admin` WHERE  `status` <> -1 [ RunTime:0.001186s ]

---------------------------------------------------------------
[ 2017-04-04T15:15:08+08:00 ] [ sql ] [ DB ] CONNECT:[ UseTime:0.001732s ] mysql:dbname=mooc_o2o;host=127.0.0.1;port=3306;charset=utf8
[ sql ] [ SQL ] SHOW COLUMNS FROM `o2o_admin` [ RunTime:0.024510s ]
[ sql ] [ SQL ] SELECT * FROM `o2o_admin` WHERE  `status` <> -1 [ RunTime:0.001380s ]

---------------------------------------------------------------
[ 2017-04-04T15:16:56+08:00 ] [ sql ] [ DB ] CONNECT:[ UseTime:0.002025s ] mysql:dbname=mooc_o2o;host=127.0.0.1;port=3306;charset=utf8
[ sql ] [ SQL ] SHOW COLUMNS FROM `o2o_admin` [ RunTime:0.024802s ]
[ sql ] [ SQL ] SELECT * FROM `o2o_admin` WHERE  `status` <> -1 [ RunTime:0.001589s ]

---------------------------------------------------------------
[ 2017-04-04T15:19:10+08:00 ] [ sql ] [ DB ] CONNECT:[ UseTime:0.001728s ] mysql:dbname=mooc_o2o;host=127.0.0.1;port=3306;charset=utf8
[ sql ] [ SQL ] SHOW COLUMNS FROM `o2o_admin` [ RunTime:0.027642s ]
[ sql ] [ SQL ] SELECT * FROM `o2o_admin` WHERE  `status` <> -1 [ RunTime:0.001378s ]

---------------------------------------------------------------
[ 2017-04-04T15:21:21+08:00 ] [ sql ] [ DB ] CONNECT:[ UseTime:0.001755s ] mysql:dbname=mooc_o2o;host=127.0.0.1;port=3306;charset=utf8
[ sql ] [ SQL ] SHOW COLUMNS FROM `o2o_admin` [ RunTime:0.029784s ]
[ sql ] [ SQL ] SELECT * FROM `o2o_admin` WHERE  `username` = '刘中林' LIMIT 1 [ RunTime:0.000992s ]

---------------------------------------------------------------
[ 2017-04-04T15:21:34+08:00 ] [ sql ] [ DB ] CONNECT:[ UseTime:0.001744s ] mysql:dbname=mooc_o2o;host=127.0.0.1;port=3306;charset=utf8
[ sql ] [ SQL ] SHOW COLUMNS FROM `o2o_admin` [ RunTime:0.024903s ]
[ sql ] [ SQL ] SELECT * FROM `o2o_admin` WHERE  `username` = '刘中林' LIMIT 1 [ RunTime:0.001776s ]

---------------------------------------------------------------
[ 2017-04-04T15:22:05+08:00 ] [ sql ] [ DB ] CONNECT:[ UseTime:0.001548s ] mysql:dbname=mooc_o2o;host=127.0.0.1;port=3306;charset=utf8
[ sql ] [ SQL ] SHOW COLUMNS FROM `o2o_admin` [ RunTime:0.025608s ]
[ sql ] [ SQL ] SELECT * FROM `o2o_admin` WHERE  `username` = '刘中林' LIMIT 1 [ RunTime:0.000911s ]

---------------------------------------------------------------
[ 2017-04-04T15:23:33+08:00 ] [ sql ] [ DB ] CONNECT:[ UseTime:0.011317s ] mysql:dbname=mooc_o2o;host=127.0.0.1;port=3306;charset=utf8
[ sql ] [ SQL ] SHOW COLUMNS FROM `o2o_admin` [ RunTime:0.027023s ]
[ sql ] [ SQL ] SELECT * FROM `o2o_admin` WHERE  `username` = '刘中林' LIMIT 1 [ RunTime:0.001081s ]

---------------------------------------------------------------
[ 2017-04-04T15:24:27+08:00 ] [ sql ] [ DB ] CONNECT:[ UseTime:0.010910s ] mysql:dbname=mooc_o2o;host=127.0.0.1;port=3306;charset=utf8
[ sql ] [ SQL ] SHOW COLUMNS FROM `o2o_admin` [ RunTime:0.059521s ]
[ sql ] [ SQL ] SELECT * FROM `o2o_admin` WHERE  `username` = '刘中林' LIMIT 1 [ RunTime:0.000817s ]
[ sql ] [ SQL ] UPDATE `o2o_admin`  SET `last_login_ip`='127.0.0.1',`update_time`=1491290666  WHERE  `id` = 1 [ RunTime:0.087822s ]

---------------------------------------------------------------
[ 2017-04-04T15:24:32+08:00 ] [ sql ] [ DB ] CONNECT:[ UseTime:0.011259s ] mysql:dbname=mooc_o2o;host=127.0.0.1;port=3306;charset=utf8
[ sql ] [ SQL ] SHOW COLUMNS FROM `o2o_user` [ RunTime:0.026203s ]
[ sql ] [ SQL ] SELECT COUNT(*) AS tp_count FROM `o2o_user` WHERE  `status` <> -1 LIMIT 1 [ RunTime:0.000644s ]
[ sql ] [ SQL ] SELECT * FROM `o2o_user` WHERE  `status` <> -1 LIMIT 0,2 [ RunTime:0.000750s ]

---------------------------------------------------------------
[ 2017-04-04T15:25:15+08:00 ] [ sql ] [ DB ] CONNECT:[ UseTime:0.010977s ] mysql:dbname=mooc_o2o;host=127.0.0.1;port=3306;charset=utf8
[ sql ] [ SQL ] SHOW COLUMNS FROM `o2o_user` [ RunTime:0.026174s ]
[ sql ] [ SQL ] SELECT COUNT(*) AS tp_count FROM `o2o_user` WHERE  `status` <> -1 LIMIT 1 [ RunTime:0.000739s ]
[ sql ] [ SQL ] SELECT * FROM `o2o_user` WHERE  `status` <> -1 LIMIT 0,2 [ RunTime:0.000747s ]

---------------------------------------------------------------
[ 2017-04-04T15:25:32+08:00 ] [ sql ] [ DB ] CONNECT:[ UseTime:0.010717s ] mysql:dbname=mooc_o2o;host=127.0.0.1;port=3306;charset=utf8
[ sql ] [ SQL ] SHOW COLUMNS FROM `o2o_user` [ RunTime:0.026602s ]
[ sql ] [ SQL ] SELECT COUNT(*) AS tp_count FROM `o2o_user` WHERE  `status` <> -1 LIMIT 1 [ RunTime:0.000581s ]
[ sql ] [ SQL ] SELECT * FROM `o2o_user` WHERE  `status` <> -1 LIMIT 0,2 [ RunTime:0.000635s ]

---------------------------------------------------------------
[ 2017-04-04T15:26:43+08:00 ] [ sql ] [ DB ] CONNECT:[ UseTime:0.001571s ] mysql:dbname=mooc_o2o;host=127.0.0.1;port=3306;charset=utf8
[ sql ] [ SQL ] SHOW COLUMNS FROM `o2o_user` [ RunTime:0.023707s ]
[ sql ] [ SQL ] SELECT COUNT(*) AS tp_count FROM `o2o_user` WHERE  `status` <> -1 LIMIT 1 [ RunTime:0.001122s ]
[ sql ] [ SQL ] SELECT * FROM `o2o_user` WHERE  `status` <> -1 LIMIT 0,2 [ RunTime:0.001133s ]

---------------------------------------------------------------
[ 2017-04-04T15:26:45+08:00 ] [ sql ] [ DB ] CONNECT:[ UseTime:0.010905s ] mysql:dbname=mooc_o2o;host=127.0.0.1;port=3306;charset=utf8
[ sql ] [ SQL ] SHOW COLUMNS FROM `o2o_user` [ RunTime:0.024589s ]
[ sql ] [ SQL ] SELECT COUNT(*) AS tp_count FROM `o2o_user` WHERE  `status` <> -1 LIMIT 1 [ RunTime:0.000576s ]
[ sql ] [ SQL ] SELECT * FROM `o2o_user` WHERE  `status` <> -1 LIMIT 0,2 [ RunTime:0.000690s ]

---------------------------------------------------------------
[ 2017-04-04T15:27:39+08:00 ] [ sql ] [ DB ] CONNECT:[ UseTime:0.001377s ] mysql:dbname=mooc_o2o;host=127.0.0.1;port=3306;charset=utf8
[ sql ] [ SQL ] SHOW COLUMNS FROM `o2o_user` [ RunTime:0.028025s ]
[ sql ] [ SQL ] SELECT COUNT(*) AS tp_count FROM `o2o_user` WHERE  `status` <> -1 LIMIT 1 [ RunTime:0.000950s ]
[ sql ] [ SQL ] SELECT * FROM `o2o_user` WHERE  `status` <> -1 LIMIT 0,2 [ RunTime:0.001312s ]

---------------------------------------------------------------
[ 2017-04-04T15:28:14+08:00 ] [ sql ] [ DB ] CONNECT:[ UseTime:0.011296s ] mysql:dbname=mooc_o2o;host=127.0.0.1;port=3306;charset=utf8
[ sql ] [ SQL ] SHOW COLUMNS FROM `o2o_user` [ RunTime:0.025835s ]
[ sql ] [ SQL ] SELECT COUNT(*) AS tp_count FROM `o2o_user` WHERE  `status` <> -1 LIMIT 1 [ RunTime:0.000740s ]
[ sql ] [ SQL ] SELECT * FROM `o2o_user` WHERE  `status` <> -1 LIMIT 0,2 [ RunTime:0.000733s ]

---------------------------------------------------------------
[ 2017-04-04T15:29:40+08:00 ] [ sql ] [ DB ] CONNECT:[ UseTime:0.001866s ] mysql:dbname=mooc_o2o;host=127.0.0.1;port=3306;charset=utf8
[ sql ] [ SQL ] SHOW COLUMNS FROM `o2o_admin` [ RunTime:0.025877s ]
[ sql ] [ SQL ] SELECT * FROM `o2o_admin` WHERE  `username` = '刘中林' LIMIT 1 [ RunTime:0.001285s ]
[ sql ] [ SQL ] UPDATE `o2o_admin`  SET `update_time`=1491290979  WHERE  `id` = 1 [ RunTime:0.061055s ]

---------------------------------------------------------------
[ 2017-04-04T15:29:45+08:00 ] [ sql ] [ DB ] CONNECT:[ UseTime:0.001554s ] mysql:dbname=mooc_o2o;host=127.0.0.1;port=3306;charset=utf8
[ sql ] [ SQL ] SHOW COLUMNS FROM `o2o_admin` [ RunTime:0.025647s ]
[ sql ] [ SQL ] SELECT * FROM `o2o_admin` WHERE  `status` <> -1 [ RunTime:0.001817s ]

---------------------------------------------------------------
[ 2017-04-04T15:30:03+08:00 ] [ sql ] [ DB ] CONNECT:[ UseTime:0.011200s ] mysql:dbname=mooc_o2o;host=127.0.0.1;port=3306;charset=utf8
[ sql ] [ SQL ] SHOW COLUMNS FROM `o2o_admin` [ RunTime:0.024879s ]
[ sql ] [ SQL ] SELECT * FROM `o2o_admin` WHERE  `status` <> -1 [ RunTime:0.001177s ]

---------------------------------------------------------------
[ 2017-04-04T15:30:17+08:00 ] [ sql ] [ DB ] CONNECT:[ UseTime:0.001660s ] mysql:dbname=mooc_o2o;host=127.0.0.1;port=3306;charset=utf8
[ sql ] [ SQL ] SHOW COLUMNS FROM `o2o_admin` [ RunTime:0.028450s ]
[ sql ] [ SQL ] SELECT * FROM `o2o_admin` WHERE  `status` <> -1 [ RunTime:0.001240s ]

---------------------------------------------------------------
[ 2017-04-04T15:31:17+08:00 ] [ sql ] [ DB ] CONNECT:[ UseTime:0.010273s ] mysql:dbname=mooc_o2o;host=127.0.0.1;port=3306;charset=utf8
[ sql ] [ SQL ] SHOW COLUMNS FROM `o2o_admin` [ RunTime:0.023366s ]
[ sql ] [ SQL ] SELECT * FROM `o2o_admin` WHERE  `username` = '刘中林' LIMIT 1 [ RunTime:0.000857s ]
[ sql ] [ SQL ] UPDATE `o2o_admin`  SET `update_time`=1491291077  WHERE  `id` = 1 [ RunTime:0.113842s ]

---------------------------------------------------------------
[ 2017-04-04T15:31:21+08:00 ] [ sql ] [ DB ] CONNECT:[ UseTime:0.011880s ] mysql:dbname=mooc_o2o;host=127.0.0.1;port=3306;charset=utf8
[ sql ] [ SQL ] SHOW COLUMNS FROM `o2o_admin` [ RunTime:0.027571s ]
[ sql ] [ SQL ] SELECT * FROM `o2o_admin` WHERE  `status` <> -1 [ RunTime:0.000866s ]

---------------------------------------------------------------
[ 2017-04-04T15:36:10+08:00 ] [ sql ] [ DB ] CONNECT:[ UseTime:0.001988s ] mysql:dbname=mooc_o2o;host=127.0.0.1;port=3306;charset=utf8
[ sql ] [ SQL ] SHOW COLUMNS FROM `o2o_admin` [ RunTime:0.024585s ]
[ sql ] [ SQL ] SELECT * FROM `o2o_admin` WHERE  `username` = '刘中林' LIMIT 1 [ RunTime:0.000960s ]
[ sql ] [ SQL ] UPDATE `o2o_admin`  SET `update_time`=1491291370  WHERE  `id` = 1 [ RunTime:0.071329s ]

---------------------------------------------------------------
[ 2017-04-04T15:36:15+08:00 ] [ sql ] [ DB ] CONNECT:[ UseTime:0.011192s ] mysql:dbname=mooc_o2o;host=127.0.0.1;port=3306;charset=utf8
[ sql ] [ SQL ] SHOW COLUMNS FROM `o2o_admin` [ RunTime:0.023633s ]
[ sql ] [ SQL ] SELECT * FROM `o2o_admin` WHERE  `status` <> -1 [ RunTime:0.000915s ]

---------------------------------------------------------------
[ 2017-04-04T15:36:37+08:00 ] [ sql ] [ DB ] CONNECT:[ UseTime:0.012332s ] mysql:dbname=mooc_o2o;host=127.0.0.1;port=3306;charset=utf8
[ sql ] [ SQL ] SHOW COLUMNS FROM `o2o_admin` [ RunTime:0.024413s ]
[ sql ] [ SQL ] SELECT * FROM `o2o_admin` WHERE  `status` <> -1 [ RunTime:0.000913s ]

---------------------------------------------------------------
[ 2017-04-04T15:37:21+08:00 ] [ sql ] [ DB ] CONNECT:[ UseTime:0.011890s ] mysql:dbname=mooc_o2o;host=127.0.0.1;port=3306;charset=utf8
[ sql ] [ SQL ] SHOW COLUMNS FROM `o2o_admin` [ RunTime:0.023667s ]
[ sql ] [ SQL ] SELECT * FROM `o2o_admin` WHERE  `status` <> -1 [ RunTime:0.000755s ]

---------------------------------------------------------------
[ 2017-04-04T15:39:11+08:00 ] [ sql ] [ DB ] CONNECT:[ UseTime:0.001924s ] mysql:dbname=mooc_o2o;host=127.0.0.1;port=3306;charset=utf8
[ sql ] [ SQL ] SHOW COLUMNS FROM `o2o_admin` [ RunTime:0.029380s ]
[ sql ] [ SQL ] SELECT * FROM `o2o_admin` WHERE  `status` <> -1 [ RunTime:0.001070s ]

---------------------------------------------------------------
[ 2017-04-04T15:41:17+08:00 ] [ sql ] [ DB ] CONNECT:[ UseTime:0.001501s ] mysql:dbname=mooc_o2o;host=127.0.0.1;port=3306;charset=utf8
[ sql ] [ SQL ] SHOW COLUMNS FROM `o2o_admin` [ RunTime:0.027138s ]
[ sql ] [ SQL ] SELECT * FROM `o2o_admin` WHERE  `status` <> -1 [ RunTime:0.000832s ]

---------------------------------------------------------------
[ 2017-04-04T15:59:44+08:00 ] [ sql ] [ DB ] CONNECT:[ UseTime:0.010519s ] mysql:dbname=mooc_o2o;host=127.0.0.1;port=3306;charset=utf8
[ sql ] [ SQL ] SHOW COLUMNS FROM `o2o_admin` [ RunTime:0.028110s ]
[ sql ] [ SQL ] SELECT * FROM `o2o_admin` WHERE  `status` <> -1 [ RunTime:0.001300s ]

---------------------------------------------------------------
[ 2017-04-04T16:29:08+08:00 ] [ sql ] [ DB ] CONNECT:[ UseTime:0.010394s ] mysql:dbname=mooc_o2o;host=127.0.0.1;port=3306;charset=utf8
[ sql ] [ SQL ] SHOW COLUMNS FROM `o2o_admin` [ RunTime:0.029641s ]

---------------------------------------------------------------
[ 2017-04-04T16:30:53+08:00 ] [ sql ] [ DB ] CONNECT:[ UseTime:0.001773s ] mysql:dbname=mooc_o2o;host=127.0.0.1;port=3306;charset=utf8
[ sql ] [ SQL ] SHOW COLUMNS FROM `o2o_admin` [ RunTime:0.025304s ]
[ sql ] [ SQL ] INSERT INTO `o2o_admin` (`username` , `password` , `update_time` , `create_time`) VALUES ('zhang' , '123456' , 1491294652 , 1491294652) [ RunTime:0.143289s ]

---------------------------------------------------------------
[ 2017-04-04T16:31:31+08:00 ] [ sql ] [ DB ] CONNECT:[ UseTime:0.001425s ] mysql:dbname=mooc_o2o;host=127.0.0.1;port=3306;charset=utf8
[ sql ] [ SQL ] SHOW COLUMNS FROM `o2o_admin` [ RunTime:0.080247s ]
[ sql ] [ SQL ] SELECT * FROM `o2o_admin` WHERE  `status` <> -1 [ RunTime:0.000997s ]

---------------------------------------------------------------
[ 2017-04-04T16:33:34+08:00 ] [ sql ] [ DB ] CONNECT:[ UseTime:0.011019s ] mysql:dbname=mooc_o2o;host=127.0.0.1;port=3306;charset=utf8
[ sql ] [ SQL ] SHOW COLUMNS FROM `o2o_admin` [ RunTime:0.023734s ]
[ sql ] [ SQL ] SELECT * FROM `o2o_admin` WHERE  `status` <> -1 [ RunTime:0.001249s ]

---------------------------------------------------------------
[ 2017-04-04T16:33:43+08:00 ] [ sql ] [ DB ] CONNECT:[ UseTime:0.010974s ] mysql:dbname=mooc_o2o;host=127.0.0.1;port=3306;charset=utf8
[ sql ] [ SQL ] SHOW COLUMNS FROM `o2o_admin` [ RunTime:0.025592s ]
[ sql ] [ SQL ] SELECT * FROM `o2o_admin` WHERE  `status` <> -1 [ RunTime:0.001663s ]

---------------------------------------------------------------
[ 2017-04-04T16:34:52+08:00 ] [ sql ] [ DB ] CONNECT:[ UseTime:0.001509s ] mysql:dbname=mooc_o2o;host=127.0.0.1;port=3306;charset=utf8
[ sql ] [ SQL ] SHOW COLUMNS FROM `o2o_admin` [ RunTime:0.134759s ]
[ sql ] [ SQL ] SELECT * FROM `o2o_admin` WHERE  `status` <> -1 [ RunTime:0.002067s ]

---------------------------------------------------------------
[ 2017-04-04T16:36:08+08:00 ] [ sql ] [ DB ] CONNECT:[ UseTime:0.010946s ] mysql:dbname=mooc_o2o;host=127.0.0.1;port=3306;charset=utf8
[ sql ] [ SQL ] SHOW COLUMNS FROM `o2o_admin` [ RunTime:0.025244s ]
[ sql ] [ SQL ] SELECT * FROM `o2o_admin` WHERE  `status` <> -1 [ RunTime:0.001185s ]

---------------------------------------------------------------
[ 2017-04-04T16:36:17+08:00 ] [ sql ] [ DB ] CONNECT:[ UseTime:0.010855s ] mysql:dbname=mooc_o2o;host=127.0.0.1;port=3306;charset=utf8
[ sql ] [ SQL ] SHOW COLUMNS FROM `o2o_admin` [ RunTime:0.026343s ]
[ sql ] [ SQL ] SELECT * FROM `o2o_admin` WHERE  `status` <> -1 [ RunTime:0.001079s ]

---------------------------------------------------------------
