[ 2017-04-12T13:50:05+08:00 ] 127.0.0.7 127.0.0.1 GET /admin
[ log ] tp5.o2o.com/admin [运行时间：0.628106s][吞吐率：1.59req/s] [内存消耗：2,781.17kb] [文件加载：46]
[ info ] [ LANG ] F:\study\o2o\thinkphp\lang\zh-cn.php
[ info ] [ ROUTE ] array (
  'type' => 'module',
  'module' => 
  array (
    0 => 'admin',
    1 => NULL,
    2 => NULL,
  ),
)
[ info ] [ HEADER ] array (
  'host' => 'tp5.o2o.com',
  'connection' => 'keep-alive',
  'upgrade-insecure-requests' => '1',
  'user-agent' => 'Mozilla/5.0 (Windows NT 10.0; Win64; x64) AppleWebKit/537.36 (KHTML, like Gecko) Chrome/56.0.2924.87 Safari/537.36',
  'accept' => 'text/html,application/xhtml+xml,application/xml;q=0.9,image/webp,*/*;q=0.8',
  'accept-encoding' => 'gzip, deflate, sdch',
  'accept-language' => 'zh-CN,zh;q=0.8',
  'cookie' => 'pgv_pvi=6643005440; Huiskin=default',
)
[ info ] [ PARAM ] array (
)
[ info ] [ SESSION ] INIT array (
  'prefix' => 'module',
  'type' => 'redis',
  'auto_start' => true,
  'host' => '127.0.0.1',
  'port' => 6379,
  'password' => '',
)
[ info ] [ LOG ] INIT File

---------------------------------------------------------------
[ 2017-04-12T13:50:05+08:00 ] 127.0.0.7 127.0.0.1 GET /admin/admin/login.html
[ log ] tp5.o2o.com/admin/admin/login.html [运行时间：0.253484s][吞吐率：3.95req/s] [内存消耗：2,772.09kb] [文件加载：44]
[ info ] [ LANG ] F:\study\o2o\thinkphp\lang\zh-cn.php
[ info ] [ ROUTE ] array (
  'type' => 'module',
  'module' => 
  array (
    0 => 'admin',
    1 => 'admin',
    2 => 'login',
  ),
)
[ info ] [ HEADER ] array (
  'host' => 'tp5.o2o.com',
  'connection' => 'keep-alive',
  'upgrade-insecure-requests' => '1',
  'user-agent' => 'Mozilla/5.0 (Windows NT 10.0; Win64; x64) AppleWebKit/537.36 (KHTML, like Gecko) Chrome/56.0.2924.87 Safari/537.36',
  'accept' => 'text/html,application/xhtml+xml,application/xml;q=0.9,image/webp,*/*;q=0.8',
  'accept-encoding' => 'gzip, deflate, sdch',
  'accept-language' => 'zh-CN,zh;q=0.8',
  'cookie' => 'pgv_pvi=6643005440; Huiskin=default; PHPSESSID=q4vfjvknqfceji7ubque7k5o03',
)
[ info ] [ PARAM ] array (
)
[ info ] [ RUN ] app\admin\controller\Admin->login[ F:\study\o2o\application\admin\controller\Admin.php ]
[ info ] [ SESSION ] INIT array (
  'prefix' => 'module',
  'type' => 'redis',
  'auto_start' => true,
  'host' => '127.0.0.1',
  'port' => 6379,
  'password' => '',
)
[ info ] [ VIEW ] F:\study\o2o\public/../application/admin\view\admin\login.html [ array (
) ]
[ info ] [ LOG ] INIT File

---------------------------------------------------------------
[ 2017-04-12T13:50:06+08:00 ] 127.0.0.7 127.0.0.1 GET /captcha.html
[ log ] tp5.o2o.com/captcha.html [运行时间：0.411032s][吞吐率：2.43req/s] [内存消耗：2,204.35kb] [文件加载：37]
[ info ] [ LANG ] F:\study\o2o\thinkphp\lang\zh-cn.php
[ info ] [ ROUTE ] array (
  'type' => 'method',
  'method' => 
  array (
    0 => '\\think\\captcha\\CaptchaController',
    1 => 'index',
  ),
  'var' => 
  array (
  ),
)
[ info ] [ HEADER ] array (
  'host' => 'tp5.o2o.com',
  'connection' => 'keep-alive',
  'user-agent' => 'Mozilla/5.0 (Windows NT 10.0; Win64; x64) AppleWebKit/537.36 (KHTML, like Gecko) Chrome/56.0.2924.87 Safari/537.36',
  'accept' => 'image/webp,image/*,*/*;q=0.8',
  'referer' => 'http://tp5.o2o.com/admin/admin/login.html',
  'accept-encoding' => 'gzip, deflate, sdch',
  'accept-language' => 'zh-CN,zh;q=0.8',
  'cookie' => 'pgv_pvi=6643005440; Huiskin=default; PHPSESSID=q4vfjvknqfceji7ubque7k5o03',
)
[ info ] [ PARAM ] array (
  'id' => NULL,
)
[ info ] [ RUN ] think\captcha\CaptchaController->index[ F:\study\o2o\vendor\topthink\think-captcha\src\CaptchaController.php ]
[ info ] [ SESSION ] INIT array (
  'prefix' => 'module',
  'type' => 'redis',
  'auto_start' => true,
  'host' => '127.0.0.1',
  'port' => 6379,
  'password' => '',
)
[ info ] [ LOG ] INIT File

---------------------------------------------------------------
[ 2017-04-12T13:50:12+08:00 ] 127.0.0.7 127.0.0.1 POST /admin/admin/login.html
[ log ] tp5.o2o.com/admin/admin/login.html [运行时间：0.210606s][吞吐率：4.75req/s] [内存消耗：2,751.92kb] [文件加载：46]
[ info ] [ LANG ] F:\study\o2o\thinkphp\lang\zh-cn.php
[ info ] [ ROUTE ] array (
  'type' => 'module',
  'module' => 
  array (
    0 => 'admin',
    1 => 'admin',
    2 => 'login',
  ),
)
[ info ] [ HEADER ] array (
  'host' => 'tp5.o2o.com',
  'connection' => 'keep-alive',
  'content-length' => '36',
  'accept' => '*/*',
  'origin' => 'http://tp5.o2o.com',
  'x-requested-with' => 'XMLHttpRequest',
  'user-agent' => 'Mozilla/5.0 (Windows NT 10.0; Win64; x64) AppleWebKit/537.36 (KHTML, like Gecko) Chrome/56.0.2924.87 Safari/537.36',
  'content-type' => 'application/x-www-form-urlencoded; charset=UTF-8',
  'referer' => 'http://tp5.o2o.com/admin/admin/login.html',
  'accept-encoding' => 'gzip, deflate',
  'accept-language' => 'zh-CN,zh;q=0.8',
  'cookie' => 'pgv_pvi=6643005440; Huiskin=default; PHPSESSID=q4vfjvknqfceji7ubque7k5o03',
)
[ info ] [ PARAM ] array (
  'username' => '刘中林',
)
[ info ] [ RUN ] app\admin\controller\Admin->login[ F:\study\o2o\application\admin\controller\Admin.php ]
[ info ] [ SESSION ] INIT array (
  'prefix' => 'module',
  'type' => 'redis',
  'auto_start' => true,
  'host' => '127.0.0.1',
  'port' => 6379,
  'password' => '',
)
[ info ] [ LOG ] INIT File
[ error ] [8]未定义数组索引: verifyCode[F:\study\o2o\application\admin\controller\Admin.php:20]

---------------------------------------------------------------
[ 2017-04-12T13:50:23+08:00 ] 127.0.0.7 127.0.0.1 POST /admin/admin/login.html
[ log ] tp5.o2o.com/admin/admin/login.html [运行时间：0.648518s][吞吐率：1.54req/s] [内存消耗：4,767.85kb] [文件加载：58]
[ info ] [ LANG ] F:\study\o2o\thinkphp\lang\zh-cn.php
[ info ] [ ROUTE ] array (
  'type' => 'module',
  'module' => 
  array (
    0 => 'admin',
    1 => 'admin',
    2 => 'login',
  ),
)
[ info ] [ HEADER ] array (
  'host' => 'tp5.o2o.com',
  'connection' => 'keep-alive',
  'content-length' => '69',
  'accept' => '*/*',
  'origin' => 'http://tp5.o2o.com',
  'x-requested-with' => 'XMLHttpRequest',
  'user-agent' => 'Mozilla/5.0 (Windows NT 10.0; Win64; x64) AppleWebKit/537.36 (KHTML, like Gecko) Chrome/56.0.2924.87 Safari/537.36',
  'content-type' => 'application/x-www-form-urlencoded; charset=UTF-8',
  'referer' => 'http://tp5.o2o.com/admin/admin/login.html',
  'accept-encoding' => 'gzip, deflate',
  'accept-language' => 'zh-CN,zh;q=0.8',
  'cookie' => 'pgv_pvi=6643005440; Huiskin=default; PHPSESSID=q4vfjvknqfceji7ubque7k5o03',
)
[ info ] [ PARAM ] array (
  'username' => '刘中林',
  'password' => '123456',
  'verifyCode' => 'dhhby',
)
[ info ] [ RUN ] app\admin\controller\Admin->login[ F:\study\o2o\application\admin\controller\Admin.php ]
[ info ] [ SESSION ] INIT array (
  'prefix' => 'module',
  'type' => 'redis',
  'auto_start' => true,
  'host' => '127.0.0.1',
  'port' => 6379,
  'password' => '',
)
[ info ] [ DB ] INIT mysql
[ info ] [ CACHE ] INIT redis
[ info ] [ LOG ] INIT File

---------------------------------------------------------------
[ 2017-04-12T13:50:24+08:00 ] 127.0.0.7 127.0.0.1 GET /admin/index/index.html
[ log ] tp5.o2o.com/admin/index/index.html [运行时间：0.161075s][吞吐率：6.21req/s] [内存消耗：3,260.40kb] [文件加载：47]
[ info ] [ LANG ] F:\study\o2o\thinkphp\lang\zh-cn.php
[ info ] [ ROUTE ] array (
  'type' => 'module',
  'module' => 
  array (
    0 => 'admin',
    1 => 'index',
    2 => 'index',
  ),
)
[ info ] [ HEADER ] array (
  'host' => 'tp5.o2o.com',
  'connection' => 'keep-alive',
  'upgrade-insecure-requests' => '1',
  'user-agent' => 'Mozilla/5.0 (Windows NT 10.0; Win64; x64) AppleWebKit/537.36 (KHTML, like Gecko) Chrome/56.0.2924.87 Safari/537.36',
  'accept' => 'text/html,application/xhtml+xml,application/xml;q=0.9,image/webp,*/*;q=0.8',
  'referer' => 'http://tp5.o2o.com/admin/admin/login.html',
  'accept-encoding' => 'gzip, deflate, sdch',
  'accept-language' => 'zh-CN,zh;q=0.8',
  'cookie' => 'pgv_pvi=6643005440; Huiskin=default; PHPSESSID=q4vfjvknqfceji7ubque7k5o03',
)
[ info ] [ PARAM ] array (
)
[ info ] [ SESSION ] INIT array (
  'prefix' => 'module',
  'type' => 'redis',
  'auto_start' => true,
  'host' => '127.0.0.1',
  'port' => 6379,
  'password' => '',
)
[ info ] [ RUN ] app\admin\controller\Index->index[ F:\study\o2o\application\admin\controller\Index.php ]
[ info ] [ VIEW ] F:\study\o2o\public/../application/admin\view\index\index.html [ array (
  0 => 'isSuper',
  1 => 'user',
) ]
[ info ] [ LOG ] INIT File

---------------------------------------------------------------
[ 2017-04-12T13:50:25+08:00 ] 127.0.0.7 127.0.0.1 GET /admin/index/welcome.html
[ log ] tp5.o2o.com/admin/index/welcome.html [运行时间：0.147374s][吞吐率：6.79req/s] [内存消耗：3,144.70kb] [文件加载：45]
[ info ] [ LANG ] F:\study\o2o\thinkphp\lang\zh-cn.php
[ info ] [ ROUTE ] array (
  'type' => 'module',
  'module' => 
  array (
    0 => 'admin',
    1 => 'index',
    2 => 'welcome',
  ),
)
[ info ] [ HEADER ] array (
  'host' => 'tp5.o2o.com',
  'connection' => 'keep-alive',
  'upgrade-insecure-requests' => '1',
  'user-agent' => 'Mozilla/5.0 (Windows NT 10.0; Win64; x64) AppleWebKit/537.36 (KHTML, like Gecko) Chrome/56.0.2924.87 Safari/537.36',
  'accept' => 'text/html,application/xhtml+xml,application/xml;q=0.9,image/webp,*/*;q=0.8',
  'referer' => 'http://tp5.o2o.com/admin/index/index.html',
  'accept-encoding' => 'gzip, deflate, sdch',
  'accept-language' => 'zh-CN,zh;q=0.8',
  'cookie' => 'pgv_pvi=6643005440; Huiskin=default; PHPSESSID=q4vfjvknqfceji7ubque7k5o03',
)
[ info ] [ PARAM ] array (
)
[ info ] [ SESSION ] INIT array (
  'prefix' => 'module',
  'type' => 'redis',
  'auto_start' => true,
  'host' => '127.0.0.1',
  'port' => 6379,
  'password' => '',
)
[ info ] [ RUN ] app\admin\controller\Index->welcome[ F:\study\o2o\application\admin\controller\Index.php ]
[ info ] [ LOG ] INIT File

---------------------------------------------------------------
[ 2017-04-12T13:50:32+08:00 ] 127.0.0.7 127.0.0.1 GET /admin/bis_location/index.html
[ log ] tp5.o2o.com/admin/bis_location/index.html [运行时间：0.548095s][吞吐率：1.82req/s] [内存消耗：5,009.80kb] [文件加载：60]
[ info ] [ LANG ] F:\study\o2o\thinkphp\lang\zh-cn.php
[ info ] [ ROUTE ] array (
  'type' => 'module',
  'module' => 
  array (
    0 => 'admin',
    1 => 'bis_location',
    2 => 'index',
  ),
)
[ info ] [ HEADER ] array (
  'host' => 'tp5.o2o.com',
  'connection' => 'keep-alive',
  'upgrade-insecure-requests' => '1',
  'user-agent' => 'Mozilla/5.0 (Windows NT 10.0; Win64; x64) AppleWebKit/537.36 (KHTML, like Gecko) Chrome/56.0.2924.87 Safari/537.36',
  'accept' => 'text/html,application/xhtml+xml,application/xml;q=0.9,image/webp,*/*;q=0.8',
  'referer' => 'http://tp5.o2o.com/admin/index/index.html',
  'accept-encoding' => 'gzip, deflate, sdch',
  'accept-language' => 'zh-CN,zh;q=0.8',
  'cookie' => 'pgv_pvi=6643005440; Huiskin=default; PHPSESSID=q4vfjvknqfceji7ubque7k5o03',
)
[ info ] [ PARAM ] array (
)
[ info ] [ SESSION ] INIT array (
  'prefix' => 'module',
  'type' => 'redis',
  'auto_start' => true,
  'host' => '127.0.0.1',
  'port' => 6379,
  'password' => '',
)
[ info ] [ RUN ] app\admin\controller\BisLocation->index[ F:\study\o2o\application\admin\controller\BisLocation.php ]
[ info ] [ DB ] INIT mysql
[ info ] [ VIEW ] F:\study\o2o\public/../application/admin\view\bis_location\index.html [ array (
  0 => 'isSuper',
  1 => 'stores',
) ]
[ info ] [ LOG ] INIT File

---------------------------------------------------------------
[ 2017-04-12T13:50:41+08:00 ] 127.0.0.7 127.0.0.1 GET /admin/citys/index.html
[ log ] tp5.o2o.com/admin/citys/index.html [运行时间：0.208657s][吞吐率：4.79req/s] [内存消耗：2,190.84kb] [文件加载：38]
[ info ] [ LANG ] F:\study\o2o\thinkphp\lang\zh-cn.php
[ info ] [ ROUTE ] array (
  'type' => 'module',
  'module' => 
  array (
    0 => 'admin',
    1 => 'citys',
    2 => 'index',
  ),
)
[ info ] [ HEADER ] array (
  'host' => 'tp5.o2o.com',
  'connection' => 'keep-alive',
  'upgrade-insecure-requests' => '1',
  'user-agent' => 'Mozilla/5.0 (Windows NT 10.0; Win64; x64) AppleWebKit/537.36 (KHTML, like Gecko) Chrome/56.0.2924.87 Safari/537.36',
  'accept' => 'text/html,application/xhtml+xml,application/xml;q=0.9,image/webp,*/*;q=0.8',
  'referer' => 'http://tp5.o2o.com/admin/index/index.html',
  'accept-encoding' => 'gzip, deflate, sdch',
  'accept-language' => 'zh-CN,zh;q=0.8',
  'cookie' => 'pgv_pvi=6643005440; Huiskin=default; PHPSESSID=q4vfjvknqfceji7ubque7k5o03',
)
[ info ] [ PARAM ] array (
)
[ info ] [ LOG ] INIT File
[ error ] [4]语法错误: unexpected '}'[F:\study\o2o\application\admin\controller\Citys.php:35]

---------------------------------------------------------------
[ 2017-04-12T13:51:12+08:00 ] 127.0.0.7 127.0.0.1 GET /admin/citys/index.html
[ log ] tp5.o2o.com/admin/citys/index.html [运行时间：0.271434s][吞吐率：3.68req/s] [内存消耗：4,804.66kb] [文件加载：57]
[ info ] [ LANG ] F:\study\o2o\thinkphp\lang\zh-cn.php
[ info ] [ ROUTE ] array (
  'type' => 'module',
  'module' => 
  array (
    0 => 'admin',
    1 => 'citys',
    2 => 'index',
  ),
)
[ info ] [ HEADER ] array (
  'host' => 'tp5.o2o.com',
  'connection' => 'keep-alive',
  'upgrade-insecure-requests' => '1',
  'user-agent' => 'Mozilla/5.0 (Windows NT 10.0; Win64; x64) AppleWebKit/537.36 (KHTML, like Gecko) Chrome/56.0.2924.87 Safari/537.36',
  'accept' => 'text/html,application/xhtml+xml,application/xml;q=0.9,image/webp,*/*;q=0.8',
  'referer' => 'http://tp5.o2o.com/admin/index/index.html',
  'accept-encoding' => 'gzip, deflate, sdch',
  'accept-language' => 'zh-CN,zh;q=0.8',
  'cookie' => 'pgv_pvi=6643005440; Huiskin=default; PHPSESSID=q4vfjvknqfceji7ubque7k5o03',
)
[ info ] [ PARAM ] array (
)
[ info ] [ DB ] INIT mysql
[ info ] [ RUN ] app\admin\controller\Citys->index[ F:\study\o2o\application\admin\controller\Citys.php ]
[ info ] [ VIEW ] F:\study\o2o\public/../application/admin\view\citys\index.html [ array (
  0 => 'citys',
) ]
[ info ] [ LOG ] INIT File

---------------------------------------------------------------
[ 2017-04-12T13:51:16+08:00 ] 127.0.0.7 127.0.0.1 POST /admin/citys/listorder.html
[ log ] tp5.o2o.com/admin/citys/listorder.html [运行时间：0.352523s][吞吐率：2.84req/s] [内存消耗：4,635.80kb] [文件加载：57]
[ info ] [ LANG ] F:\study\o2o\thinkphp\lang\zh-cn.php
[ info ] [ ROUTE ] array (
  'type' => 'module',
  'module' => 
  array (
    0 => 'admin',
    1 => 'citys',
    2 => 'listorder',
  ),
)
[ info ] [ HEADER ] array (
  'host' => 'tp5.o2o.com',
  'connection' => 'keep-alive',
  'content-length' => '16',
  'accept' => 'application/json, text/javascript, */*; q=0.01',
  'origin' => 'http://tp5.o2o.com',
  'x-requested-with' => 'XMLHttpRequest',
  'user-agent' => 'Mozilla/5.0 (Windows NT 10.0; Win64; x64) AppleWebKit/537.36 (KHTML, like Gecko) Chrome/56.0.2924.87 Safari/537.36',
  'content-type' => 'application/x-www-form-urlencoded; charset=UTF-8',
  'referer' => 'http://tp5.o2o.com/admin/citys/index.html',
  'accept-encoding' => 'gzip, deflate',
  'accept-language' => 'zh-CN,zh;q=0.8',
  'cookie' => 'pgv_pvi=6643005440; Huiskin=default; PHPSESSID=q4vfjvknqfceji7ubque7k5o03',
)
[ info ] [ PARAM ] array (
  'id' => '2',
  'listorder' => '0',
)
[ info ] [ DB ] INIT mysql
[ info ] [ RUN ] app\admin\controller\Base->listorder[ F:\study\o2o\application\admin\controller\Base.php ]
[ info ] [ CACHE ] INIT redis
[ info ] [ LOG ] INIT File

---------------------------------------------------------------
[ 2017-04-12T13:51:18+08:00 ] 127.0.0.7 127.0.0.1 POST /admin/citys/listorder.html
[ log ] tp5.o2o.com/admin/citys/listorder.html [运行时间：0.235134s][吞吐率：4.25req/s] [内存消耗：4,635.80kb] [文件加载：57]
[ info ] [ LANG ] F:\study\o2o\thinkphp\lang\zh-cn.php
[ info ] [ ROUTE ] array (
  'type' => 'module',
  'module' => 
  array (
    0 => 'admin',
    1 => 'citys',
    2 => 'listorder',
  ),
)
[ info ] [ HEADER ] array (
  'host' => 'tp5.o2o.com',
  'connection' => 'keep-alive',
  'content-length' => '16',
  'accept' => 'application/json, text/javascript, */*; q=0.01',
  'origin' => 'http://tp5.o2o.com',
  'x-requested-with' => 'XMLHttpRequest',
  'user-agent' => 'Mozilla/5.0 (Windows NT 10.0; Win64; x64) AppleWebKit/537.36 (KHTML, like Gecko) Chrome/56.0.2924.87 Safari/537.36',
  'content-type' => 'application/x-www-form-urlencoded; charset=UTF-8',
  'referer' => 'http://tp5.o2o.com/admin/citys/index.html',
  'accept-encoding' => 'gzip, deflate',
  'accept-language' => 'zh-CN,zh;q=0.8',
  'cookie' => 'pgv_pvi=6643005440; Huiskin=default; PHPSESSID=q4vfjvknqfceji7ubque7k5o03',
)
[ info ] [ PARAM ] array (
  'id' => '4',
  'listorder' => '0',
)
[ info ] [ DB ] INIT mysql
[ info ] [ RUN ] app\admin\controller\Base->listorder[ F:\study\o2o\application\admin\controller\Base.php ]
[ info ] [ CACHE ] INIT redis
[ info ] [ LOG ] INIT File

---------------------------------------------------------------
[ 2017-04-12T13:51:19+08:00 ] 127.0.0.7 127.0.0.1 GET /admin/citys/add.html
[ log ] tp5.o2o.com/admin/citys/add.html [运行时间：0.286277s][吞吐率：3.49req/s] [内存消耗：4,864.13kb] [文件加载：56]
[ info ] [ LANG ] F:\study\o2o\thinkphp\lang\zh-cn.php
[ info ] [ ROUTE ] array (
  'type' => 'module',
  'module' => 
  array (
    0 => 'admin',
    1 => 'citys',
    2 => 'add',
  ),
)
[ info ] [ HEADER ] array (
  'host' => 'tp5.o2o.com',
  'connection' => 'keep-alive',
  'upgrade-insecure-requests' => '1',
  'user-agent' => 'Mozilla/5.0 (Windows NT 10.0; Win64; x64) AppleWebKit/537.36 (KHTML, like Gecko) Chrome/56.0.2924.87 Safari/537.36',
  'accept' => 'text/html,application/xhtml+xml,application/xml;q=0.9,image/webp,*/*;q=0.8',
  'referer' => 'http://tp5.o2o.com/admin/citys/index.html',
  'accept-encoding' => 'gzip, deflate, sdch',
  'accept-language' => 'zh-CN,zh;q=0.8',
  'cookie' => 'pgv_pvi=6643005440; Huiskin=default; PHPSESSID=q4vfjvknqfceji7ubque7k5o03',
)
[ info ] [ PARAM ] array (
)
[ info ] [ DB ] INIT mysql
[ info ] [ RUN ] app\admin\controller\Citys->add[ F:\study\o2o\application\admin\controller\Citys.php ]
[ info ] [ VIEW ] F:\study\o2o\public/../application/admin\view\citys\add.html [ array (
  0 => 'citys',
) ]
[ info ] [ LOG ] INIT File

---------------------------------------------------------------
[ 2017-04-12T13:51:44+08:00 ] 127.0.0.7 127.0.0.1 GET /admin/area/index.html
[ log ] tp5.o2o.com/admin/area/index.html [运行时间：0.354335s][吞吐率：2.82req/s] [内存消耗：4,858.81kb] [文件加载：58]
[ info ] [ LANG ] F:\study\o2o\thinkphp\lang\zh-cn.php
[ info ] [ ROUTE ] array (
  'type' => 'module',
  'module' => 
  array (
    0 => 'admin',
    1 => 'area',
    2 => 'index',
  ),
)
[ info ] [ HEADER ] array (
  'host' => 'tp5.o2o.com',
  'connection' => 'keep-alive',
  'upgrade-insecure-requests' => '1',
  'user-agent' => 'Mozilla/5.0 (Windows NT 10.0; Win64; x64) AppleWebKit/537.36 (KHTML, like Gecko) Chrome/56.0.2924.87 Safari/537.36',
  'accept' => 'text/html,application/xhtml+xml,application/xml;q=0.9,image/webp,*/*;q=0.8',
  'referer' => 'http://tp5.o2o.com/admin/index/index.html',
  'accept-encoding' => 'gzip, deflate, sdch',
  'accept-language' => 'zh-CN,zh;q=0.8',
  'cookie' => 'pgv_pvi=6643005440; Huiskin=default; PHPSESSID=q4vfjvknqfceji7ubque7k5o03',
)
[ info ] [ PARAM ] array (
)
[ info ] [ DB ] INIT mysql
[ info ] [ RUN ] app\admin\controller\Area->index[ F:\study\o2o\application\admin\controller\Area.php ]
[ info ] [ VIEW ] F:\study\o2o\public/../application/admin\view\area\index.html [ array (
  0 => 'area',
) ]
[ info ] [ LOG ] INIT File

---------------------------------------------------------------
[ 2017-04-12T13:51:46+08:00 ] 127.0.0.7 127.0.0.1 GET /admin/area/add.html
[ log ] tp5.o2o.com/admin/area/add.html [运行时间：0.308860s][吞吐率：3.24req/s] [内存消耗：4,969.75kb] [文件加载：57]
[ info ] [ LANG ] F:\study\o2o\thinkphp\lang\zh-cn.php
[ info ] [ ROUTE ] array (
  'type' => 'module',
  'module' => 
  array (
    0 => 'admin',
    1 => 'area',
    2 => 'add',
  ),
)
[ info ] [ HEADER ] array (
  'host' => 'tp5.o2o.com',
  'connection' => 'keep-alive',
  'upgrade-insecure-requests' => '1',
  'user-agent' => 'Mozilla/5.0 (Windows NT 10.0; Win64; x64) AppleWebKit/537.36 (KHTML, like Gecko) Chrome/56.0.2924.87 Safari/537.36',
  'accept' => 'text/html,application/xhtml+xml,application/xml;q=0.9,image/webp,*/*;q=0.8',
  'referer' => 'http://tp5.o2o.com/admin/area/index.html',
  'accept-encoding' => 'gzip, deflate, sdch',
  'accept-language' => 'zh-CN,zh;q=0.8',
  'cookie' => 'pgv_pvi=6643005440; Huiskin=default; PHPSESSID=q4vfjvknqfceji7ubque7k5o03',
)
[ info ] [ PARAM ] array (
)
[ info ] [ DB ] INIT mysql
[ info ] [ RUN ] app\admin\controller\Area->add[ F:\study\o2o\application\admin\controller\Area.php ]
[ info ] [ VIEW ] F:\study\o2o\public/../application/admin\view\area\add.html [ array (
  0 => 'area',
  1 => 'citys',
) ]
[ info ] [ LOG ] INIT File

---------------------------------------------------------------
[ 2017-04-12T13:51:55+08:00 ] 127.0.0.7 127.0.0.1 GET /admin/admin/index.html
[ log ] tp5.o2o.com/admin/admin/index.html [运行时间：0.223872s][吞吐率：4.47req/s] [内存消耗：4,770.16kb] [文件加载：55]
[ info ] [ LANG ] F:\study\o2o\thinkphp\lang\zh-cn.php
[ info ] [ ROUTE ] array (
  'type' => 'module',
  'module' => 
  array (
    0 => 'admin',
    1 => 'admin',
    2 => 'index',
  ),
)
[ info ] [ HEADER ] array (
  'host' => 'tp5.o2o.com',
  'connection' => 'keep-alive',
  'upgrade-insecure-requests' => '1',
  'user-agent' => 'Mozilla/5.0 (Windows NT 10.0; Win64; x64) AppleWebKit/537.36 (KHTML, like Gecko) Chrome/56.0.2924.87 Safari/537.36',
  'accept' => 'text/html,application/xhtml+xml,application/xml;q=0.9,image/webp,*/*;q=0.8',
  'referer' => 'http://tp5.o2o.com/admin/index/index.html',
  'accept-encoding' => 'gzip, deflate, sdch',
  'accept-language' => 'zh-CN,zh;q=0.8',
  'cookie' => 'pgv_pvi=6643005440; Huiskin=default; PHPSESSID=q4vfjvknqfceji7ubque7k5o03',
)
[ info ] [ PARAM ] array (
)
[ info ] [ RUN ] app\admin\controller\Admin->index[ F:\study\o2o\application\admin\controller\Admin.php ]
[ info ] [ DB ] INIT mysql
[ info ] [ VIEW ] F:\study\o2o\public/../application/admin\view\admin\index.html [ array (
  0 => 'users',
) ]
[ info ] [ LOG ] INIT File

---------------------------------------------------------------
[ 2017-04-12T13:52:04+08:00 ] 127.0.0.7 127.0.0.1 GET /admin/admin/show.html
[ log ] tp5.o2o.com/admin/admin/show.html [运行时间：0.133269s][吞吐率：7.50req/s] [内存消耗：2,615.75kb] [文件加载：41]
[ info ] [ LANG ] F:\study\o2o\thinkphp\lang\zh-cn.php
[ info ] [ ROUTE ] array (
  'type' => 'module',
  'module' => 
  array (
    0 => 'admin',
    1 => 'admin',
    2 => 'show',
  ),
)
[ info ] [ HEADER ] array (
  'host' => 'tp5.o2o.com',
  'connection' => 'keep-alive',
  'upgrade-insecure-requests' => '1',
  'user-agent' => 'Mozilla/5.0 (Windows NT 10.0; Win64; x64) AppleWebKit/537.36 (KHTML, like Gecko) Chrome/56.0.2924.87 Safari/537.36',
  'accept' => 'text/html,application/xhtml+xml,application/xml;q=0.9,image/webp,*/*;q=0.8',
  'referer' => 'http://tp5.o2o.com/admin/admin/index.html',
  'accept-encoding' => 'gzip, deflate, sdch',
  'accept-language' => 'zh-CN,zh;q=0.8',
  'cookie' => 'pgv_pvi=6643005440; Huiskin=default; PHPSESSID=q4vfjvknqfceji7ubque7k5o03',
)
[ info ] [ PARAM ] array (
)
[ info ] [ RUN ] app\admin\controller\Admin->show[ F:\study\o2o\application\admin\controller\Admin.php ]
[ info ] [ LOG ] INIT File

---------------------------------------------------------------
[ 2017-04-12T14:09:53+08:00 ] 127.0.0.7 127.0.0.1 GET /admin/admin/changepass.html?id=3
[ log ] tp5.o2o.com/admin/admin/changepass.html?id=3 [运行时间：0.241727s][吞吐率：4.14req/s] [内存消耗：4,554.95kb] [文件加载：52]
[ info ] [ LANG ] F:\study\o2o\thinkphp\lang\zh-cn.php
[ info ] [ ROUTE ] array (
  'type' => 'module',
  'module' => 
  array (
    0 => 'admin',
    1 => 'admin',
    2 => 'changepass',
  ),
)
[ info ] [ HEADER ] array (
  'host' => 'tp5.o2o.com',
  'connection' => 'keep-alive',
  'upgrade-insecure-requests' => '1',
  'user-agent' => 'Mozilla/5.0 (Windows NT 10.0; Win64; x64) AppleWebKit/537.36 (KHTML, like Gecko) Chrome/56.0.2924.87 Safari/537.36',
  'accept' => 'text/html,application/xhtml+xml,application/xml;q=0.9,image/webp,*/*;q=0.8',
  'referer' => 'http://tp5.o2o.com/admin/admin/index.html',
  'accept-encoding' => 'gzip, deflate, sdch',
  'accept-language' => 'zh-CN,zh;q=0.8',
  'cookie' => 'pgv_pvi=6643005440; Huiskin=default; PHPSESSID=q4vfjvknqfceji7ubque7k5o03',
)
[ info ] [ PARAM ] array (
  'id' => '3',
)
[ info ] [ RUN ] app\admin\controller\Admin->changepass[ F:\study\o2o\application\admin\controller\Admin.php ]
[ info ] [ DB ] INIT mysql
[ info ] [ VIEW ] F:\study\o2o\public/../application/admin\view\admin\changepass.html [ array (
  0 => 'admin',
) ]
[ info ] [ LOG ] INIT File

---------------------------------------------------------------
[ 2017-04-12T14:13:23+08:00 ] 127.0.0.7 127.0.0.1 GET /admin/admin/add.html
[ log ] tp5.o2o.com/admin/admin/add.html [运行时间：0.155403s][吞吐率：6.43req/s] [内存消耗：2,730.81kb] [文件加载：43]
[ info ] [ LANG ] F:\study\o2o\thinkphp\lang\zh-cn.php
[ info ] [ ROUTE ] array (
  'type' => 'module',
  'module' => 
  array (
    0 => 'admin',
    1 => 'admin',
    2 => 'add',
  ),
)
[ info ] [ HEADER ] array (
  'host' => 'tp5.o2o.com',
  'connection' => 'keep-alive',
  'upgrade-insecure-requests' => '1',
  'user-agent' => 'Mozilla/5.0 (Windows NT 10.0; Win64; x64) AppleWebKit/537.36 (KHTML, like Gecko) Chrome/56.0.2924.87 Safari/537.36',
  'accept' => 'text/html,application/xhtml+xml,application/xml;q=0.9,image/webp,*/*;q=0.8',
  'referer' => 'http://tp5.o2o.com/admin/index/index.html',
  'accept-encoding' => 'gzip, deflate, sdch',
  'accept-language' => 'zh-CN,zh;q=0.8',
  'cookie' => 'pgv_pvi=6643005440; Huiskin=default; PHPSESSID=q4vfjvknqfceji7ubque7k5o03',
)
[ info ] [ PARAM ] array (
)
[ info ] [ RUN ] app\admin\controller\Admin->add[ F:\study\o2o\application\admin\controller\Admin.php ]
[ info ] [ VIEW ] F:\study\o2o\public/../application/admin\view\admin\add.html [ array (
) ]
[ info ] [ LOG ] INIT File

---------------------------------------------------------------
[ 2017-04-12T20:29:41+08:00 ] 127.0.0.7 127.0.0.1 GET /
[ log ] tp5.o2o.com/ [运行时间：0.565295s][吞吐率：1.77req/s] [内存消耗：5,017.70kb] [文件加载：60]
[ info ] [ LANG ] F:\study\o2o\thinkphp\lang\zh-cn.php
[ info ] [ ROUTE ] array (
  'type' => 'module',
  'module' => 
  array (
    0 => '',
    1 => NULL,
    2 => NULL,
  ),
)
[ info ] [ HEADER ] array (
  'host' => 'tp5.o2o.com',
  'connection' => 'keep-alive',
  'upgrade-insecure-requests' => '1',
  'user-agent' => 'Mozilla/5.0 (Windows NT 10.0; Win64; x64) AppleWebKit/537.36 (KHTML, like Gecko) Chrome/56.0.2924.87 Safari/537.36',
  'accept' => 'text/html,application/xhtml+xml,application/xml;q=0.9,image/webp,*/*;q=0.8',
  'accept-encoding' => 'gzip, deflate, sdch',
  'accept-language' => 'zh-CN,zh;q=0.8',
  'cookie' => 'pgv_pvi=6643005440; Huiskin=default; PHPSESSID=q4vfjvknqfceji7ubque7k5o03',
)
[ info ] [ PARAM ] array (
)
[ info ] [ CACHE ] INIT redis
[ info ] [ DB ] INIT mysql
[ info ] [ SESSION ] INIT array (
  'prefix' => 'module',
  'type' => 'redis',
  'auto_start' => true,
  'host' => '127.0.0.1',
  'port' => 6379,
  'password' => '',
)
[ info ] [ RUN ] app\index\controller\Index->index[ F:\study\o2o\application\index\controller\Index.php ]
[ info ] [ VIEW ] F:\study\o2o\public/../application/index\view\index\index.html [ array (
  0 => 'citys',
  1 => 'city',
  2 => 'user',
  3 => 'controller',
  4 => 'cates',
  5 => 'featured',
  6 => 'title',
  7 => 'goods',
  8 => 'cateid',
) ]
[ info ] [ LOG ] INIT File

---------------------------------------------------------------
[ 2017-04-12T20:29:42+08:00 ] 127.0.0.7 127.0.0.1 GET /upload/20170326/e83605c415187b19db9d540e7dd5ee72.jpg
[ log ] tp5.o2o.com/upload/20170326/e83605c415187b19db9d540e7dd5ee72.jpg [运行时间：0.158409s][吞吐率：6.31req/s] [内存消耗：2,138.02kb] [文件加载：37]
[ info ] [ LANG ] F:\study\o2o\thinkphp\lang\zh-cn.php
[ info ] [ ROUTE ] array (
  'type' => 'module',
  'module' => 
  array (
    0 => 'upload',
    1 => '20170326',
    2 => 'e83605c415187b19db9d540e7dd5ee72.jpg',
  ),
)
[ info ] [ HEADER ] array (
  'host' => 'tp5.o2o.com',
  'connection' => 'keep-alive',
  'user-agent' => 'Mozilla/5.0 (Windows NT 10.0; Win64; x64) AppleWebKit/537.36 (KHTML, like Gecko) Chrome/56.0.2924.87 Safari/537.36',
  'accept' => 'image/webp,image/*,*/*;q=0.8',
  'referer' => 'http://tp5.o2o.com/',
  'accept-encoding' => 'gzip, deflate, sdch',
  'accept-language' => 'zh-CN,zh;q=0.8',
  'cookie' => 'pgv_pvi=6643005440; Huiskin=default; PHPSESSID=q4vfjvknqfceji7ubque7k5o03',
)
[ info ] [ PARAM ] array (
)
[ info ] [ LOG ] INIT File

---------------------------------------------------------------
[ 2017-04-12T20:29:42+08:00 ] 127.0.0.7 127.0.0.1 GET /
[ log ] tp5.o2o.com/ [运行时间：0.362966s][吞吐率：2.76req/s] [内存消耗：5,014.23kb] [文件加载：60]
[ info ] [ LANG ] F:\study\o2o\thinkphp\lang\zh-cn.php
[ info ] [ ROUTE ] array (
  'type' => 'module',
  'module' => 
  array (
    0 => '',
    1 => NULL,
    2 => NULL,
  ),
)
[ info ] [ HEADER ] array (
  'host' => 'tp5.o2o.com',
  'connection' => 'keep-alive',
  'user-agent' => 'Mozilla/5.0 (Windows NT 10.0; Win64; x64) AppleWebKit/537.36 (KHTML, like Gecko) Chrome/56.0.2924.87 Safari/537.36',
  'accept' => 'image/webp,image/*,*/*;q=0.8',
  'referer' => 'http://tp5.o2o.com/',
  'accept-encoding' => 'gzip, deflate, sdch',
  'accept-language' => 'zh-CN,zh;q=0.8',
  'cookie' => 'pgv_pvi=6643005440; Huiskin=default; PHPSESSID=q4vfjvknqfceji7ubque7k5o03',
)
[ info ] [ PARAM ] array (
)
[ info ] [ CACHE ] INIT redis
[ info ] [ DB ] INIT mysql
[ info ] [ SESSION ] INIT array (
  'prefix' => 'module',
  'type' => 'redis',
  'auto_start' => true,
  'host' => '127.0.0.1',
  'port' => 6379,
  'password' => '',
)
[ info ] [ RUN ] app\index\controller\Index->index[ F:\study\o2o\application\index\controller\Index.php ]
[ info ] [ VIEW ] F:\study\o2o\public/../application/index\view\index\index.html [ array (
  0 => 'citys',
  1 => 'city',
  2 => 'user',
  3 => 'controller',
  4 => 'cates',
  5 => 'featured',
  6 => 'title',
  7 => 'goods',
  8 => 'cateid',
) ]
[ info ] [ LOG ] INIT File

---------------------------------------------------------------
[ 2017-04-12T20:29:50+08:00 ] 127.0.0.7 127.0.0.1 GET /index/index/index.html?cityName=%E6%B1%9F%E8%A5%BF&city_id=4
[ log ] tp5.o2o.com/index/index/index.html?cityName=%E6%B1%9F%E8%A5%BF&city_id=4 [运行时间：0.343179s][吞吐率：2.91req/s] [内存消耗：5,044.41kb] [文件加载：60]
[ info ] [ LANG ] F:\study\o2o\thinkphp\lang\zh-cn.php
[ info ] [ ROUTE ] array (
  'type' => 'module',
  'module' => 
  array (
    0 => 'index',
    1 => 'index',
    2 => 'index',
  ),
)
[ info ] [ HEADER ] array (
  'host' => 'tp5.o2o.com',
  'connection' => 'keep-alive',
  'upgrade-insecure-requests' => '1',
  'user-agent' => 'Mozilla/5.0 (Windows NT 10.0; Win64; x64) AppleWebKit/537.36 (KHTML, like Gecko) Chrome/56.0.2924.87 Safari/537.36',
  'accept' => 'text/html,application/xhtml+xml,application/xml;q=0.9,image/webp,*/*;q=0.8',
  'referer' => 'http://tp5.o2o.com/',
  'accept-encoding' => 'gzip, deflate, sdch',
  'accept-language' => 'zh-CN,zh;q=0.8',
  'cookie' => 'pgv_pvi=6643005440; Huiskin=default; PHPSESSID=q4vfjvknqfceji7ubque7k5o03',
)
[ info ] [ PARAM ] array (
  'cityName' => '江西',
  'city_id' => '4',
)
[ info ] [ CACHE ] INIT redis
[ info ] [ DB ] INIT mysql
[ info ] [ SESSION ] INIT array (
  'prefix' => 'module',
  'type' => 'redis',
  'auto_start' => true,
  'host' => '127.0.0.1',
  'port' => 6379,
  'password' => '',
)
[ info ] [ RUN ] app\index\controller\Index->index[ F:\study\o2o\application\index\controller\Index.php ]
[ info ] [ VIEW ] F:\study\o2o\public/../application/index\view\index\index.html [ array (
  0 => 'citys',
  1 => 'city',
  2 => 'user',
  3 => 'controller',
  4 => 'cates',
  5 => 'featured',
  6 => 'title',
  7 => 'goods',
  8 => 'cateid',
) ]
[ info ] [ LOG ] INIT File

---------------------------------------------------------------
[ 2017-04-12T20:29:50+08:00 ] 127.0.0.7 127.0.0.1 GET /upload/20170326/e83605c415187b19db9d540e7dd5ee72.jpg
[ log ] tp5.o2o.com/upload/20170326/e83605c415187b19db9d540e7dd5ee72.jpg [运行时间：0.155646s][吞吐率：6.42req/s] [内存消耗：2,138.09kb] [文件加载：37]
[ info ] [ LANG ] F:\study\o2o\thinkphp\lang\zh-cn.php
[ info ] [ ROUTE ] array (
  'type' => 'module',
  'module' => 
  array (
    0 => 'upload',
    1 => '20170326',
    2 => 'e83605c415187b19db9d540e7dd5ee72.jpg',
  ),
)
[ info ] [ HEADER ] array (
  'host' => 'tp5.o2o.com',
  'connection' => 'keep-alive',
  'user-agent' => 'Mozilla/5.0 (Windows NT 10.0; Win64; x64) AppleWebKit/537.36 (KHTML, like Gecko) Chrome/56.0.2924.87 Safari/537.36',
  'accept' => 'image/webp,image/*,*/*;q=0.8',
  'referer' => 'http://tp5.o2o.com/index/index/index.html?cityName=%E6%B1%9F%E8%A5%BF&city_id=4',
  'accept-encoding' => 'gzip, deflate, sdch',
  'accept-language' => 'zh-CN,zh;q=0.8',
  'cookie' => 'pgv_pvi=6643005440; Huiskin=default; PHPSESSID=q4vfjvknqfceji7ubque7k5o03',
)
[ info ] [ PARAM ] array (
)
[ info ] [ LOG ] INIT File

---------------------------------------------------------------
[ 2017-04-12T20:29:50+08:00 ] 127.0.0.7 127.0.0.1 GET /index/index/index.html?cityName=%E6%B1%9F%E8%A5%BF&city_id=4
[ log ] tp5.o2o.com/index/index/index.html?cityName=%E6%B1%9F%E8%A5%BF&city_id=4 [运行时间：0.307744s][吞吐率：3.25req/s] [内存消耗：5,044.61kb] [文件加载：60]
[ info ] [ LANG ] F:\study\o2o\thinkphp\lang\zh-cn.php
[ info ] [ ROUTE ] array (
  'type' => 'module',
  'module' => 
  array (
    0 => 'index',
    1 => 'index',
    2 => 'index',
  ),
)
[ info ] [ HEADER ] array (
  'host' => 'tp5.o2o.com',
  'connection' => 'keep-alive',
  'user-agent' => 'Mozilla/5.0 (Windows NT 10.0; Win64; x64) AppleWebKit/537.36 (KHTML, like Gecko) Chrome/56.0.2924.87 Safari/537.36',
  'accept' => 'image/webp,image/*,*/*;q=0.8',
  'referer' => 'http://tp5.o2o.com/index/index/index.html?cityName=%E6%B1%9F%E8%A5%BF&city_id=4',
  'accept-encoding' => 'gzip, deflate, sdch',
  'accept-language' => 'zh-CN,zh;q=0.8',
  'cookie' => 'pgv_pvi=6643005440; Huiskin=default; PHPSESSID=q4vfjvknqfceji7ubque7k5o03',
)
[ info ] [ PARAM ] array (
  'cityName' => '江西',
  'city_id' => '4',
)
[ info ] [ CACHE ] INIT redis
[ info ] [ DB ] INIT mysql
[ info ] [ SESSION ] INIT array (
  'prefix' => 'module',
  'type' => 'redis',
  'auto_start' => true,
  'host' => '127.0.0.1',
  'port' => 6379,
  'password' => '',
)
[ info ] [ RUN ] app\index\controller\Index->index[ F:\study\o2o\application\index\controller\Index.php ]
[ info ] [ VIEW ] F:\study\o2o\public/../application/index\view\index\index.html [ array (
  0 => 'citys',
  1 => 'city',
  2 => 'user',
  3 => 'controller',
  4 => 'cates',
  5 => 'featured',
  6 => 'title',
  7 => 'goods',
  8 => 'cateid',
) ]
[ info ] [ LOG ] INIT File

---------------------------------------------------------------
[ 2017-04-12T20:44:00+08:00 ] 127.0.0.7 127.0.0.1 GET /index/index/index.html?cityName=%E6%B1%9F%E8%A5%BF&city_id=4
[ log ] tp5.o2o.com/index/index/index.html?cityName=%E6%B1%9F%E8%A5%BF&city_id=4 [运行时间：0.381307s][吞吐率：2.62req/s] [内存消耗：5,044.61kb] [文件加载：60]
[ info ] [ LANG ] F:\study\o2o\thinkphp\lang\zh-cn.php
[ info ] [ ROUTE ] array (
  'type' => 'module',
  'module' => 
  array (
    0 => 'index',
    1 => 'index',
    2 => 'index',
  ),
)
[ info ] [ HEADER ] array (
  'host' => 'tp5.o2o.com',
  'connection' => 'keep-alive',
  'user-agent' => 'Mozilla/5.0 (Windows NT 10.0; Win64; x64) AppleWebKit/537.36 (KHTML, like Gecko) Chrome/56.0.2924.87 Safari/537.36',
  'accept' => 'image/webp,image/*,*/*;q=0.8',
  'referer' => 'http://tp5.o2o.com/index/index/index.html?cityName=%E6%B1%9F%E8%A5%BF&city_id=4',
  'accept-encoding' => 'gzip, deflate, sdch',
  'accept-language' => 'zh-CN,zh;q=0.8',
  'cookie' => 'pgv_pvi=6643005440; Huiskin=default; PHPSESSID=q4vfjvknqfceji7ubque7k5o03',
)
[ info ] [ PARAM ] array (
  'cityName' => '江西',
  'city_id' => '4',
)
[ info ] [ CACHE ] INIT redis
[ info ] [ DB ] INIT mysql
[ info ] [ SESSION ] INIT array (
  'prefix' => 'module',
  'type' => 'redis',
  'auto_start' => true,
  'host' => '127.0.0.1',
  'port' => 6379,
  'password' => '',
)
[ info ] [ RUN ] app\index\controller\Index->index[ F:\study\o2o\application\index\controller\Index.php ]
[ info ] [ VIEW ] F:\study\o2o\public/../application/index\view\index\index.html [ array (
  0 => 'citys',
  1 => 'city',
  2 => 'user',
  3 => 'controller',
  4 => 'cates',
  5 => 'featured',
  6 => 'title',
  7 => 'goods',
  8 => 'cateid',
) ]
[ info ] [ LOG ] INIT File

---------------------------------------------------------------
[ 2017-04-12T20:44:01+08:00 ] 127.0.0.7 127.0.0.1 GET /index/index/index.html?cityName=%E6%B1%9F%E8%A5%BF&city_id=4
[ log ] tp5.o2o.com/index/index/index.html?cityName=%E6%B1%9F%E8%A5%BF&city_id=4 [运行时间：0.315908s][吞吐率：3.17req/s] [内存消耗：5,044.61kb] [文件加载：60]
[ info ] [ LANG ] F:\study\o2o\thinkphp\lang\zh-cn.php
[ info ] [ ROUTE ] array (
  'type' => 'module',
  'module' => 
  array (
    0 => 'index',
    1 => 'index',
    2 => 'index',
  ),
)
[ info ] [ HEADER ] array (
  'host' => 'tp5.o2o.com',
  'connection' => 'keep-alive',
  'user-agent' => 'Mozilla/5.0 (Windows NT 10.0; Win64; x64) AppleWebKit/537.36 (KHTML, like Gecko) Chrome/56.0.2924.87 Safari/537.36',
  'accept' => 'image/webp,image/*,*/*;q=0.8',
  'referer' => 'http://tp5.o2o.com/index/index/index.html?cityName=%E6%B1%9F%E8%A5%BF&city_id=4',
  'accept-encoding' => 'gzip, deflate, sdch',
  'accept-language' => 'zh-CN,zh;q=0.8',
  'cookie' => 'pgv_pvi=6643005440; Huiskin=default; PHPSESSID=q4vfjvknqfceji7ubque7k5o03',
)
[ info ] [ PARAM ] array (
  'cityName' => '江西',
  'city_id' => '4',
)
[ info ] [ CACHE ] INIT redis
[ info ] [ DB ] INIT mysql
[ info ] [ SESSION ] INIT array (
  'prefix' => 'module',
  'type' => 'redis',
  'auto_start' => true,
  'host' => '127.0.0.1',
  'port' => 6379,
  'password' => '',
)
[ info ] [ RUN ] app\index\controller\Index->index[ F:\study\o2o\application\index\controller\Index.php ]
[ info ] [ VIEW ] F:\study\o2o\public/../application/index\view\index\index.html [ array (
  0 => 'citys',
  1 => 'city',
  2 => 'user',
  3 => 'controller',
  4 => 'cates',
  5 => 'featured',
  6 => 'title',
  7 => 'goods',
  8 => 'cateid',
) ]
[ info ] [ LOG ] INIT File

---------------------------------------------------------------
[ 2017-04-12T20:44:03+08:00 ] 127.0.0.7 127.0.0.1 GET /index/index/index.html?cityName=%E6%B1%9F%E8%A5%BF&city_id=4
[ log ] tp5.o2o.com/index/index/index.html?cityName=%E6%B1%9F%E8%A5%BF&city_id=4 [运行时间：0.450798s][吞吐率：2.22req/s] [内存消耗：5,044.61kb] [文件加载：60]
[ info ] [ LANG ] F:\study\o2o\thinkphp\lang\zh-cn.php
[ info ] [ ROUTE ] array (
  'type' => 'module',
  'module' => 
  array (
    0 => 'index',
    1 => 'index',
    2 => 'index',
  ),
)
[ info ] [ HEADER ] array (
  'host' => 'tp5.o2o.com',
  'connection' => 'keep-alive',
  'user-agent' => 'Mozilla/5.0 (Windows NT 10.0; Win64; x64) AppleWebKit/537.36 (KHTML, like Gecko) Chrome/56.0.2924.87 Safari/537.36',
  'accept' => 'image/webp,image/*,*/*;q=0.8',
  'referer' => 'http://tp5.o2o.com/index/index/index.html?cityName=%E6%B1%9F%E8%A5%BF&city_id=4',
  'accept-encoding' => 'gzip, deflate, sdch',
  'accept-language' => 'zh-CN,zh;q=0.8',
  'cookie' => 'pgv_pvi=6643005440; Huiskin=default; PHPSESSID=q4vfjvknqfceji7ubque7k5o03',
)
[ info ] [ PARAM ] array (
  'cityName' => '江西',
  'city_id' => '4',
)
[ info ] [ CACHE ] INIT redis
[ info ] [ DB ] INIT mysql
[ info ] [ SESSION ] INIT array (
  'prefix' => 'module',
  'type' => 'redis',
  'auto_start' => true,
  'host' => '127.0.0.1',
  'port' => 6379,
  'password' => '',
)
[ info ] [ RUN ] app\index\controller\Index->index[ F:\study\o2o\application\index\controller\Index.php ]
[ info ] [ VIEW ] F:\study\o2o\public/../application/index\view\index\index.html [ array (
  0 => 'citys',
  1 => 'city',
  2 => 'user',
  3 => 'controller',
  4 => 'cates',
  5 => 'featured',
  6 => 'title',
  7 => 'goods',
  8 => 'cateid',
) ]
[ info ] [ LOG ] INIT File

---------------------------------------------------------------
[ 2017-04-12T20:44:04+08:00 ] 127.0.0.7 127.0.0.1 GET /index/index/index.html?cityName=%E6%B1%9F%E8%A5%BF&city_id=4
[ log ] tp5.o2o.com/index/index/index.html?cityName=%E6%B1%9F%E8%A5%BF&city_id=4 [运行时间：0.381557s][吞吐率：2.62req/s] [内存消耗：5,044.61kb] [文件加载：60]
[ info ] [ LANG ] F:\study\o2o\thinkphp\lang\zh-cn.php
[ info ] [ ROUTE ] array (
  'type' => 'module',
  'module' => 
  array (
    0 => 'index',
    1 => 'index',
    2 => 'index',
  ),
)
[ info ] [ HEADER ] array (
  'host' => 'tp5.o2o.com',
  'connection' => 'keep-alive',
  'user-agent' => 'Mozilla/5.0 (Windows NT 10.0; Win64; x64) AppleWebKit/537.36 (KHTML, like Gecko) Chrome/56.0.2924.87 Safari/537.36',
  'accept' => 'image/webp,image/*,*/*;q=0.8',
  'referer' => 'http://tp5.o2o.com/index/index/index.html?cityName=%E6%B1%9F%E8%A5%BF&city_id=4',
  'accept-encoding' => 'gzip, deflate, sdch',
  'accept-language' => 'zh-CN,zh;q=0.8',
  'cookie' => 'pgv_pvi=6643005440; Huiskin=default; PHPSESSID=q4vfjvknqfceji7ubque7k5o03',
)
[ info ] [ PARAM ] array (
  'cityName' => '江西',
  'city_id' => '4',
)
[ info ] [ CACHE ] INIT redis
[ info ] [ DB ] INIT mysql
[ info ] [ SESSION ] INIT array (
  'prefix' => 'module',
  'type' => 'redis',
  'auto_start' => true,
  'host' => '127.0.0.1',
  'port' => 6379,
  'password' => '',
)
[ info ] [ RUN ] app\index\controller\Index->index[ F:\study\o2o\application\index\controller\Index.php ]
[ info ] [ VIEW ] F:\study\o2o\public/../application/index\view\index\index.html [ array (
  0 => 'citys',
  1 => 'city',
  2 => 'user',
  3 => 'controller',
  4 => 'cates',
  5 => 'featured',
  6 => 'title',
  7 => 'goods',
  8 => 'cateid',
) ]
[ info ] [ LOG ] INIT File

---------------------------------------------------------------
[ 2017-04-12T20:44:09+08:00 ] 127.0.0.7 127.0.0.1 GET /index/detail/index.html?id=4
[ log ] tp5.o2o.com/index/detail/index.html?id=4 [运行时间：0.524895s][吞吐率：1.91req/s] [内存消耗：5,142.18kb] [文件加载：62]
[ info ] [ LANG ] F:\study\o2o\thinkphp\lang\zh-cn.php
[ info ] [ ROUTE ] array (
  'type' => 'module',
  'module' => 
  array (
    0 => 'index',
    1 => 'detail',
    2 => 'index',
  ),
)
[ info ] [ HEADER ] array (
  'host' => 'tp5.o2o.com',
  'connection' => 'keep-alive',
  'upgrade-insecure-requests' => '1',
  'user-agent' => 'Mozilla/5.0 (Windows NT 10.0; Win64; x64) AppleWebKit/537.36 (KHTML, like Gecko) Chrome/56.0.2924.87 Safari/537.36',
  'accept' => 'text/html,application/xhtml+xml,application/xml;q=0.9,image/webp,*/*;q=0.8',
  'referer' => 'http://tp5.o2o.com/index/index/index.html?cityName=%E6%B1%9F%E8%A5%BF&city_id=4',
  'accept-encoding' => 'gzip, deflate, sdch',
  'accept-language' => 'zh-CN,zh;q=0.8',
  'cookie' => 'pgv_pvi=6643005440; Huiskin=default; PHPSESSID=q4vfjvknqfceji7ubque7k5o03',
)
[ info ] [ PARAM ] array (
  'id' => '4',
)
[ info ] [ CACHE ] INIT redis
[ info ] [ DB ] INIT mysql
[ info ] [ SESSION ] INIT array (
  'prefix' => 'module',
  'type' => 'redis',
  'auto_start' => true,
  'host' => '127.0.0.1',
  'port' => 6379,
  'password' => '',
)
[ info ] [ RUN ] app\index\controller\Detail->index[ F:\study\o2o\application\index\controller\Detail.php ]
[ info ] [ VIEW ] F:\study\o2o\public/../application/index\view\detail\index.html [ array (
  0 => 'citys',
  1 => 'city',
  2 => 'user',
  3 => 'controller',
  4 => 'cates',
  5 => 'featured',
  6 => 'title',
  7 => 'cate',
  8 => 'flog',
  9 => 'deal',
  10 => 'bis',
  11 => 'countDown',
  12 => 'position',
  13 => 'locations',
  14 => 'cateid',
) ]
[ info ] [ LOG ] INIT File

---------------------------------------------------------------
[ 2017-04-12T20:44:10+08:00 ] 127.0.0.7 127.0.0.1 GET /index/map/getstatusmap.html?position=114.0143402564,32.990323882409
[ log ] tp5.o2o.com/index/map/getstatusmap.html?position=114.0143402564,32.990323882409 [运行时间：0.735988s][吞吐率：1.36req/s] [内存消耗：2,590.21kb] [文件加载：42]
[ info ] [ LANG ] F:\study\o2o\thinkphp\lang\zh-cn.php
[ info ] [ ROUTE ] array (
  'type' => 'module',
  'module' => 
  array (
    0 => 'index',
    1 => 'map',
    2 => 'getstatusmap',
  ),
)
[ info ] [ HEADER ] array (
  'host' => 'tp5.o2o.com',
  'connection' => 'keep-alive',
  'user-agent' => 'Mozilla/5.0 (Windows NT 10.0; Win64; x64) AppleWebKit/537.36 (KHTML, like Gecko) Chrome/56.0.2924.87 Safari/537.36',
  'accept' => 'image/webp,image/*,*/*;q=0.8',
  'referer' => 'http://tp5.o2o.com/index/detail/index.html?id=4',
  'accept-encoding' => 'gzip, deflate, sdch',
  'accept-language' => 'zh-CN,zh;q=0.8',
  'cookie' => 'pgv_pvi=6643005440; Huiskin=default; PHPSESSID=q4vfjvknqfceji7ubque7k5o03',
)
[ info ] [ PARAM ] array (
  'position' => '114.0143402564,32.990323882409',
)
[ info ] [ RUN ] app\index\controller\Map->getStatusMap[ F:\study\o2o\application\index\controller\Map.php ]
[ info ] [ LOG ] INIT File

---------------------------------------------------------------
[ 2017-04-12T20:44:10+08:00 ] 127.0.0.7 127.0.0.1 GET /index/detail/index.html?id=4
[ log ] tp5.o2o.com/index/detail/index.html?id=4 [运行时间：0.407759s][吞吐率：2.45req/s] [内存消耗：5,140.92kb] [文件加载：62]
[ info ] [ LANG ] F:\study\o2o\thinkphp\lang\zh-cn.php
[ info ] [ ROUTE ] array (
  'type' => 'module',
  'module' => 
  array (
    0 => 'index',
    1 => 'detail',
    2 => 'index',
  ),
)
[ info ] [ HEADER ] array (
  'host' => 'tp5.o2o.com',
  'connection' => 'keep-alive',
  'user-agent' => 'Mozilla/5.0 (Windows NT 10.0; Win64; x64) AppleWebKit/537.36 (KHTML, like Gecko) Chrome/56.0.2924.87 Safari/537.36',
  'accept' => 'image/webp,image/*,*/*;q=0.8',
  'referer' => 'http://tp5.o2o.com/index/detail/index.html?id=4',
  'accept-encoding' => 'gzip, deflate, sdch',
  'accept-language' => 'zh-CN,zh;q=0.8',
  'cookie' => 'pgv_pvi=6643005440; Huiskin=default; PHPSESSID=q4vfjvknqfceji7ubque7k5o03',
)
[ info ] [ PARAM ] array (
  'id' => '4',
)
[ info ] [ CACHE ] INIT redis
[ info ] [ DB ] INIT mysql
[ info ] [ SESSION ] INIT array (
  'prefix' => 'module',
  'type' => 'redis',
  'auto_start' => true,
  'host' => '127.0.0.1',
  'port' => 6379,
  'password' => '',
)
[ info ] [ RUN ] app\index\controller\Detail->index[ F:\study\o2o\application\index\controller\Detail.php ]
[ info ] [ VIEW ] F:\study\o2o\public/../application/index\view\detail\index.html [ array (
  0 => 'citys',
  1 => 'city',
  2 => 'user',
  3 => 'controller',
  4 => 'cates',
  5 => 'featured',
  6 => 'title',
  7 => 'cate',
  8 => 'flog',
  9 => 'deal',
  10 => 'bis',
  11 => 'countDown',
  12 => 'position',
  13 => 'locations',
  14 => 'cateid',
) ]
[ info ] [ LOG ] INIT File

---------------------------------------------------------------
[ 2017-04-12T20:44:14+08:00 ] 127.0.0.7 127.0.0.1 GET /index/lists/index.html?id=6
[ log ] tp5.o2o.com/index/lists/index.html?id=6 [运行时间：0.397446s][吞吐率：2.52req/s] [内存消耗：5,215.95kb] [文件加载：63]
[ info ] [ LANG ] F:\study\o2o\thinkphp\lang\zh-cn.php
[ info ] [ ROUTE ] array (
  'type' => 'module',
  'module' => 
  array (
    0 => 'index',
    1 => 'lists',
    2 => 'index',
  ),
)
[ info ] [ HEADER ] array (
  'host' => 'tp5.o2o.com',
  'connection' => 'keep-alive',
  'upgrade-insecure-requests' => '1',
  'user-agent' => 'Mozilla/5.0 (Windows NT 10.0; Win64; x64) AppleWebKit/537.36 (KHTML, like Gecko) Chrome/56.0.2924.87 Safari/537.36',
  'accept' => 'text/html,application/xhtml+xml,application/xml;q=0.9,image/webp,*/*;q=0.8',
  'referer' => 'http://tp5.o2o.com/index/detail/index.html?id=4',
  'accept-encoding' => 'gzip, deflate, sdch',
  'accept-language' => 'zh-CN,zh;q=0.8',
  'cookie' => 'pgv_pvi=6643005440; Huiskin=default; PHPSESSID=q4vfjvknqfceji7ubque7k5o03',
)
[ info ] [ PARAM ] array (
  'id' => '6',
)
[ info ] [ CACHE ] INIT redis
[ info ] [ DB ] INIT mysql
[ info ] [ SESSION ] INIT array (
  'prefix' => 'module',
  'type' => 'redis',
  'auto_start' => true,
  'host' => '127.0.0.1',
  'port' => 6379,
  'password' => '',
)
[ info ] [ RUN ] app\index\controller\Lists->index[ F:\study\o2o\application\index\controller\Lists.php ]
[ info ] [ VIEW ] F:\study\o2o\public/../application/index\view\lists\index.html [ array (
  0 => 'citys',
  1 => 'city',
  2 => 'user',
  3 => 'controller',
  4 => 'cates',
  5 => 'featured',
  6 => 'title',
  7 => 'parent_id',
  8 => 'listCates',
  9 => 'cateid',
  10 => 'deals',
  11 => 'orderflog',
  12 => 'total',
) ]
[ info ] [ LOG ] INIT File

---------------------------------------------------------------
[ 2017-04-12T20:44:14+08:00 ] 127.0.0.7 127.0.0.1 GET /index/lists/index.html?id=6
[ log ] tp5.o2o.com/index/lists/index.html?id=6 [运行时间：0.339893s][吞吐率：2.94req/s] [内存消耗：5,215.43kb] [文件加载：63]
[ info ] [ LANG ] F:\study\o2o\thinkphp\lang\zh-cn.php
[ info ] [ ROUTE ] array (
  'type' => 'module',
  'module' => 
  array (
    0 => 'index',
    1 => 'lists',
    2 => 'index',
  ),
)
[ info ] [ HEADER ] array (
  'host' => 'tp5.o2o.com',
  'connection' => 'keep-alive',
  'user-agent' => 'Mozilla/5.0 (Windows NT 10.0; Win64; x64) AppleWebKit/537.36 (KHTML, like Gecko) Chrome/56.0.2924.87 Safari/537.36',
  'accept' => 'image/webp,image/*,*/*;q=0.8',
  'referer' => 'http://tp5.o2o.com/index/lists/index.html?id=6',
  'accept-encoding' => 'gzip, deflate, sdch',
  'accept-language' => 'zh-CN,zh;q=0.8',
  'cookie' => 'pgv_pvi=6643005440; Huiskin=default; PHPSESSID=q4vfjvknqfceji7ubque7k5o03',
)
[ info ] [ PARAM ] array (
  'id' => '6',
)
[ info ] [ CACHE ] INIT redis
[ info ] [ DB ] INIT mysql
[ info ] [ SESSION ] INIT array (
  'prefix' => 'module',
  'type' => 'redis',
  'auto_start' => true,
  'host' => '127.0.0.1',
  'port' => 6379,
  'password' => '',
)
[ info ] [ RUN ] app\index\controller\Lists->index[ F:\study\o2o\application\index\controller\Lists.php ]
[ info ] [ VIEW ] F:\study\o2o\public/../application/index\view\lists\index.html [ array (
  0 => 'citys',
  1 => 'city',
  2 => 'user',
  3 => 'controller',
  4 => 'cates',
  5 => 'featured',
  6 => 'title',
  7 => 'parent_id',
  8 => 'listCates',
  9 => 'cateid',
  10 => 'deals',
  11 => 'orderflog',
  12 => 'total',
) ]
[ info ] [ LOG ] INIT File

---------------------------------------------------------------
[ 2017-04-12T20:44:18+08:00 ] 127.0.0.7 127.0.0.1 GET /index/lists/index.html?id=1
[ log ] tp5.o2o.com/index/lists/index.html?id=1 [运行时间：0.345837s][吞吐率：2.89req/s] [内存消耗：5,251.65kb] [文件加载：63]
[ info ] [ LANG ] F:\study\o2o\thinkphp\lang\zh-cn.php
[ info ] [ ROUTE ] array (
  'type' => 'module',
  'module' => 
  array (
    0 => 'index',
    1 => 'lists',
    2 => 'index',
  ),
)
[ info ] [ HEADER ] array (
  'host' => 'tp5.o2o.com',
  'connection' => 'keep-alive',
  'upgrade-insecure-requests' => '1',
  'user-agent' => 'Mozilla/5.0 (Windows NT 10.0; Win64; x64) AppleWebKit/537.36 (KHTML, like Gecko) Chrome/56.0.2924.87 Safari/537.36',
  'accept' => 'text/html,application/xhtml+xml,application/xml;q=0.9,image/webp,*/*;q=0.8',
  'referer' => 'http://tp5.o2o.com/index/detail/index.html?id=4',
  'accept-encoding' => 'gzip, deflate, sdch',
  'accept-language' => 'zh-CN,zh;q=0.8',
  'cookie' => 'pgv_pvi=6643005440; Huiskin=default; PHPSESSID=q4vfjvknqfceji7ubque7k5o03',
)
[ info ] [ PARAM ] array (
  'id' => '1',
)
[ info ] [ CACHE ] INIT redis
[ info ] [ DB ] INIT mysql
[ info ] [ SESSION ] INIT array (
  'prefix' => 'module',
  'type' => 'redis',
  'auto_start' => true,
  'host' => '127.0.0.1',
  'port' => 6379,
  'password' => '',
)
[ info ] [ RUN ] app\index\controller\Lists->index[ F:\study\o2o\application\index\controller\Lists.php ]
[ info ] [ VIEW ] F:\study\o2o\public/../application/index\view\lists\index.html [ array (
  0 => 'citys',
  1 => 'city',
  2 => 'user',
  3 => 'controller',
  4 => 'cates',
  5 => 'featured',
  6 => 'title',
  7 => 'parent_id',
  8 => 'listCates',
  9 => 'cateid',
  10 => 'deals',
  11 => 'orderflog',
  12 => 'total',
) ]
[ info ] [ LOG ] INIT File

---------------------------------------------------------------
[ 2017-04-12T20:44:18+08:00 ] 127.0.0.7 127.0.0.1 GET /index/lists/index.html?id=1
[ log ] tp5.o2o.com/index/lists/index.html?id=1 [运行时间：0.295929s][吞吐率：3.38req/s] [内存消耗：5,251.19kb] [文件加载：63]
[ info ] [ LANG ] F:\study\o2o\thinkphp\lang\zh-cn.php
[ info ] [ ROUTE ] array (
  'type' => 'module',
  'module' => 
  array (
    0 => 'index',
    1 => 'lists',
    2 => 'index',
  ),
)
[ info ] [ HEADER ] array (
  'host' => 'tp5.o2o.com',
  'connection' => 'keep-alive',
  'user-agent' => 'Mozilla/5.0 (Windows NT 10.0; Win64; x64) AppleWebKit/537.36 (KHTML, like Gecko) Chrome/56.0.2924.87 Safari/537.36',
  'accept' => 'image/webp,image/*,*/*;q=0.8',
  'referer' => 'http://tp5.o2o.com/index/lists/index.html?id=1',
  'accept-encoding' => 'gzip, deflate, sdch',
  'accept-language' => 'zh-CN,zh;q=0.8',
  'cookie' => 'pgv_pvi=6643005440; Huiskin=default; PHPSESSID=q4vfjvknqfceji7ubque7k5o03',
)
[ info ] [ PARAM ] array (
  'id' => '1',
)
[ info ] [ CACHE ] INIT redis
[ info ] [ DB ] INIT mysql
[ info ] [ SESSION ] INIT array (
  'prefix' => 'module',
  'type' => 'redis',
  'auto_start' => true,
  'host' => '127.0.0.1',
  'port' => 6379,
  'password' => '',
)
[ info ] [ RUN ] app\index\controller\Lists->index[ F:\study\o2o\application\index\controller\Lists.php ]
[ info ] [ VIEW ] F:\study\o2o\public/../application/index\view\lists\index.html [ array (
  0 => 'citys',
  1 => 'city',
  2 => 'user',
  3 => 'controller',
  4 => 'cates',
  5 => 'featured',
  6 => 'title',
  7 => 'parent_id',
  8 => 'listCates',
  9 => 'cateid',
  10 => 'deals',
  11 => 'orderflog',
  12 => 'total',
) ]
[ info ] [ LOG ] INIT File

---------------------------------------------------------------
[ 2017-04-12T22:41:13+08:00 ] 127.0.0.7 127.0.0.1 GET /admin
[ log ] tp5.o2o.com/admin [运行时间：0.122047s][吞吐率：8.19req/s] [内存消耗：2,781.41kb] [文件加载：46]
[ info ] [ LANG ] F:\study\o2o\thinkphp\lang\zh-cn.php
[ info ] [ ROUTE ] array (
  'type' => 'module',
  'module' => 
  array (
    0 => 'admin',
    1 => NULL,
    2 => NULL,
  ),
)
[ info ] [ HEADER ] array (
  'host' => 'tp5.o2o.com',
  'connection' => 'keep-alive',
  'upgrade-insecure-requests' => '1',
  'user-agent' => 'Mozilla/5.0 (Windows NT 10.0; Win64; x64) AppleWebKit/537.36 (KHTML, like Gecko) Chrome/56.0.2924.87 Safari/537.36',
  'accept' => 'text/html,application/xhtml+xml,application/xml;q=0.9,image/webp,*/*;q=0.8',
  'accept-encoding' => 'gzip, deflate, sdch',
  'accept-language' => 'zh-CN,zh;q=0.8',
  'cookie' => 'pgv_pvi=6643005440; Huiskin=default; PHPSESSID=q4vfjvknqfceji7ubque7k5o03',
)
[ info ] [ PARAM ] array (
)
[ info ] [ SESSION ] INIT array (
  'prefix' => 'module',
  'type' => 'redis',
  'auto_start' => true,
  'host' => '127.0.0.1',
  'port' => 6379,
  'password' => '',
)
[ info ] [ LOG ] INIT File

---------------------------------------------------------------
[ 2017-04-12T22:41:13+08:00 ] 127.0.0.7 127.0.0.1 GET /admin/admin/login.html
[ log ] tp5.o2o.com/admin/admin/login.html [运行时间：0.119097s][吞吐率：8.40req/s] [内存消耗：2,772.09kb] [文件加载：44]
[ info ] [ LANG ] F:\study\o2o\thinkphp\lang\zh-cn.php
[ info ] [ ROUTE ] array (
  'type' => 'module',
  'module' => 
  array (
    0 => 'admin',
    1 => 'admin',
    2 => 'login',
  ),
)
[ info ] [ HEADER ] array (
  'host' => 'tp5.o2o.com',
  'connection' => 'keep-alive',
  'upgrade-insecure-requests' => '1',
  'user-agent' => 'Mozilla/5.0 (Windows NT 10.0; Win64; x64) AppleWebKit/537.36 (KHTML, like Gecko) Chrome/56.0.2924.87 Safari/537.36',
  'accept' => 'text/html,application/xhtml+xml,application/xml;q=0.9,image/webp,*/*;q=0.8',
  'accept-encoding' => 'gzip, deflate, sdch',
  'accept-language' => 'zh-CN,zh;q=0.8',
  'cookie' => 'pgv_pvi=6643005440; Huiskin=default; PHPSESSID=q4vfjvknqfceji7ubque7k5o03',
)
[ info ] [ PARAM ] array (
)
[ info ] [ RUN ] app\admin\controller\Admin->login[ F:\study\o2o\application\admin\controller\Admin.php ]
[ info ] [ SESSION ] INIT array (
  'prefix' => 'module',
  'type' => 'redis',
  'auto_start' => true,
  'host' => '127.0.0.1',
  'port' => 6379,
  'password' => '',
)
[ info ] [ VIEW ] F:\study\o2o\public/../application/admin\view\admin\login.html [ array (
) ]
[ info ] [ LOG ] INIT File

---------------------------------------------------------------
[ 2017-04-12T22:41:14+08:00 ] 127.0.0.7 127.0.0.1 GET /captcha.html
[ log ] tp5.o2o.com/captcha.html [运行时间：0.523299s][吞吐率：1.91req/s] [内存消耗：2,204.42kb] [文件加载：37]
[ info ] [ LANG ] F:\study\o2o\thinkphp\lang\zh-cn.php
[ info ] [ ROUTE ] array (
  'type' => 'method',
  'method' => 
  array (
    0 => '\\think\\captcha\\CaptchaController',
    1 => 'index',
  ),
  'var' => 
  array (
  ),
)
[ info ] [ HEADER ] array (
  'host' => 'tp5.o2o.com',
  'connection' => 'keep-alive',
  'user-agent' => 'Mozilla/5.0 (Windows NT 10.0; Win64; x64) AppleWebKit/537.36 (KHTML, like Gecko) Chrome/56.0.2924.87 Safari/537.36',
  'accept' => 'image/webp,image/*,*/*;q=0.8',
  'referer' => 'http://tp5.o2o.com/admin/admin/login.html',
  'accept-encoding' => 'gzip, deflate, sdch',
  'accept-language' => 'zh-CN,zh;q=0.8',
  'cookie' => 'pgv_pvi=6643005440; Huiskin=default; PHPSESSID=q4vfjvknqfceji7ubque7k5o03',
)
[ info ] [ PARAM ] array (
  'id' => NULL,
)
[ info ] [ RUN ] think\captcha\CaptchaController->index[ F:\study\o2o\vendor\topthink\think-captcha\src\CaptchaController.php ]
[ info ] [ SESSION ] INIT array (
  'prefix' => 'module',
  'type' => 'redis',
  'auto_start' => true,
  'host' => '127.0.0.1',
  'port' => 6379,
  'password' => '',
)
[ info ] [ LOG ] INIT File

---------------------------------------------------------------
[ 2017-04-12T22:41:25+08:00 ] 127.0.0.7 127.0.0.1 POST /admin/admin/login.html
[ log ] tp5.o2o.com/admin/admin/login.html [运行时间：0.147237s][吞吐率：6.79req/s] [内存消耗：2,752.03kb] [文件加载：46]
[ info ] [ LANG ] F:\study\o2o\thinkphp\lang\zh-cn.php
[ info ] [ ROUTE ] array (
  'type' => 'module',
  'module' => 
  array (
    0 => 'admin',
    1 => 'admin',
    2 => 'login',
  ),
)
[ info ] [ HEADER ] array (
  'host' => 'tp5.o2o.com',
  'connection' => 'keep-alive',
  'content-length' => '36',
  'accept' => '*/*',
  'origin' => 'http://tp5.o2o.com',
  'x-requested-with' => 'XMLHttpRequest',
  'user-agent' => 'Mozilla/5.0 (Windows NT 10.0; Win64; x64) AppleWebKit/537.36 (KHTML, like Gecko) Chrome/56.0.2924.87 Safari/537.36',
  'content-type' => 'application/x-www-form-urlencoded; charset=UTF-8',
  'referer' => 'http://tp5.o2o.com/admin/admin/login.html',
  'accept-encoding' => 'gzip, deflate',
  'accept-language' => 'zh-CN,zh;q=0.8',
  'cookie' => 'pgv_pvi=6643005440; Huiskin=default; PHPSESSID=q4vfjvknqfceji7ubque7k5o03',
)
[ info ] [ PARAM ] array (
  'username' => '刘中林',
)
[ info ] [ RUN ] app\admin\controller\Admin->login[ F:\study\o2o\application\admin\controller\Admin.php ]
[ info ] [ SESSION ] INIT array (
  'prefix' => 'module',
  'type' => 'redis',
  'auto_start' => true,
  'host' => '127.0.0.1',
  'port' => 6379,
  'password' => '',
)
[ info ] [ LOG ] INIT File
[ error ] [8]未定义数组索引: verifyCode[F:\study\o2o\application\admin\controller\Admin.php:20]

---------------------------------------------------------------
[ 2017-04-12T22:41:38+08:00 ] 127.0.0.7 127.0.0.1 POST /admin/admin/login.html
[ log ] tp5.o2o.com/admin/admin/login.html [运行时间：0.273525s][吞吐率：3.66req/s] [内存消耗：4,767.85kb] [文件加载：58]
[ info ] [ LANG ] F:\study\o2o\thinkphp\lang\zh-cn.php
[ info ] [ ROUTE ] array (
  'type' => 'module',
  'module' => 
  array (
    0 => 'admin',
    1 => 'admin',
    2 => 'login',
  ),
)
[ info ] [ HEADER ] array (
  'host' => 'tp5.o2o.com',
  'connection' => 'keep-alive',
  'content-length' => '69',
  'accept' => '*/*',
  'origin' => 'http://tp5.o2o.com',
  'x-requested-with' => 'XMLHttpRequest',
  'user-agent' => 'Mozilla/5.0 (Windows NT 10.0; Win64; x64) AppleWebKit/537.36 (KHTML, like Gecko) Chrome/56.0.2924.87 Safari/537.36',
  'content-type' => 'application/x-www-form-urlencoded; charset=UTF-8',
  'referer' => 'http://tp5.o2o.com/admin/admin/login.html',
  'accept-encoding' => 'gzip, deflate',
  'accept-language' => 'zh-CN,zh;q=0.8',
  'cookie' => 'pgv_pvi=6643005440; Huiskin=default; PHPSESSID=q4vfjvknqfceji7ubque7k5o03',
)
[ info ] [ PARAM ] array (
  'username' => '刘中林',
  'password' => '123456',
  'verifyCode' => 'yfh7f',
)
[ info ] [ RUN ] app\admin\controller\Admin->login[ F:\study\o2o\application\admin\controller\Admin.php ]
[ info ] [ SESSION ] INIT array (
  'prefix' => 'module',
  'type' => 'redis',
  'auto_start' => true,
  'host' => '127.0.0.1',
  'port' => 6379,
  'password' => '',
)
[ info ] [ DB ] INIT mysql
[ info ] [ CACHE ] INIT redis
[ info ] [ LOG ] INIT File

---------------------------------------------------------------
[ 2017-04-12T22:41:40+08:00 ] 127.0.0.7 127.0.0.1 GET /admin/index/index.html
[ log ] tp5.o2o.com/admin/index/index.html [运行时间：0.159732s][吞吐率：6.26req/s] [内存消耗：3,260.40kb] [文件加载：47]
[ info ] [ LANG ] F:\study\o2o\thinkphp\lang\zh-cn.php
[ info ] [ ROUTE ] array (
  'type' => 'module',
  'module' => 
  array (
    0 => 'admin',
    1 => 'index',
    2 => 'index',
  ),
)
[ info ] [ HEADER ] array (
  'host' => 'tp5.o2o.com',
  'connection' => 'keep-alive',
  'upgrade-insecure-requests' => '1',
  'user-agent' => 'Mozilla/5.0 (Windows NT 10.0; Win64; x64) AppleWebKit/537.36 (KHTML, like Gecko) Chrome/56.0.2924.87 Safari/537.36',
  'accept' => 'text/html,application/xhtml+xml,application/xml;q=0.9,image/webp,*/*;q=0.8',
  'referer' => 'http://tp5.o2o.com/admin/admin/login.html',
  'accept-encoding' => 'gzip, deflate, sdch',
  'accept-language' => 'zh-CN,zh;q=0.8',
  'cookie' => 'pgv_pvi=6643005440; Huiskin=default; PHPSESSID=q4vfjvknqfceji7ubque7k5o03',
)
[ info ] [ PARAM ] array (
)
[ info ] [ SESSION ] INIT array (
  'prefix' => 'module',
  'type' => 'redis',
  'auto_start' => true,
  'host' => '127.0.0.1',
  'port' => 6379,
  'password' => '',
)
[ info ] [ RUN ] app\admin\controller\Index->index[ F:\study\o2o\application\admin\controller\Index.php ]
[ info ] [ VIEW ] F:\study\o2o\public/../application/admin\view\index\index.html [ array (
  0 => 'isSuper',
  1 => 'user',
) ]
[ info ] [ LOG ] INIT File

---------------------------------------------------------------
[ 2017-04-12T22:41:40+08:00 ] 127.0.0.7 127.0.0.1 GET /admin/index/welcome.html
[ log ] tp5.o2o.com/admin/index/welcome.html [运行时间：0.158218s][吞吐率：6.32req/s] [内存消耗：3,144.70kb] [文件加载：45]
[ info ] [ LANG ] F:\study\o2o\thinkphp\lang\zh-cn.php
[ info ] [ ROUTE ] array (
  'type' => 'module',
  'module' => 
  array (
    0 => 'admin',
    1 => 'index',
    2 => 'welcome',
  ),
)
[ info ] [ HEADER ] array (
  'host' => 'tp5.o2o.com',
  'connection' => 'keep-alive',
  'upgrade-insecure-requests' => '1',
  'user-agent' => 'Mozilla/5.0 (Windows NT 10.0; Win64; x64) AppleWebKit/537.36 (KHTML, like Gecko) Chrome/56.0.2924.87 Safari/537.36',
  'accept' => 'text/html,application/xhtml+xml,application/xml;q=0.9,image/webp,*/*;q=0.8',
  'referer' => 'http://tp5.o2o.com/admin/index/index.html',
  'accept-encoding' => 'gzip, deflate, sdch',
  'accept-language' => 'zh-CN,zh;q=0.8',
  'cookie' => 'pgv_pvi=6643005440; Huiskin=default; PHPSESSID=q4vfjvknqfceji7ubque7k5o03',
)
[ info ] [ PARAM ] array (
)
[ info ] [ SESSION ] INIT array (
  'prefix' => 'module',
  'type' => 'redis',
  'auto_start' => true,
  'host' => '127.0.0.1',
  'port' => 6379,
  'password' => '',
)
[ info ] [ RUN ] app\admin\controller\Index->welcome[ F:\study\o2o\application\admin\controller\Index.php ]
[ info ] [ LOG ] INIT File

---------------------------------------------------------------
[ 2017-04-12T22:41:44+08:00 ] 127.0.0.7 127.0.0.1 GET /admin/admin/add.html
[ log ] tp5.o2o.com/admin/admin/add.html [运行时间：0.117433s][吞吐率：8.52req/s] [内存消耗：2,730.81kb] [文件加载：43]
[ info ] [ LANG ] F:\study\o2o\thinkphp\lang\zh-cn.php
[ info ] [ ROUTE ] array (
  'type' => 'module',
  'module' => 
  array (
    0 => 'admin',
    1 => 'admin',
    2 => 'add',
  ),
)
[ info ] [ HEADER ] array (
  'host' => 'tp5.o2o.com',
  'connection' => 'keep-alive',
  'upgrade-insecure-requests' => '1',
  'user-agent' => 'Mozilla/5.0 (Windows NT 10.0; Win64; x64) AppleWebKit/537.36 (KHTML, like Gecko) Chrome/56.0.2924.87 Safari/537.36',
  'accept' => 'text/html,application/xhtml+xml,application/xml;q=0.9,image/webp,*/*;q=0.8',
  'referer' => 'http://tp5.o2o.com/admin/index/index.html',
  'accept-encoding' => 'gzip, deflate, sdch',
  'accept-language' => 'zh-CN,zh;q=0.8',
  'cookie' => 'pgv_pvi=6643005440; Huiskin=default; PHPSESSID=q4vfjvknqfceji7ubque7k5o03',
)
[ info ] [ PARAM ] array (
)
[ info ] [ RUN ] app\admin\controller\Admin->add[ F:\study\o2o\application\admin\controller\Admin.php ]
[ info ] [ VIEW ] F:\study\o2o\public/../application/admin\view\admin\add.html [ array (
) ]
[ info ] [ LOG ] INIT File

---------------------------------------------------------------
[ 2017-04-12T22:42:14+08:00 ] 127.0.0.7 127.0.0.1 GET /admin/category/index.html
[ log ] tp5.o2o.com/admin/category/index.html [运行时间：0.269768s][吞吐率：3.71req/s] [内存消耗：4,818.53kb] [文件加载：57]
[ info ] [ LANG ] F:\study\o2o\thinkphp\lang\zh-cn.php
[ info ] [ ROUTE ] array (
  'type' => 'module',
  'module' => 
  array (
    0 => 'admin',
    1 => 'category',
    2 => 'index',
  ),
)
[ info ] [ HEADER ] array (
  'host' => 'tp5.o2o.com',
  'connection' => 'keep-alive',
  'upgrade-insecure-requests' => '1',
  'user-agent' => 'Mozilla/5.0 (Windows NT 10.0; Win64; x64) AppleWebKit/537.36 (KHTML, like Gecko) Chrome/56.0.2924.87 Safari/537.36',
  'accept' => 'text/html,application/xhtml+xml,application/xml;q=0.9,image/webp,*/*;q=0.8',
  'referer' => 'http://tp5.o2o.com/admin/index/index.html',
  'accept-encoding' => 'gzip, deflate, sdch',
  'accept-language' => 'zh-CN,zh;q=0.8',
  'cookie' => 'pgv_pvi=6643005440; Huiskin=default; PHPSESSID=q4vfjvknqfceji7ubque7k5o03',
)
[ info ] [ PARAM ] array (
)
[ info ] [ DB ] INIT mysql
[ info ] [ RUN ] app\admin\controller\Category->index[ F:\study\o2o\application\admin\controller\Category.php ]
[ info ] [ VIEW ] F:\study\o2o\public/../application/admin\view\category\index.html [ array (
  0 => 'cates',
) ]
[ info ] [ LOG ] INIT File

---------------------------------------------------------------
[ 2017-04-12T22:42:16+08:00 ] 127.0.0.7 127.0.0.1 GET /admin/category/add.html
[ log ] tp5.o2o.com/admin/category/add.html [运行时间：0.252928s][吞吐率：3.95req/s] [内存消耗：4,621.83kb] [文件加载：54]
[ info ] [ LANG ] F:\study\o2o\thinkphp\lang\zh-cn.php
[ info ] [ ROUTE ] array (
  'type' => 'module',
  'module' => 
  array (
    0 => 'admin',
    1 => 'category',
    2 => 'add',
  ),
)
[ info ] [ HEADER ] array (
  'host' => 'tp5.o2o.com',
  'connection' => 'keep-alive',
  'upgrade-insecure-requests' => '1',
  'user-agent' => 'Mozilla/5.0 (Windows NT 10.0; Win64; x64) AppleWebKit/537.36 (KHTML, like Gecko) Chrome/56.0.2924.87 Safari/537.36',
  'accept' => 'text/html,application/xhtml+xml,application/xml;q=0.9,image/webp,*/*;q=0.8',
  'referer' => 'http://tp5.o2o.com/admin/category/index.html',
  'accept-encoding' => 'gzip, deflate, sdch',
  'accept-language' => 'zh-CN,zh;q=0.8',
  'cookie' => 'pgv_pvi=6643005440; Huiskin=default; PHPSESSID=q4vfjvknqfceji7ubque7k5o03',
)
[ info ] [ PARAM ] array (
)
[ info ] [ DB ] INIT mysql
[ info ] [ RUN ] app\admin\controller\Category->add[ F:\study\o2o\application\admin\controller\Category.php ]
[ info ] [ VIEW ] F:\study\o2o\public/../application/admin\view\category\add.html [ array (
  0 => 'cates',
) ]
[ info ] [ LOG ] INIT File

---------------------------------------------------------------
