[ 2017-04-13T00:56:35+08:00 ] [ sql ] [ DB ] CONNECT:[ UseTime:0.016440s ] mysql:dbname=mooc_o2o;host=127.0.0.1;port=3306;charset=utf8
[ sql ] [ SQL ] SHOW COLUMNS FROM `o2o_admin` [ RunTime:0.021636s ]
[ sql ] [ SQL ] SELECT * FROM `o2o_admin` WHERE  `username` = '刘中林' LIMIT 1 [ RunTime:0.000816s ]
[ sql ] [ SQL ] UPDATE `o2o_admin`  SET `last_login_time`=1492016195,`update_time`=1492016195  WHERE  `id` = 1 [ RunTime:0.094581s ]

---------------------------------------------------------------
[ 2017-04-13T00:56:42+08:00 ] [ sql ] [ DB ] CONNECT:[ UseTime:0.016646s ] mysql:dbname=mooc_o2o;host=127.0.0.1;port=3306;charset=utf8
[ sql ] [ SQL ] SHOW COLUMNS FROM `o2o_category` [ RunTime:0.023635s ]
[ sql ] [ SQL ] SELECT COUNT(*) AS tp_count FROM `o2o_category` WHERE  `parent_id` = 0  AND `status` <> -1 LIMIT 1 [ RunTime:0.000784s ]
[ sql ] [ SQL ] SELECT * FROM `o2o_category` WHERE  `parent_id` = 0  AND `status` <> -1 ORDER BY `listorder`  desc LIMIT 0,15 [ RunTime:0.000725s ]

---------------------------------------------------------------
[ 2017-04-13T00:57:21+08:00 ] [ sql ] [ DB ] CONNECT:[ UseTime:0.001873s ] mysql:dbname=mooc_o2o;host=127.0.0.1;port=3306;charset=utf8
[ sql ] [ SQL ] SHOW COLUMNS FROM `o2o_category` [ RunTime:0.030324s ]
[ sql ] [ SQL ] SELECT COUNT(*) AS tp_count FROM `o2o_category` WHERE  `parent_id` = 0  AND `status` <> -1 LIMIT 1 [ RunTime:0.001448s ]
[ sql ] [ SQL ] SELECT * FROM `o2o_category` WHERE  `parent_id` = 0  AND `status` <> -1 ORDER BY `listorder`  desc LIMIT 0,3 [ RunTime:0.001188s ]

---------------------------------------------------------------
[ 2017-04-13T01:08:12+08:00 ] [ sql ] [ DB ] CONNECT:[ UseTime:0.064084s ] mysql:dbname=mooc_o2o;host=127.0.0.1;port=3306;charset=utf8
[ sql ] [ SQL ] SHOW COLUMNS FROM `o2o_category` [ RunTime:0.023679s ]
[ sql ] [ SQL ] SELECT COUNT(*) AS tp_count FROM `o2o_category` WHERE  `parent_id` = 0  AND `status` <> -1 LIMIT 1 [ RunTime:0.001005s ]
[ sql ] [ SQL ] SELECT * FROM `o2o_category` WHERE  `parent_id` = 0  AND `status` <> -1 ORDER BY `listorder`  desc LIMIT 0,3 [ RunTime:0.001101s ]

---------------------------------------------------------------
[ 2017-04-13T01:11:17+08:00 ] [ sql ] [ DB ] CONNECT:[ UseTime:0.011926s ] mysql:dbname=mooc_o2o;host=127.0.0.1;port=3306;charset=utf8
[ sql ] [ SQL ] SHOW COLUMNS FROM `o2o_category` [ RunTime:0.026570s ]
[ sql ] [ SQL ] SELECT COUNT(*) AS tp_count FROM `o2o_category` WHERE  `parent_id` = 0  AND `status` <> -1 LIMIT 1 [ RunTime:0.000799s ]
[ sql ] [ SQL ] SELECT * FROM `o2o_category` WHERE  `parent_id` = 0  AND `status` <> -1 ORDER BY `listorder`  desc LIMIT 0,3 [ RunTime:0.000913s ]

---------------------------------------------------------------
[ 2017-04-13T01:11:29+08:00 ] [ sql ] [ DB ] CONNECT:[ UseTime:0.044821s ] mysql:dbname=mooc_o2o;host=127.0.0.1;port=3306;charset=utf8
[ sql ] [ SQL ] SHOW COLUMNS FROM `o2o_category` [ RunTime:0.105464s ]
[ sql ] [ SQL ] SELECT COUNT(*) AS tp_count FROM `o2o_category` WHERE  `parent_id` = 0  AND `status` <> -1 LIMIT 1 [ RunTime:0.001500s ]
[ sql ] [ SQL ] SELECT * FROM `o2o_category` WHERE  `parent_id` = 0  AND `status` <> -1 ORDER BY `listorder`  desc LIMIT 0,3 [ RunTime:0.001393s ]

---------------------------------------------------------------
[ 2017-04-13T01:13:52+08:00 ] [ sql ] [ DB ] CONNECT:[ UseTime:0.101468s ] mysql:dbname=mooc_o2o;host=127.0.0.1;port=3306;charset=utf8
[ sql ] [ SQL ] SHOW COLUMNS FROM `o2o_category` [ RunTime:0.024321s ]
[ sql ] [ SQL ] SELECT COUNT(*) AS tp_count FROM `o2o_category` WHERE  `parent_id` = 0  AND `status` <> -1 LIMIT 1 [ RunTime:0.000782s ]
[ sql ] [ SQL ] SELECT * FROM `o2o_category` WHERE  `parent_id` = 0  AND `status` <> -1 ORDER BY `listorder`  desc LIMIT 0,3 [ RunTime:0.000711s ]

---------------------------------------------------------------
[ 2017-04-13T11:42:02+08:00 ] [ sql ] [ DB ] CONNECT:[ UseTime:0.070882s ] mysql:dbname=mooc_o2o;host=127.0.0.1;port=3306;charset=utf8
[ sql ] [ SQL ] SHOW COLUMNS FROM `o2o_admin` [ RunTime:0.113476s ]
[ sql ] [ SQL ] SELECT * FROM `o2o_admin` WHERE  `username` = '刘中林' LIMIT 1 [ RunTime:0.020721s ]
[ sql ] [ SQL ] UPDATE `o2o_admin`  SET `last_login_time`=1492054922,`update_time`=1492054921  WHERE  `id` = 1 [ RunTime:0.105230s ]

---------------------------------------------------------------
[ 2017-04-13T11:42:14+08:00 ] [ sql ] [ DB ] CONNECT:[ UseTime:0.001643s ] mysql:dbname=mooc_o2o;host=127.0.0.1;port=3306;charset=utf8
[ sql ] [ SQL ] SHOW COLUMNS FROM `o2o_citys` [ RunTime:0.057974s ]
[ sql ] [ SQL ] SELECT COUNT(*) AS tp_count FROM `o2o_citys` WHERE  `parent_id` = 0  AND `status` <> -1 LIMIT 1 [ RunTime:0.036642s ]
[ sql ] [ SQL ] SELECT * FROM `o2o_citys` WHERE  `parent_id` = 0  AND `status` <> -1 ORDER BY `listorder`  desc LIMIT 0,2 [ RunTime:0.001422s ]

---------------------------------------------------------------
[ 2017-04-13T11:42:20+08:00 ] [ sql ] [ DB ] CONNECT:[ UseTime:0.011162s ] mysql:dbname=mooc_o2o;host=127.0.0.1;port=3306;charset=utf8
[ sql ] [ SQL ] SHOW COLUMNS FROM `o2o_citys` [ RunTime:0.023504s ]
[ sql ] [ SQL ] SELECT * FROM `o2o_citys` WHERE  `parent_id` = 0  AND `status` <> -1 ORDER BY `listorder`  desc [ RunTime:0.001101s ]

---------------------------------------------------------------
[ 2017-04-13T11:42:31+08:00 ] [ sql ] [ DB ] CONNECT:[ UseTime:0.001400s ] mysql:dbname=mooc_o2o;host=127.0.0.1;port=3306;charset=utf8
[ sql ] [ SQL ] SHOW COLUMNS FROM `o2o_user` [ RunTime:0.093380s ]
[ sql ] [ SQL ] SELECT COUNT(*) AS tp_count FROM `o2o_user` WHERE  `status` <> -1 LIMIT 1 [ RunTime:0.000709s ]
[ sql ] [ SQL ] SELECT * FROM `o2o_user` WHERE  `status` <> -1 LIMIT 0,2 [ RunTime:0.000745s ]

---------------------------------------------------------------
[ 2017-04-13T11:46:12+08:00 ] [ sql ] [ DB ] CONNECT:[ UseTime:0.001628s ] mysql:dbname=mooc_o2o;host=127.0.0.1;port=3306;charset=utf8
[ sql ] [ SQL ] SHOW COLUMNS FROM `o2o_user` [ RunTime:0.023288s ]
[ sql ] [ SQL ] SELECT COUNT(*) AS tp_count FROM `o2o_user` WHERE  `status` <> -1 LIMIT 1 [ RunTime:0.000665s ]
[ sql ] [ SQL ] SELECT * FROM `o2o_user` WHERE  `status` <> -1 LIMIT 0,2 [ RunTime:0.001355s ]

---------------------------------------------------------------
[ 2017-04-13T11:46:39+08:00 ] [ sql ] [ DB ] CONNECT:[ UseTime:0.001591s ] mysql:dbname=mooc_o2o;host=127.0.0.1;port=3306;charset=utf8
[ sql ] [ SQL ] SHOW COLUMNS FROM `o2o_user` [ RunTime:0.021724s ]
[ sql ] [ SQL ] SELECT COUNT(*) AS tp_count FROM `o2o_user` WHERE  `status` <> -1 LIMIT 1 [ RunTime:0.000852s ]
[ sql ] [ SQL ] SELECT * FROM `o2o_user` WHERE  `status` <> -1 LIMIT 0,2 [ RunTime:0.000733s ]

---------------------------------------------------------------
[ 2017-04-13T11:48:26+08:00 ] [ sql ] [ DB ] CONNECT:[ UseTime:0.011150s ] mysql:dbname=mooc_o2o;host=127.0.0.1;port=3306;charset=utf8
[ sql ] [ SQL ] SHOW COLUMNS FROM `o2o_deal` [ RunTime:0.110216s ]
[ sql ] [ SQL ] SELECT COUNT(*) AS tp_count FROM `o2o_deal` WHERE  `status` = 0 LIMIT 1 [ RunTime:0.001205s ]
[ sql ] [ SQL ] SELECT * FROM `o2o_deal` WHERE  `status` = 0 LIMIT 0,15 [ RunTime:0.001293s ]
[ sql ] [ SQL ] SHOW COLUMNS FROM `o2o_citys` [ RunTime:0.020709s ]
[ sql ] [ SQL ] SELECT * FROM `o2o_citys` WHERE  `parent_id` = 0  AND `status` <> -1 ORDER BY `listorder`  desc [ RunTime:0.000865s ]
[ sql ] [ SQL ] SHOW COLUMNS FROM `o2o_category` [ RunTime:0.070535s ]
[ sql ] [ SQL ] SELECT * FROM `o2o_category` WHERE  `parent_id` = 0  AND `status` = 1 ORDER BY `id`  desc [ RunTime:0.001236s ]

---------------------------------------------------------------
[ 2017-04-13T11:48:28+08:00 ] [ sql ] [ DB ] CONNECT:[ UseTime:0.001614s ] mysql:dbname=mooc_o2o;host=127.0.0.1;port=3306;charset=utf8
[ sql ] [ SQL ] SHOW COLUMNS FROM `o2o_deal` [ RunTime:0.022137s ]
[ sql ] [ SQL ] SELECT COUNT(*) AS tp_count FROM `o2o_deal` WHERE  `status` = 1 LIMIT 1 [ RunTime:0.001542s ]
[ sql ] [ SQL ] SELECT * FROM `o2o_deal` WHERE  `status` = 1 LIMIT 0,15 [ RunTime:0.001123s ]
[ sql ] [ SQL ] SHOW COLUMNS FROM `o2o_citys` [ RunTime:0.022922s ]
[ sql ] [ SQL ] SELECT * FROM `o2o_citys` WHERE  `parent_id` = 0  AND `status` <> -1 ORDER BY `listorder`  desc [ RunTime:0.001431s ]
[ sql ] [ SQL ] SHOW COLUMNS FROM `o2o_category` [ RunTime:0.023580s ]
[ sql ] [ SQL ] SELECT * FROM `o2o_category` WHERE  `parent_id` = 0  AND `status` = 1 ORDER BY `id`  desc [ RunTime:0.001072s ]

---------------------------------------------------------------
[ 2017-04-13T11:49:05+08:00 ] [ sql ] [ DB ] CONNECT:[ UseTime:0.001132s ] mysql:dbname=mooc_o2o;host=127.0.0.1;port=3306;charset=utf8
[ sql ] [ SQL ] SHOW COLUMNS FROM `o2o_deal` [ RunTime:0.022958s ]
[ sql ] [ SQL ] SELECT COUNT(*) AS tp_count FROM `o2o_deal` WHERE  `status` = 1 LIMIT 1 [ RunTime:0.000648s ]
[ sql ] [ SQL ] SELECT * FROM `o2o_deal` WHERE  `status` = 1 LIMIT 0,15 [ RunTime:0.000879s ]
[ sql ] [ SQL ] SHOW COLUMNS FROM `o2o_citys` [ RunTime:0.021322s ]
[ sql ] [ SQL ] SELECT * FROM `o2o_citys` WHERE  `parent_id` = 0  AND `status` <> -1 ORDER BY `listorder`  desc [ RunTime:0.001234s ]
[ sql ] [ SQL ] SHOW COLUMNS FROM `o2o_category` [ RunTime:0.024039s ]
[ sql ] [ SQL ] SELECT * FROM `o2o_category` WHERE  `parent_id` = 0  AND `status` = 1 ORDER BY `id`  desc [ RunTime:0.000840s ]

---------------------------------------------------------------
[ 2017-04-13T11:50:13+08:00 ] [ sql ] [ DB ] CONNECT:[ UseTime:0.001732s ] mysql:dbname=mooc_o2o;host=127.0.0.1;port=3306;charset=utf8
[ sql ] [ SQL ] SHOW COLUMNS FROM `o2o_category` [ RunTime:0.023031s ]
[ sql ] [ SQL ] SELECT * FROM `o2o_category` WHERE  `parent_id` = 0  AND `status` = 1 ORDER BY `listorder`  desc LIMIT 5 [ RunTime:0.001227s ]
[ sql ] [ SQL ] SELECT * FROM `o2o_category` WHERE  `parent_id` IN (6,2,1,5,8)  AND `status` = 1 ORDER BY `listorder`  desc [ RunTime:0.024456s ]
[ sql ] [ SQL ] SHOW COLUMNS FROM `o2o_featured` [ RunTime:0.129625s ]
[ sql ] [ SQL ] SELECT * FROM `o2o_featured` WHERE  `status` = 1 [ RunTime:0.001775s ]
[ sql ] [ SQL ] SHOW COLUMNS FROM `o2o_deal` [ RunTime:0.023484s ]
[ sql ] [ SQL ] SELECT * FROM `o2o_deal` WHERE  `status` = 1  AND `category_id` = 1  AND `end_time` > 1492055413  AND `city_id` = 5 ORDER BY `listorder`  desc,`id`  desc LIMIT 10 [ RunTime:0.011850s ]
[ sql ] [ SQL ] SELECT * FROM `o2o_category` WHERE  (  parent_id=1 ) LIMIT 5 [ RunTime:0.001019s ]
[ sql ] [ SQL ] SELECT * FROM `o2o_category` WHERE  `id` = 1 LIMIT 1 [ RunTime:0.000917s ]
[ sql ] [ SQL ] SELECT * FROM `o2o_deal` WHERE  `status` = 1  AND `category_id` = 2  AND `end_time` > 1492055413  AND `city_id` = 5 ORDER BY `listorder`  desc,`id`  desc LIMIT 10 [ RunTime:0.001361s ]
[ sql ] [ SQL ] SELECT * FROM `o2o_category` WHERE  (  parent_id=2 ) LIMIT 5 [ RunTime:0.000907s ]
[ sql ] [ SQL ] SELECT * FROM `o2o_category` WHERE  `id` = 2 LIMIT 1 [ RunTime:0.000856s ]

---------------------------------------------------------------
[ 2017-04-13T11:50:14+08:00 ] [ sql ] [ DB ] CONNECT:[ UseTime:0.001200s ] mysql:dbname=mooc_o2o;host=127.0.0.1;port=3306;charset=utf8
[ sql ] [ SQL ] SHOW COLUMNS FROM `o2o_featured` [ RunTime:0.018869s ]
[ sql ] [ SQL ] SELECT * FROM `o2o_featured` WHERE  `status` = 1 [ RunTime:0.000772s ]
[ sql ] [ SQL ] SHOW COLUMNS FROM `o2o_deal` [ RunTime:0.018908s ]
[ sql ] [ SQL ] SELECT * FROM `o2o_deal` WHERE  `status` = 1  AND `category_id` = 1  AND `end_time` > 1492055414  AND `city_id` = 5 ORDER BY `listorder`  desc,`id`  desc LIMIT 10 [ RunTime:0.000973s ]
[ sql ] [ SQL ] SHOW COLUMNS FROM `o2o_category` [ RunTime:0.018453s ]
[ sql ] [ SQL ] SELECT * FROM `o2o_category` WHERE  (  parent_id=1 ) LIMIT 5 [ RunTime:0.000846s ]
[ sql ] [ SQL ] SELECT * FROM `o2o_category` WHERE  `id` = 1 LIMIT 1 [ RunTime:0.000535s ]
[ sql ] [ SQL ] SELECT * FROM `o2o_deal` WHERE  `status` = 1  AND `category_id` = 2  AND `end_time` > 1492055414  AND `city_id` = 5 ORDER BY `listorder`  desc,`id`  desc LIMIT 10 [ RunTime:0.000864s ]
[ sql ] [ SQL ] SELECT * FROM `o2o_category` WHERE  (  parent_id=2 ) LIMIT 5 [ RunTime:0.000528s ]
[ sql ] [ SQL ] SELECT * FROM `o2o_category` WHERE  `id` = 2 LIMIT 1 [ RunTime:0.000499s ]

---------------------------------------------------------------
[ 2017-04-13T11:50:18+08:00 ] [ sql ] [ DB ] CONNECT:[ UseTime:0.001368s ] mysql:dbname=mooc_o2o;host=127.0.0.1;port=3306;charset=utf8
[ sql ] [ SQL ] SHOW COLUMNS FROM `o2o_featured` [ RunTime:0.021770s ]
[ sql ] [ SQL ] SELECT * FROM `o2o_featured` WHERE  `status` = 1 [ RunTime:0.001412s ]
[ sql ] [ SQL ] SHOW COLUMNS FROM `o2o_deal` [ RunTime:0.021481s ]
[ sql ] [ SQL ] SELECT * FROM `o2o_deal` WHERE  `status` = 1  AND `category_id` = 1  AND `end_time` > 1492055418  AND `city_id` = 4 ORDER BY `listorder`  desc,`id`  desc LIMIT 10 [ RunTime:0.001066s ]
[ sql ] [ SQL ] SHOW COLUMNS FROM `o2o_category` [ RunTime:0.021086s ]
[ sql ] [ SQL ] SELECT * FROM `o2o_category` WHERE  (  parent_id=1 ) LIMIT 5 [ RunTime:0.000949s ]
[ sql ] [ SQL ] SELECT * FROM `o2o_category` WHERE  `id` = 1 LIMIT 1 [ RunTime:0.000488s ]
[ sql ] [ SQL ] SELECT * FROM `o2o_deal` WHERE  `status` = 1  AND `category_id` = 2  AND `end_time` > 1492055418  AND `city_id` = 4 ORDER BY `listorder`  desc,`id`  desc LIMIT 10 [ RunTime:0.001329s ]
[ sql ] [ SQL ] SELECT * FROM `o2o_category` WHERE  (  parent_id=2 ) LIMIT 5 [ RunTime:0.000540s ]
[ sql ] [ SQL ] SELECT * FROM `o2o_category` WHERE  `id` = 2 LIMIT 1 [ RunTime:0.000471s ]

---------------------------------------------------------------
[ 2017-04-13T11:50:19+08:00 ] [ sql ] [ DB ] CONNECT:[ UseTime:0.006306s ] mysql:dbname=mooc_o2o;host=127.0.0.1;port=3306;charset=utf8
[ sql ] [ SQL ] SHOW COLUMNS FROM `o2o_featured` [ RunTime:0.020509s ]
[ sql ] [ SQL ] SELECT * FROM `o2o_featured` WHERE  `status` = 1 [ RunTime:0.000769s ]
[ sql ] [ SQL ] SHOW COLUMNS FROM `o2o_deal` [ RunTime:0.020698s ]
[ sql ] [ SQL ] SELECT * FROM `o2o_deal` WHERE  `status` = 1  AND `category_id` = 1  AND `end_time` > 1492055419  AND `city_id` = 4 ORDER BY `listorder`  desc,`id`  desc LIMIT 10 [ RunTime:0.001077s ]
[ sql ] [ SQL ] SHOW COLUMNS FROM `o2o_category` [ RunTime:0.021748s ]
[ sql ] [ SQL ] SELECT * FROM `o2o_category` WHERE  (  parent_id=1 ) LIMIT 5 [ RunTime:0.000737s ]
[ sql ] [ SQL ] SELECT * FROM `o2o_category` WHERE  `id` = 1 LIMIT 1 [ RunTime:0.000669s ]
[ sql ] [ SQL ] SELECT * FROM `o2o_deal` WHERE  `status` = 1  AND `category_id` = 2  AND `end_time` > 1492055419  AND `city_id` = 4 ORDER BY `listorder`  desc,`id`  desc LIMIT 10 [ RunTime:0.000853s ]
[ sql ] [ SQL ] SELECT * FROM `o2o_category` WHERE  (  parent_id=2 ) LIMIT 5 [ RunTime:0.000606s ]
[ sql ] [ SQL ] SELECT * FROM `o2o_category` WHERE  `id` = 2 LIMIT 1 [ RunTime:0.000493s ]

---------------------------------------------------------------
[ 2017-04-13T11:50:21+08:00 ] [ sql ] [ DB ] CONNECT:[ UseTime:0.010552s ] mysql:dbname=mooc_o2o;host=127.0.0.1;port=3306;charset=utf8
[ sql ] [ SQL ] SHOW COLUMNS FROM `o2o_featured` [ RunTime:0.061859s ]
[ sql ] [ SQL ] SELECT * FROM `o2o_featured` WHERE  `status` = 1 [ RunTime:0.001434s ]
[ sql ] [ SQL ] SHOW COLUMNS FROM `o2o_deal` [ RunTime:0.030125s ]
[ sql ] [ SQL ] SELECT * FROM `o2o_deal` WHERE  `id` = 3 LIMIT 1 [ RunTime:0.001565s ]
[ sql ] [ SQL ] SHOW COLUMNS FROM `o2o_category` [ RunTime:0.032063s ]
[ sql ] [ SQL ] SELECT * FROM `o2o_category` WHERE  `id` = 1 LIMIT 1 [ RunTime:0.000924s ]
[ sql ] [ SQL ] SHOW COLUMNS FROM `o2o_bis` [ RunTime:0.050816s ]
[ sql ] [ SQL ] SELECT `id`,`name`,`description` FROM `o2o_bis` WHERE  `id` = 1 LIMIT 1 [ RunTime:0.001035s ]
[ sql ] [ SQL ] SHOW COLUMNS FROM `o2o_bis_location` [ RunTime:0.078263s ]
[ sql ] [ SQL ] SELECT * FROM `o2o_bis_location` WHERE  `id` = 1  AND `status` = 1 ORDER BY `listorder`  desc [ RunTime:0.001266s ]

---------------------------------------------------------------
[ 2017-04-13T11:50:22+08:00 ] [ sql ] [ DB ] CONNECT:[ UseTime:0.001799s ] mysql:dbname=mooc_o2o;host=127.0.0.1;port=3306;charset=utf8
[ sql ] [ SQL ] SHOW COLUMNS FROM `o2o_featured` [ RunTime:0.027423s ]
[ sql ] [ SQL ] SELECT * FROM `o2o_featured` WHERE  `status` = 1 [ RunTime:0.000936s ]
[ sql ] [ SQL ] SHOW COLUMNS FROM `o2o_deal` [ RunTime:0.021885s ]
[ sql ] [ SQL ] SELECT * FROM `o2o_deal` WHERE  `id` = 3 LIMIT 1 [ RunTime:0.000831s ]
[ sql ] [ SQL ] SHOW COLUMNS FROM `o2o_category` [ RunTime:0.020885s ]
[ sql ] [ SQL ] SELECT * FROM `o2o_category` WHERE  `id` = 1 LIMIT 1 [ RunTime:0.000730s ]
[ sql ] [ SQL ] SHOW COLUMNS FROM `o2o_bis` [ RunTime:0.022197s ]
[ sql ] [ SQL ] SELECT `id`,`name`,`description` FROM `o2o_bis` WHERE  `id` = 1 LIMIT 1 [ RunTime:0.001036s ]
[ sql ] [ SQL ] SHOW COLUMNS FROM `o2o_bis_location` [ RunTime:0.023430s ]
[ sql ] [ SQL ] SELECT * FROM `o2o_bis_location` WHERE  `id` = 1  AND `status` = 1 ORDER BY `listorder`  desc [ RunTime:0.001047s ]

---------------------------------------------------------------
[ 2017-04-13T11:50:25+08:00 ] [ sql ] [ DB ] CONNECT:[ UseTime:0.001423s ] mysql:dbname=mooc_o2o;host=127.0.0.1;port=3306;charset=utf8
[ sql ] [ SQL ] SHOW COLUMNS FROM `o2o_featured` [ RunTime:0.024427s ]
[ sql ] [ SQL ] SELECT * FROM `o2o_featured` WHERE  `status` = 1 [ RunTime:0.001244s ]
[ sql ] [ SQL ] SHOW COLUMNS FROM `o2o_category` [ RunTime:0.021895s ]
[ sql ] [ SQL ] SELECT * FROM `o2o_category` WHERE  `status` = 1  AND `parent_id` = 1 [ RunTime:0.001202s ]
[ sql ] [ SQL ] SHOW COLUMNS FROM `o2o_deal` [ RunTime:0.020227s ]
[ sql ] [ SQL ] SELECT COUNT(*) AS tp_count FROM `o2o_deal` WHERE  (   status = 1  and  end_time > 1492055425 and  city_id = 4 and  category_id = 1 ) LIMIT 1 [ RunTime:0.001018s ]
[ sql ] [ SQL ] SELECT * FROM `o2o_deal` WHERE  (   status = 1  and  end_time > 1492055425 and  city_id = 4 and  category_id = 1 ) ORDER BY `listorder`  desc LIMIT 0,15 [ RunTime:0.001066s ]

---------------------------------------------------------------
[ 2017-04-13T11:50:26+08:00 ] [ sql ] [ DB ] CONNECT:[ UseTime:0.001126s ] mysql:dbname=mooc_o2o;host=127.0.0.1;port=3306;charset=utf8
[ sql ] [ SQL ] SHOW COLUMNS FROM `o2o_featured` [ RunTime:0.018521s ]
[ sql ] [ SQL ] SELECT * FROM `o2o_featured` WHERE  `status` = 1 [ RunTime:0.000766s ]
[ sql ] [ SQL ] SHOW COLUMNS FROM `o2o_category` [ RunTime:0.018240s ]
[ sql ] [ SQL ] SELECT * FROM `o2o_category` WHERE  `status` = 1  AND `parent_id` = 1 [ RunTime:0.000726s ]
[ sql ] [ SQL ] SHOW COLUMNS FROM `o2o_deal` [ RunTime:0.018485s ]
[ sql ] [ SQL ] SELECT COUNT(*) AS tp_count FROM `o2o_deal` WHERE  (   status = 1  and  end_time > 1492055426 and  city_id = 4 and  category_id = 1 ) LIMIT 1 [ RunTime:0.000643s ]
[ sql ] [ SQL ] SELECT * FROM `o2o_deal` WHERE  (   status = 1  and  end_time > 1492055426 and  city_id = 4 and  category_id = 1 ) ORDER BY `listorder`  desc LIMIT 0,15 [ RunTime:0.000820s ]

---------------------------------------------------------------
[ 2017-04-13T11:50:43+08:00 ] [ sql ] [ DB ] CONNECT:[ UseTime:0.010643s ] mysql:dbname=mooc_o2o;host=127.0.0.1;port=3306;charset=utf8
[ sql ] [ SQL ] SHOW COLUMNS FROM `o2o_admin` [ RunTime:0.135140s ]
[ sql ] [ SQL ] SELECT COUNT(*) AS tp_count FROM `o2o_admin` WHERE  `status` <> -1 LIMIT 1 [ RunTime:0.000658s ]
[ sql ] [ SQL ] SELECT * FROM `o2o_admin` WHERE  `status` <> -1 LIMIT 0,15 [ RunTime:0.000630s ]

---------------------------------------------------------------
[ 2017-04-13T11:53:02+08:00 ] [ sql ] [ DB ] CONNECT:[ UseTime:0.001558s ] mysql:dbname=mooc_o2o;host=127.0.0.1;port=3306;charset=utf8
[ sql ] [ SQL ] SHOW COLUMNS FROM `o2o_admin` [ RunTime:0.022106s ]
[ sql ] [ SQL ] SELECT COUNT(*) AS tp_count FROM `o2o_admin` WHERE  `status` <> -1 LIMIT 1 [ RunTime:0.001308s ]
[ sql ] [ SQL ] SELECT * FROM `o2o_admin` WHERE  `status` <> -1 LIMIT 0,15 [ RunTime:0.001265s ]

---------------------------------------------------------------
[ 2017-04-13T11:53:21+08:00 ] [ sql ] [ DB ] CONNECT:[ UseTime:0.001528s ] mysql:dbname=mooc_o2o;host=127.0.0.1;port=3306;charset=utf8
[ sql ] [ SQL ] SHOW COLUMNS FROM `o2o_admin` [ RunTime:0.023784s ]
[ sql ] [ SQL ] SELECT COUNT(*) AS tp_count FROM `o2o_admin` WHERE  `status` <> -1 LIMIT 1 [ RunTime:0.000876s ]
[ sql ] [ SQL ] SELECT * FROM `o2o_admin` WHERE  `status` <> -1 LIMIT 0,15 [ RunTime:0.000781s ]

---------------------------------------------------------------
[ 2017-04-13T11:53:24+08:00 ] [ sql ] [ DB ] CONNECT:[ UseTime:0.001608s ] mysql:dbname=mooc_o2o;host=127.0.0.1;port=3306;charset=utf8
[ sql ] [ SQL ] SHOW COLUMNS FROM `o2o_admin` [ RunTime:0.022162s ]
[ sql ] [ SQL ] SELECT COUNT(*) AS tp_count FROM `o2o_admin` WHERE  `status` <> -1 LIMIT 1 [ RunTime:0.000819s ]
[ sql ] [ SQL ] SELECT * FROM `o2o_admin` WHERE  `status` <> -1 LIMIT 0,15 [ RunTime:0.000930s ]

---------------------------------------------------------------
[ 2017-04-13T11:53:30+08:00 ] [ sql ] [ DB ] CONNECT:[ UseTime:0.001581s ] mysql:dbname=mooc_o2o;host=127.0.0.1;port=3306;charset=utf8
[ sql ] [ SQL ] SHOW COLUMNS FROM `o2o_admin` [ RunTime:0.024803s ]
[ sql ] [ SQL ] SELECT * FROM `o2o_admin` WHERE  `id` = 3 LIMIT 1 [ RunTime:0.001020s ]

---------------------------------------------------------------
[ 2017-04-13T11:53:37+08:00 ] [ sql ] [ DB ] CONNECT:[ UseTime:0.001472s ] mysql:dbname=mooc_o2o;host=127.0.0.1;port=3306;charset=utf8
[ sql ] [ SQL ] SHOW COLUMNS FROM `o2o_admin` [ RunTime:0.023558s ]
[ sql ] [ SQL ] SELECT * FROM `o2o_admin` WHERE  `id` = 7 LIMIT 1 [ RunTime:0.000930s ]

---------------------------------------------------------------
[ 2017-04-13T11:54:45+08:00 ] [ sql ] [ DB ] CONNECT:[ UseTime:0.001536s ] mysql:dbname=mooc_o2o;host=127.0.0.1;port=3306;charset=utf8
[ sql ] [ SQL ] SHOW COLUMNS FROM `o2o_admin` [ RunTime:0.023101s ]
[ sql ] [ SQL ] SELECT * FROM `o2o_admin` WHERE  `id` = 7 LIMIT 1 [ RunTime:0.001457s ]
[ sql ] [ SQL ] UPDATE `o2o_admin`  SET `password`='d450eaa8dba55bc4ebaa1d7159ebed3d',`update_time`=1492055685  WHERE  `id` = 7 [ RunTime:0.071343s ]

---------------------------------------------------------------
[ 2017-04-13T11:55:42+08:00 ] [ sql ] [ DB ] CONNECT:[ UseTime:0.012822s ] mysql:dbname=mooc_o2o;host=127.0.0.1;port=3306;charset=utf8
[ sql ] [ SQL ] SHOW COLUMNS FROM `o2o_admin` [ RunTime:0.029339s ]
[ sql ] [ SQL ] SELECT * FROM `o2o_admin` WHERE  `id` = 7 LIMIT 1 [ RunTime:0.001331s ]
[ sql ] [ SQL ] UPDATE `o2o_admin`  SET `update_time`=1492055742  WHERE  `id` = 7 [ RunTime:0.119122s ]

---------------------------------------------------------------
[ 2017-04-13T11:55:44+08:00 ] [ sql ] [ DB ] CONNECT:[ UseTime:0.001836s ] mysql:dbname=mooc_o2o;host=127.0.0.1;port=3306;charset=utf8
[ sql ] [ SQL ] SHOW COLUMNS FROM `o2o_admin` [ RunTime:0.076364s ]
[ sql ] [ SQL ] SELECT * FROM `o2o_admin` WHERE  `id` = 7 LIMIT 1 [ RunTime:0.001310s ]

---------------------------------------------------------------
[ 2017-04-13T11:55:51+08:00 ] [ sql ] [ DB ] CONNECT:[ UseTime:0.011040s ] mysql:dbname=mooc_o2o;host=127.0.0.1;port=3306;charset=utf8
[ sql ] [ SQL ] SHOW COLUMNS FROM `o2o_admin` [ RunTime:0.022467s ]
[ sql ] [ SQL ] SELECT * FROM `o2o_admin` WHERE  `id` = 7 LIMIT 1 [ RunTime:0.001339s ]
[ sql ] [ SQL ] UPDATE `o2o_admin`  SET `password`='1f538c0b1b2f5811366de7eeb134511a',`update_time`=1492055750  WHERE  `id` = 7 [ RunTime:0.123783s ]

---------------------------------------------------------------
[ 2017-04-13T11:55:52+08:00 ] [ sql ] [ DB ] CONNECT:[ UseTime:0.001405s ] mysql:dbname=mooc_o2o;host=127.0.0.1;port=3306;charset=utf8
[ sql ] [ SQL ] SHOW COLUMNS FROM `o2o_admin` [ RunTime:0.024273s ]
[ sql ] [ SQL ] SELECT * FROM `o2o_admin` WHERE  `id` = 7 LIMIT 1 [ RunTime:0.001425s ]

---------------------------------------------------------------
[ 2017-04-13T13:14:01+08:00 ] [ sql ] [ DB ] CONNECT:[ UseTime:0.002494s ] mysql:dbname=mooc_o2o;host=127.0.0.1;port=3306;charset=utf8
[ sql ] [ SQL ] SHOW COLUMNS FROM `o2o_admin` [ RunTime:0.022270s ]
[ sql ] [ SQL ] SELECT COUNT(*) AS tp_count FROM `o2o_admin` WHERE  `status` <> -1 LIMIT 1 [ RunTime:0.000982s ]
[ sql ] [ SQL ] SELECT * FROM `o2o_admin` WHERE  `status` <> -1 LIMIT 0,15 [ RunTime:0.000723s ]

---------------------------------------------------------------
[ 2017-04-13T13:14:51+08:00 ] [ sql ] [ DB ] CONNECT:[ UseTime:0.001485s ] mysql:dbname=mooc_o2o;host=127.0.0.1;port=3306;charset=utf8
[ sql ] [ SQL ] SHOW COLUMNS FROM `o2o_category` [ RunTime:0.021957s ]
[ sql ] [ SQL ] SELECT COUNT(*) AS tp_count FROM `o2o_category` WHERE  `parent_id` = 0  AND `status` <> -1 LIMIT 1 [ RunTime:0.000986s ]
[ sql ] [ SQL ] SELECT * FROM `o2o_category` WHERE  `parent_id` = 0  AND `status` <> -1 ORDER BY `listorder`  desc LIMIT 0,3 [ RunTime:0.001024s ]

---------------------------------------------------------------
[ 2017-04-13T13:15:01+08:00 ] [ sql ] [ DB ] CONNECT:[ UseTime:0.002322s ] mysql:dbname=mooc_o2o;host=127.0.0.1;port=3306;charset=utf8
[ sql ] [ SQL ] SHOW COLUMNS FROM `o2o_admin` [ RunTime:0.024192s ]
[ sql ] [ SQL ] SELECT COUNT(*) AS tp_count FROM `o2o_admin` WHERE  `status` <> -1 LIMIT 1 [ RunTime:0.001264s ]
[ sql ] [ SQL ] SELECT * FROM `o2o_admin` WHERE  `status` <> -1 LIMIT 0,15 [ RunTime:0.001111s ]

---------------------------------------------------------------
[ 2017-04-13T13:15:04+08:00 ] [ sql ] [ DB ] CONNECT:[ UseTime:0.001474s ] mysql:dbname=mooc_o2o;host=127.0.0.1;port=3306;charset=utf8
[ sql ] [ SQL ] SHOW COLUMNS FROM `o2o_admin` [ RunTime:0.024835s ]
[ sql ] [ SQL ] SELECT COUNT(*) AS tp_count FROM `o2o_admin` WHERE  `status` <> -1 LIMIT 1 [ RunTime:0.000791s ]
[ sql ] [ SQL ] SELECT * FROM `o2o_admin` WHERE  `status` <> -1 LIMIT 0,15 [ RunTime:0.001158s ]

---------------------------------------------------------------
[ 2017-04-13T13:15:15+08:00 ] [ sql ] [ DB ] CONNECT:[ UseTime:0.001853s ] mysql:dbname=mooc_o2o;host=127.0.0.1;port=3306;charset=utf8
[ sql ] [ SQL ] SHOW COLUMNS FROM `o2o_admin` [ RunTime:0.022836s ]
[ sql ] [ SQL ] SELECT COUNT(*) AS tp_count FROM `o2o_admin` WHERE  `status` <> -1 LIMIT 1 [ RunTime:0.001146s ]
[ sql ] [ SQL ] SELECT * FROM `o2o_admin` WHERE  `status` <> -1 LIMIT 0,15 [ RunTime:0.000999s ]

---------------------------------------------------------------
[ 2017-04-13T13:22:00+08:00 ] [ sql ] [ DB ] CONNECT:[ UseTime:0.001715s ] mysql:dbname=mooc_o2o;host=127.0.0.1;port=3306;charset=utf8
[ sql ] [ SQL ] SHOW COLUMNS FROM `o2o_admin` [ RunTime:0.025811s ]
[ sql ] [ SQL ] SELECT COUNT(*) AS tp_count FROM `o2o_admin` WHERE  `status` <> -1 LIMIT 1 [ RunTime:0.000745s ]
[ sql ] [ SQL ] SELECT * FROM `o2o_admin` WHERE  `status` <> -1 LIMIT 0,15 [ RunTime:0.001077s ]

---------------------------------------------------------------
[ 2017-04-13T13:22:01+08:00 ] [ sql ] [ DB ] CONNECT:[ UseTime:0.001618s ] mysql:dbname=mooc_o2o;host=127.0.0.1;port=3306;charset=utf8
[ sql ] [ SQL ] SHOW COLUMNS FROM `o2o_admin` [ RunTime:0.025504s ]
[ sql ] [ SQL ] SELECT COUNT(*) AS tp_count FROM `o2o_admin` WHERE  `status` <> -1 LIMIT 1 [ RunTime:0.001273s ]
[ sql ] [ SQL ] SELECT * FROM `o2o_admin` WHERE  `status` <> -1 LIMIT 0,15 [ RunTime:0.001132s ]

---------------------------------------------------------------
[ 2017-04-13T13:22:06+08:00 ] [ sql ] [ DB ] CONNECT:[ UseTime:0.001723s ] mysql:dbname=mooc_o2o;host=127.0.0.1;port=3306;charset=utf8
[ sql ] [ SQL ] SHOW COLUMNS FROM `o2o_admin` [ RunTime:0.028489s ]
[ sql ] [ SQL ] SELECT COUNT(*) AS tp_count FROM `o2o_admin` WHERE  `status` <> -1 LIMIT 1 [ RunTime:0.001058s ]
[ sql ] [ SQL ] SELECT * FROM `o2o_admin` WHERE  `status` <> -1 LIMIT 0,15 [ RunTime:0.001666s ]

---------------------------------------------------------------
[ 2017-04-13T13:22:09+08:00 ] [ sql ] [ DB ] CONNECT:[ UseTime:0.011005s ] mysql:dbname=mooc_o2o;host=127.0.0.1;port=3306;charset=utf8
[ sql ] [ SQL ] SHOW COLUMNS FROM `o2o_admin` [ RunTime:0.024981s ]
[ sql ] [ SQL ] SELECT COUNT(*) AS tp_count FROM `o2o_admin` WHERE  `status` <> -1 LIMIT 1 [ RunTime:0.000698s ]
[ sql ] [ SQL ] SELECT * FROM `o2o_admin` WHERE  `status` <> -1 LIMIT 0,15 [ RunTime:0.001071s ]

---------------------------------------------------------------
[ 2017-04-13T13:22:10+08:00 ] [ sql ] [ DB ] CONNECT:[ UseTime:0.001557s ] mysql:dbname=mooc_o2o;host=127.0.0.1;port=3306;charset=utf8
[ sql ] [ SQL ] SHOW COLUMNS FROM `o2o_admin` [ RunTime:0.024125s ]
[ sql ] [ SQL ] SELECT COUNT(*) AS tp_count FROM `o2o_admin` WHERE  `status` <> -1 LIMIT 1 [ RunTime:0.001032s ]
[ sql ] [ SQL ] SELECT * FROM `o2o_admin` WHERE  `status` <> -1 LIMIT 0,15 [ RunTime:0.001076s ]

---------------------------------------------------------------
[ 2017-04-13T13:22:23+08:00 ] [ sql ] [ DB ] CONNECT:[ UseTime:0.001632s ] mysql:dbname=mooc_o2o;host=127.0.0.1;port=3306;charset=utf8
[ sql ] [ SQL ] SHOW COLUMNS FROM `o2o_admin` [ RunTime:0.098223s ]
[ sql ] [ SQL ] SELECT COUNT(*) AS tp_count FROM `o2o_admin` WHERE  `status` <> -1 LIMIT 1 [ RunTime:0.000984s ]
[ sql ] [ SQL ] SELECT * FROM `o2o_admin` WHERE  `status` <> -1 LIMIT 0,15 [ RunTime:0.000770s ]

---------------------------------------------------------------
[ 2017-04-13T13:22:25+08:00 ] [ sql ] [ DB ] CONNECT:[ UseTime:0.002011s ] mysql:dbname=mooc_o2o;host=127.0.0.1;port=3306;charset=utf8
[ sql ] [ SQL ] SHOW COLUMNS FROM `o2o_admin` [ RunTime:0.026007s ]
[ sql ] [ SQL ] SELECT COUNT(*) AS tp_count FROM `o2o_admin` WHERE  `status` <> -1 LIMIT 1 [ RunTime:0.000926s ]
[ sql ] [ SQL ] SELECT * FROM `o2o_admin` WHERE  `status` <> -1 LIMIT 0,15 [ RunTime:0.000865s ]

---------------------------------------------------------------
[ 2017-04-13T13:22:40+08:00 ] [ sql ] [ DB ] CONNECT:[ UseTime:0.011430s ] mysql:dbname=mooc_o2o;host=127.0.0.1;port=3306;charset=utf8
[ sql ] [ SQL ] SHOW COLUMNS FROM `o2o_admin` [ RunTime:0.024465s ]
[ sql ] [ SQL ] SELECT COUNT(*) AS tp_count FROM `o2o_admin` WHERE  `status` <> -1 LIMIT 1 [ RunTime:0.001142s ]
[ sql ] [ SQL ] SELECT * FROM `o2o_admin` WHERE  `status` <> -1 LIMIT 0,15 [ RunTime:0.001118s ]

---------------------------------------------------------------
[ 2017-04-13T13:22:52+08:00 ] [ sql ] [ DB ] CONNECT:[ UseTime:0.002042s ] mysql:dbname=mooc_o2o;host=127.0.0.1;port=3306;charset=utf8
[ sql ] [ SQL ] SHOW COLUMNS FROM `o2o_admin` [ RunTime:0.028096s ]
[ sql ] [ SQL ] SELECT COUNT(*) AS tp_count FROM `o2o_admin` WHERE  `status` <> -1 LIMIT 1 [ RunTime:0.001355s ]
[ sql ] [ SQL ] SELECT * FROM `o2o_admin` WHERE  `status` <> -1 LIMIT 0,15 [ RunTime:0.001580s ]

---------------------------------------------------------------
[ 2017-04-13T13:25:12+08:00 ] [ sql ] [ DB ] CONNECT:[ UseTime:0.001840s ] mysql:dbname=mooc_o2o;host=127.0.0.1;port=3306;charset=utf8
[ sql ] [ SQL ] SHOW COLUMNS FROM `o2o_admin` [ RunTime:0.024248s ]
[ sql ] [ SQL ] SELECT COUNT(*) AS tp_count FROM `o2o_admin` WHERE  `status` <> -1 LIMIT 1 [ RunTime:0.000921s ]
[ sql ] [ SQL ] SELECT * FROM `o2o_admin` WHERE  `status` <> -1 LIMIT 0,15 [ RunTime:0.001085s ]

---------------------------------------------------------------
[ 2017-04-13T13:25:13+08:00 ] [ sql ] [ DB ] CONNECT:[ UseTime:0.001690s ] mysql:dbname=mooc_o2o;host=127.0.0.1;port=3306;charset=utf8
[ sql ] [ SQL ] SHOW COLUMNS FROM `o2o_admin` [ RunTime:0.027396s ]
[ sql ] [ SQL ] SELECT COUNT(*) AS tp_count FROM `o2o_admin` WHERE  `status` <> -1 LIMIT 1 [ RunTime:0.000772s ]
[ sql ] [ SQL ] SELECT * FROM `o2o_admin` WHERE  `status` <> -1 LIMIT 0,15 [ RunTime:0.000757s ]

---------------------------------------------------------------
[ 2017-04-13T13:31:36+08:00 ] [ sql ] [ DB ] CONNECT:[ UseTime:0.002047s ] mysql:dbname=mooc_o2o;host=127.0.0.1;port=3306;charset=utf8
[ sql ] [ SQL ] SHOW COLUMNS FROM `o2o_admin` [ RunTime:0.027829s ]
[ sql ] [ SQL ] SELECT COUNT(*) AS tp_count FROM `o2o_admin` WHERE  `status` <> -1 LIMIT 1 [ RunTime:0.000974s ]
[ sql ] [ SQL ] SELECT * FROM `o2o_admin` WHERE  `status` <> -1 LIMIT 0,15 [ RunTime:0.000806s ]

---------------------------------------------------------------
[ 2017-04-13T13:31:42+08:00 ] [ sql ] [ DB ] CONNECT:[ UseTime:0.010724s ] mysql:dbname=mooc_o2o;host=127.0.0.1;port=3306;charset=utf8
[ sql ] [ SQL ] SHOW COLUMNS FROM `o2o_admin` [ RunTime:0.022966s ]

---------------------------------------------------------------
[ 2017-04-13T13:31:58+08:00 ] [ sql ] [ DB ] CONNECT:[ UseTime:0.001678s ] mysql:dbname=mooc_o2o;host=127.0.0.1;port=3306;charset=utf8
[ sql ] [ SQL ] SHOW COLUMNS FROM `o2o_admin` [ RunTime:0.026517s ]
[ sql ] [ SQL ] SELECT COUNT(*) AS tp_count FROM `o2o_admin` WHERE  `status` <> -1 LIMIT 1 [ RunTime:0.001378s ]
[ sql ] [ SQL ] SELECT * FROM `o2o_admin` WHERE  `status` <> -1 LIMIT 0,15 [ RunTime:0.001126s ]

---------------------------------------------------------------
[ 2017-04-13T13:32:03+08:00 ] [ sql ] [ DB ] CONNECT:[ UseTime:0.002078s ] mysql:dbname=mooc_o2o;host=127.0.0.1;port=3306;charset=utf8
[ sql ] [ SQL ] SHOW COLUMNS FROM `o2o_admin` [ RunTime:0.025026s ]
[ sql ] [ SQL ] SELECT COUNT(*) AS tp_count FROM `o2o_admin` WHERE  `username` LIKE '%刘中林%'  AND `status` <> -1 LIMIT 1 [ RunTime:0.001408s ]
[ sql ] [ SQL ] SELECT * FROM `o2o_admin` WHERE  `username` LIKE '%刘中林%'  AND `status` <> -1 LIMIT 0,15 [ RunTime:0.001222s ]

---------------------------------------------------------------
[ 2017-04-13T13:37:24+08:00 ] [ sql ] [ DB ] CONNECT:[ UseTime:0.003214s ] mysql:dbname=mooc_o2o;host=127.0.0.1;port=3306;charset=utf8
[ sql ] [ SQL ] SHOW COLUMNS FROM `o2o_admin` [ RunTime:0.024837s ]
[ sql ] [ SQL ] SELECT COUNT(*) AS tp_count FROM `o2o_admin` WHERE  `status` <> -1 LIMIT 1 [ RunTime:0.001086s ]
[ sql ] [ SQL ] SELECT * FROM `o2o_admin` WHERE  `status` <> -1 LIMIT 0,15 [ RunTime:0.001404s ]

---------------------------------------------------------------
[ 2017-04-13T13:37:29+08:00 ] [ sql ] [ DB ] CONNECT:[ UseTime:0.001532s ] mysql:dbname=mooc_o2o;host=127.0.0.1;port=3306;charset=utf8
[ sql ] [ SQL ] SHOW COLUMNS FROM `o2o_admin` [ RunTime:0.045062s ]
[ sql ] [ SQL ] SELECT COUNT(*) AS tp_count FROM `o2o_admin` WHERE  `username` LIKE '%刘中林%'  AND `status` <> -1 LIMIT 1 [ RunTime:0.000861s ]
[ sql ] [ SQL ] SELECT * FROM `o2o_admin` WHERE  `username` LIKE '%刘中林%'  AND `status` <> -1 LIMIT 0,15 [ RunTime:0.000960s ]

---------------------------------------------------------------
[ 2017-04-13T13:37:33+08:00 ] [ sql ] [ DB ] CONNECT:[ UseTime:0.001452s ] mysql:dbname=mooc_o2o;host=127.0.0.1;port=3306;charset=utf8
[ sql ] [ SQL ] SHOW COLUMNS FROM `o2o_admin` [ RunTime:0.025838s ]
[ sql ] [ SQL ] SELECT COUNT(*) AS tp_count FROM `o2o_admin` WHERE  `status` <> -1 LIMIT 1 [ RunTime:0.000747s ]
[ sql ] [ SQL ] SELECT * FROM `o2o_admin` WHERE  `status` <> -1 LIMIT 0,15 [ RunTime:0.001056s ]

---------------------------------------------------------------
[ 2017-04-13T13:37:39+08:00 ] [ sql ] [ DB ] CONNECT:[ UseTime:0.001970s ] mysql:dbname=mooc_o2o;host=127.0.0.1;port=3306;charset=utf8
[ sql ] [ SQL ] SHOW COLUMNS FROM `o2o_admin` [ RunTime:0.024623s ]
[ sql ] [ SQL ] SELECT COUNT(*) AS tp_count FROM `o2o_admin` WHERE  `last_login_time` >= 1490457600  AND `status` <> -1 LIMIT 1 [ RunTime:0.001079s ]
[ sql ] [ SQL ] SELECT * FROM `o2o_admin` WHERE  `last_login_time` >= 1490457600  AND `status` <> -1 LIMIT 0,15 [ RunTime:0.000812s ]

---------------------------------------------------------------
[ 2017-04-13T23:38:23+08:00 ] [ sql ] [ DB ] CONNECT:[ UseTime:0.070030s ] mysql:dbname=mooc_o2o;host=127.0.0.1;port=3306;charset=utf8
[ sql ] [ SQL ] SHOW COLUMNS FROM `o2o_admin` [ RunTime:0.124252s ]
[ sql ] [ SQL ] SELECT * FROM `o2o_admin` WHERE  `username` = '刘中林' LIMIT 1 [ RunTime:0.063486s ]
[ sql ] [ SQL ] UPDATE `o2o_admin`  SET `last_login_time`=1492097902,`update_time`=1492097902  WHERE  `id` = 1 [ RunTime:0.137659s ]

---------------------------------------------------------------
[ 2017-04-13T23:38:27+08:00 ] [ sql ] [ DB ] CONNECT:[ UseTime:0.018116s ] mysql:dbname=mooc_o2o;host=127.0.0.1;port=3306;charset=utf8
[ sql ] [ SQL ] SHOW COLUMNS FROM `o2o_user` [ RunTime:0.062703s ]
[ sql ] [ SQL ] SELECT COUNT(*) AS tp_count FROM `o2o_user` WHERE  `status` <> -1 LIMIT 1 [ RunTime:0.073248s ]
[ sql ] [ SQL ] SELECT * FROM `o2o_user` WHERE  `status` <> -1 LIMIT 0,2 [ RunTime:0.000875s ]

---------------------------------------------------------------
[ 2017-04-13T23:38:34+08:00 ] [ sql ] [ DB ] CONNECT:[ UseTime:0.023221s ] mysql:dbname=mooc_o2o;host=127.0.0.1;port=3306;charset=utf8
[ sql ] [ SQL ] SHOW COLUMNS FROM `o2o_admin` [ RunTime:0.025596s ]
[ sql ] [ SQL ] SELECT COUNT(*) AS tp_count FROM `o2o_admin` WHERE  `status` <> -1 LIMIT 1 [ RunTime:0.000970s ]
[ sql ] [ SQL ] SELECT * FROM `o2o_admin` WHERE  `status` <> -1 LIMIT 0,15 [ RunTime:0.001123s ]

---------------------------------------------------------------
