[ 2017-04-17T17:29:12+08:00 ] 127.0.0.7 127.0.0.1 GET /
[ log ] tp5.o2o.com/ [运行时间：1.932817s][吞吐率：0.52req/s] [内存消耗：5,019.65kb] [文件加载：60]
[ info ] [ LANG ] F:\study\o2o\thinkphp\lang\zh-cn.php
[ info ] [ ROUTE ] array (
  'type' => 'module',
  'module' => 
  array (
    0 => '',
    1 => NULL,
    2 => NULL,
  ),
)
[ info ] [ HEADER ] array (
  'host' => 'tp5.o2o.com',
  'connection' => 'keep-alive',
  'upgrade-insecure-requests' => '1',
  'user-agent' => 'Mozilla/5.0 (Windows NT 10.0; Win64; x64) AppleWebKit/537.36 (KHTML, like Gecko) Chrome/56.0.2924.87 Safari/537.36',
  'accept' => 'text/html,application/xhtml+xml,application/xml;q=0.9,image/webp,*/*;q=0.8',
  'accept-encoding' => 'gzip, deflate, sdch',
  'accept-language' => 'zh-CN,zh;q=0.8',
  'cookie' => 'Huiskin=default',
)
[ info ] [ PARAM ] array (
)
[ info ] [ CACHE ] INIT redis
[ info ] [ DB ] INIT mysql
[ info ] [ SESSION ] INIT array (
  'prefix' => 'module',
  'type' => 'redis',
  'auto_start' => true,
  'host' => '127.0.0.1',
  'port' => 6379,
  'password' => '',
)
[ info ] [ RUN ] app\index\controller\Index->index[ F:\study\o2o\application\index\controller\Index.php ]
[ info ] [ VIEW ] F:\study\o2o\public/../application/index\view\index\index.html [ array (
  0 => 'citys',
  1 => 'city',
  2 => 'user',
  3 => 'controller',
  4 => 'cates',
  5 => 'featured',
  6 => 'title',
  7 => 'goods',
  8 => 'cateid',
) ]
[ info ] [ LOG ] INIT File

---------------------------------------------------------------
[ 2017-04-17T17:29:13+08:00 ] 127.0.0.7 127.0.0.1 GET /upload/20170326/e83605c415187b19db9d540e7dd5ee72.jpg
[ log ] tp5.o2o.com/upload/20170326/e83605c415187b19db9d540e7dd5ee72.jpg [运行时间：0.739388s][吞吐率：1.35req/s] [内存消耗：2,137.94kb] [文件加载：37]
[ info ] [ LANG ] F:\study\o2o\thinkphp\lang\zh-cn.php
[ info ] [ ROUTE ] array (
  'type' => 'module',
  'module' => 
  array (
    0 => 'upload',
    1 => '20170326',
    2 => 'e83605c415187b19db9d540e7dd5ee72.jpg',
  ),
)
[ info ] [ HEADER ] array (
  'host' => 'tp5.o2o.com',
  'connection' => 'keep-alive',
  'user-agent' => 'Mozilla/5.0 (Windows NT 10.0; Win64; x64) AppleWebKit/537.36 (KHTML, like Gecko) Chrome/56.0.2924.87 Safari/537.36',
  'accept' => 'image/webp,image/*,*/*;q=0.8',
  'referer' => 'http://tp5.o2o.com/',
  'accept-encoding' => 'gzip, deflate, sdch',
  'accept-language' => 'zh-CN,zh;q=0.8',
  'cookie' => 'Huiskin=default; PHPSESSID=496rfbark33k6qoe6c43336ai6',
)
[ info ] [ PARAM ] array (
)
[ info ] [ LOG ] INIT File

---------------------------------------------------------------
[ 2017-04-17T17:29:14+08:00 ] 127.0.0.7 127.0.0.1 GET /
[ log ] tp5.o2o.com/ [运行时间：1.069209s][吞吐率：0.94req/s] [内存消耗：5,016.16kb] [文件加载：60]
[ info ] [ LANG ] F:\study\o2o\thinkphp\lang\zh-cn.php
[ info ] [ ROUTE ] array (
  'type' => 'module',
  'module' => 
  array (
    0 => '',
    1 => NULL,
    2 => NULL,
  ),
)
[ info ] [ HEADER ] array (
  'host' => 'tp5.o2o.com',
  'connection' => 'keep-alive',
  'user-agent' => 'Mozilla/5.0 (Windows NT 10.0; Win64; x64) AppleWebKit/537.36 (KHTML, like Gecko) Chrome/56.0.2924.87 Safari/537.36',
  'accept' => 'image/webp,image/*,*/*;q=0.8',
  'referer' => 'http://tp5.o2o.com/',
  'accept-encoding' => 'gzip, deflate, sdch',
  'accept-language' => 'zh-CN,zh;q=0.8',
  'cookie' => 'Huiskin=default; PHPSESSID=496rfbark33k6qoe6c43336ai6',
)
[ info ] [ PARAM ] array (
)
[ info ] [ CACHE ] INIT redis
[ info ] [ DB ] INIT mysql
[ info ] [ SESSION ] INIT array (
  'prefix' => 'module',
  'type' => 'redis',
  'auto_start' => true,
  'host' => '127.0.0.1',
  'port' => 6379,
  'password' => '',
)
[ info ] [ RUN ] app\index\controller\Index->index[ F:\study\o2o\application\index\controller\Index.php ]
[ info ] [ VIEW ] F:\study\o2o\public/../application/index\view\index\index.html [ array (
  0 => 'citys',
  1 => 'city',
  2 => 'user',
  3 => 'controller',
  4 => 'cates',
  5 => 'featured',
  6 => 'title',
  7 => 'goods',
  8 => 'cateid',
) ]
[ info ] [ LOG ] INIT File

---------------------------------------------------------------
[ 2017-04-17T17:29:18+08:00 ] 127.0.0.7 127.0.0.1 GET /index/index/index.html?cityName=%E6%B1%9F%E8%A5%BF&city_id=4
[ log ] tp5.o2o.com/index/index/index.html?cityName=%E6%B1%9F%E8%A5%BF&city_id=4 [运行时间：0.861380s][吞吐率：1.16req/s] [内存消耗：5,048.78kb] [文件加载：60]
[ info ] [ LANG ] F:\study\o2o\thinkphp\lang\zh-cn.php
[ info ] [ ROUTE ] array (
  'type' => 'module',
  'module' => 
  array (
    0 => 'index',
    1 => 'index',
    2 => 'index',
  ),
)
[ info ] [ HEADER ] array (
  'host' => 'tp5.o2o.com',
  'connection' => 'keep-alive',
  'upgrade-insecure-requests' => '1',
  'user-agent' => 'Mozilla/5.0 (Windows NT 10.0; Win64; x64) AppleWebKit/537.36 (KHTML, like Gecko) Chrome/56.0.2924.87 Safari/537.36',
  'accept' => 'text/html,application/xhtml+xml,application/xml;q=0.9,image/webp,*/*;q=0.8',
  'referer' => 'http://tp5.o2o.com/',
  'accept-encoding' => 'gzip, deflate, sdch',
  'accept-language' => 'zh-CN,zh;q=0.8',
  'cookie' => 'Huiskin=default; PHPSESSID=496rfbark33k6qoe6c43336ai6',
)
[ info ] [ PARAM ] array (
  'cityName' => '江西',
  'city_id' => '4',
)
[ info ] [ CACHE ] INIT redis
[ info ] [ DB ] INIT mysql
[ info ] [ SESSION ] INIT array (
  'prefix' => 'module',
  'type' => 'redis',
  'auto_start' => true,
  'host' => '127.0.0.1',
  'port' => 6379,
  'password' => '',
)
[ info ] [ RUN ] app\index\controller\Index->index[ F:\study\o2o\application\index\controller\Index.php ]
[ info ] [ VIEW ] F:\study\o2o\public/../application/index\view\index\index.html [ array (
  0 => 'citys',
  1 => 'city',
  2 => 'user',
  3 => 'controller',
  4 => 'cates',
  5 => 'featured',
  6 => 'title',
  7 => 'goods',
  8 => 'cateid',
) ]
[ info ] [ LOG ] INIT File

---------------------------------------------------------------
[ 2017-04-17T17:29:19+08:00 ] 127.0.0.7 127.0.0.1 GET /upload/20170326/e83605c415187b19db9d540e7dd5ee72.jpg
[ log ] tp5.o2o.com/upload/20170326/e83605c415187b19db9d540e7dd5ee72.jpg [运行时间：0.403608s][吞吐率：2.48req/s] [内存消耗：2,138.07kb] [文件加载：37]
[ info ] [ LANG ] F:\study\o2o\thinkphp\lang\zh-cn.php
[ info ] [ ROUTE ] array (
  'type' => 'module',
  'module' => 
  array (
    0 => 'upload',
    1 => '20170326',
    2 => 'e83605c415187b19db9d540e7dd5ee72.jpg',
  ),
)
[ info ] [ HEADER ] array (
  'host' => 'tp5.o2o.com',
  'connection' => 'keep-alive',
  'user-agent' => 'Mozilla/5.0 (Windows NT 10.0; Win64; x64) AppleWebKit/537.36 (KHTML, like Gecko) Chrome/56.0.2924.87 Safari/537.36',
  'accept' => 'image/webp,image/*,*/*;q=0.8',
  'referer' => 'http://tp5.o2o.com/index/index/index.html?cityName=%E6%B1%9F%E8%A5%BF&city_id=4',
  'accept-encoding' => 'gzip, deflate, sdch',
  'accept-language' => 'zh-CN,zh;q=0.8',
  'cookie' => 'Huiskin=default; PHPSESSID=496rfbark33k6qoe6c43336ai6',
)
[ info ] [ PARAM ] array (
)
[ info ] [ LOG ] INIT File

---------------------------------------------------------------
[ 2017-04-17T17:29:20+08:00 ] 127.0.0.7 127.0.0.1 GET /index/index/index.html?cityName=%E6%B1%9F%E8%A5%BF&city_id=4
[ log ] tp5.o2o.com/index/index/index.html?cityName=%E6%B1%9F%E8%A5%BF&city_id=4 [运行时间：1.260308s][吞吐率：0.79req/s] [内存消耗：5,048.50kb] [文件加载：60]
[ info ] [ LANG ] F:\study\o2o\thinkphp\lang\zh-cn.php
[ info ] [ ROUTE ] array (
  'type' => 'module',
  'module' => 
  array (
    0 => 'index',
    1 => 'index',
    2 => 'index',
  ),
)
[ info ] [ HEADER ] array (
  'host' => 'tp5.o2o.com',
  'connection' => 'keep-alive',
  'user-agent' => 'Mozilla/5.0 (Windows NT 10.0; Win64; x64) AppleWebKit/537.36 (KHTML, like Gecko) Chrome/56.0.2924.87 Safari/537.36',
  'accept' => 'image/webp,image/*,*/*;q=0.8',
  'referer' => 'http://tp5.o2o.com/index/index/index.html?cityName=%E6%B1%9F%E8%A5%BF&city_id=4',
  'accept-encoding' => 'gzip, deflate, sdch',
  'accept-language' => 'zh-CN,zh;q=0.8',
  'cookie' => 'Huiskin=default; PHPSESSID=496rfbark33k6qoe6c43336ai6',
)
[ info ] [ PARAM ] array (
  'cityName' => '江西',
  'city_id' => '4',
)
[ info ] [ CACHE ] INIT redis
[ info ] [ DB ] INIT mysql
[ info ] [ SESSION ] INIT array (
  'prefix' => 'module',
  'type' => 'redis',
  'auto_start' => true,
  'host' => '127.0.0.1',
  'port' => 6379,
  'password' => '',
)
[ info ] [ RUN ] app\index\controller\Index->index[ F:\study\o2o\application\index\controller\Index.php ]
[ info ] [ VIEW ] F:\study\o2o\public/../application/index\view\index\index.html [ array (
  0 => 'citys',
  1 => 'city',
  2 => 'user',
  3 => 'controller',
  4 => 'cates',
  5 => 'featured',
  6 => 'title',
  7 => 'goods',
  8 => 'cateid',
) ]
[ info ] [ LOG ] INIT File

---------------------------------------------------------------
[ 2017-04-17T17:29:24+08:00 ] 127.0.0.7 127.0.0.1 GET /index/detail/index.html?id=3
[ log ] tp5.o2o.com/index/detail/index.html?id=3 [运行时间：0.928405s][吞吐率：1.08req/s] [内存消耗：5,144.88kb] [文件加载：62]
[ info ] [ LANG ] F:\study\o2o\thinkphp\lang\zh-cn.php
[ info ] [ ROUTE ] array (
  'type' => 'module',
  'module' => 
  array (
    0 => 'index',
    1 => 'detail',
    2 => 'index',
  ),
)
[ info ] [ HEADER ] array (
  'host' => 'tp5.o2o.com',
  'connection' => 'keep-alive',
  'upgrade-insecure-requests' => '1',
  'user-agent' => 'Mozilla/5.0 (Windows NT 10.0; Win64; x64) AppleWebKit/537.36 (KHTML, like Gecko) Chrome/56.0.2924.87 Safari/537.36',
  'accept' => 'text/html,application/xhtml+xml,application/xml;q=0.9,image/webp,*/*;q=0.8',
  'referer' => 'http://tp5.o2o.com/index/index/index.html?cityName=%E6%B1%9F%E8%A5%BF&city_id=4',
  'accept-encoding' => 'gzip, deflate, sdch',
  'accept-language' => 'zh-CN,zh;q=0.8',
  'cookie' => 'Huiskin=default; PHPSESSID=496rfbark33k6qoe6c43336ai6',
)
[ info ] [ PARAM ] array (
  'id' => '3',
)
[ info ] [ CACHE ] INIT redis
[ info ] [ DB ] INIT mysql
[ info ] [ SESSION ] INIT array (
  'prefix' => 'module',
  'type' => 'redis',
  'auto_start' => true,
  'host' => '127.0.0.1',
  'port' => 6379,
  'password' => '',
)
[ info ] [ RUN ] app\index\controller\Detail->index[ F:\study\o2o\application\index\controller\Detail.php ]
[ info ] [ VIEW ] F:\study\o2o\public/../application/index\view\detail\index.html [ array (
  0 => 'citys',
  1 => 'city',
  2 => 'user',
  3 => 'controller',
  4 => 'cates',
  5 => 'featured',
  6 => 'title',
  7 => 'cate',
  8 => 'flog',
  9 => 'deal',
  10 => 'bis',
  11 => 'countDown',
  12 => 'position',
  13 => 'locations',
  14 => 'cateid',
) ]
[ info ] [ LOG ] INIT File

---------------------------------------------------------------
[ 2017-04-17T17:29:25+08:00 ] 127.0.0.7 127.0.0.1 GET /index/map/getstatusmap.html?position=114.0143402564,32.990323882409
[ log ] tp5.o2o.com/index/map/getstatusmap.html?position=114.0143402564,32.990323882409 [运行时间：0.868968s][吞吐率：1.15req/s] [内存消耗：2,590.42kb] [文件加载：42]
[ info ] [ LANG ] F:\study\o2o\thinkphp\lang\zh-cn.php
[ info ] [ ROUTE ] array (
  'type' => 'module',
  'module' => 
  array (
    0 => 'index',
    1 => 'map',
    2 => 'getstatusmap',
  ),
)
[ info ] [ HEADER ] array (
  'host' => 'tp5.o2o.com',
  'connection' => 'keep-alive',
  'user-agent' => 'Mozilla/5.0 (Windows NT 10.0; Win64; x64) AppleWebKit/537.36 (KHTML, like Gecko) Chrome/56.0.2924.87 Safari/537.36',
  'accept' => 'image/webp,image/*,*/*;q=0.8',
  'referer' => 'http://tp5.o2o.com/index/detail/index.html?id=3',
  'accept-encoding' => 'gzip, deflate, sdch',
  'accept-language' => 'zh-CN,zh;q=0.8',
  'cookie' => 'Huiskin=default; PHPSESSID=496rfbark33k6qoe6c43336ai6',
)
[ info ] [ PARAM ] array (
  'position' => '114.0143402564,32.990323882409',
)
[ info ] [ RUN ] app\index\controller\Map->getStatusMap[ F:\study\o2o\application\index\controller\Map.php ]
[ info ] [ LOG ] INIT File

---------------------------------------------------------------
[ 2017-04-17T17:29:26+08:00 ] 127.0.0.7 127.0.0.1 GET /index/detail/index.html?id=3
[ log ] tp5.o2o.com/index/detail/index.html?id=3 [运行时间：0.856480s][吞吐率：1.17req/s] [内存消耗：5,144.60kb] [文件加载：62]
[ info ] [ LANG ] F:\study\o2o\thinkphp\lang\zh-cn.php
[ info ] [ ROUTE ] array (
  'type' => 'module',
  'module' => 
  array (
    0 => 'index',
    1 => 'detail',
    2 => 'index',
  ),
)
[ info ] [ HEADER ] array (
  'host' => 'tp5.o2o.com',
  'connection' => 'keep-alive',
  'user-agent' => 'Mozilla/5.0 (Windows NT 10.0; Win64; x64) AppleWebKit/537.36 (KHTML, like Gecko) Chrome/56.0.2924.87 Safari/537.36',
  'accept' => 'image/webp,image/*,*/*;q=0.8',
  'referer' => 'http://tp5.o2o.com/index/detail/index.html?id=3',
  'accept-encoding' => 'gzip, deflate, sdch',
  'accept-language' => 'zh-CN,zh;q=0.8',
  'cookie' => 'Huiskin=default; PHPSESSID=496rfbark33k6qoe6c43336ai6',
)
[ info ] [ PARAM ] array (
  'id' => '3',
)
[ info ] [ CACHE ] INIT redis
[ info ] [ DB ] INIT mysql
[ info ] [ SESSION ] INIT array (
  'prefix' => 'module',
  'type' => 'redis',
  'auto_start' => true,
  'host' => '127.0.0.1',
  'port' => 6379,
  'password' => '',
)
[ info ] [ RUN ] app\index\controller\Detail->index[ F:\study\o2o\application\index\controller\Detail.php ]
[ info ] [ VIEW ] F:\study\o2o\public/../application/index\view\detail\index.html [ array (
  0 => 'citys',
  1 => 'city',
  2 => 'user',
  3 => 'controller',
  4 => 'cates',
  5 => 'featured',
  6 => 'title',
  7 => 'cate',
  8 => 'flog',
  9 => 'deal',
  10 => 'bis',
  11 => 'countDown',
  12 => 'position',
  13 => 'locations',
  14 => 'cateid',
) ]
[ info ] [ LOG ] INIT File

---------------------------------------------------------------
[ 2017-04-17T17:29:30+08:00 ] 127.0.0.7 127.0.0.1 GET /index/order/index.html?id=3&count=2
[ log ] tp5.o2o.com/index/order/index.html?id=3&count=2 [运行时间：0.536065s][吞吐率：1.87req/s] [内存消耗：4,869.33kb] [文件加载：59]
[ info ] [ LANG ] F:\study\o2o\thinkphp\lang\zh-cn.php
[ info ] [ ROUTE ] array (
  'type' => 'module',
  'module' => 
  array (
    0 => 'index',
    1 => 'order',
    2 => 'index',
  ),
)
[ info ] [ HEADER ] array (
  'host' => 'tp5.o2o.com',
  'connection' => 'keep-alive',
  'upgrade-insecure-requests' => '1',
  'user-agent' => 'Mozilla/5.0 (Windows NT 10.0; Win64; x64) AppleWebKit/537.36 (KHTML, like Gecko) Chrome/56.0.2924.87 Safari/537.36',
  'accept' => 'text/html,application/xhtml+xml,application/xml;q=0.9,image/webp,*/*;q=0.8',
  'referer' => 'http://tp5.o2o.com/index/detail/index.html?id=3',
  'accept-encoding' => 'gzip, deflate, sdch',
  'accept-language' => 'zh-CN,zh;q=0.8',
  'cookie' => 'Huiskin=default; PHPSESSID=496rfbark33k6qoe6c43336ai6',
)
[ info ] [ PARAM ] array (
  'id' => '3',
  'count' => '2',
)
[ info ] [ CACHE ] INIT redis
[ info ] [ DB ] INIT mysql
[ info ] [ SESSION ] INIT array (
  'prefix' => 'module',
  'type' => 'redis',
  'auto_start' => true,
  'host' => '127.0.0.1',
  'port' => 6379,
  'password' => '',
)
[ info ] [ RUN ] app\index\controller\Order->index[ F:\study\o2o\application\index\controller\Order.php ]
[ info ] [ LOG ] INIT File

---------------------------------------------------------------
[ 2017-04-17T17:29:30+08:00 ] 127.0.0.7 127.0.0.1 GET /index/user/login.html
[ log ] tp5.o2o.com/index/user/login.html [运行时间：0.301441s][吞吐率：3.32req/s] [内存消耗：2,746.69kb] [文件加载：44]
[ info ] [ LANG ] F:\study\o2o\thinkphp\lang\zh-cn.php
[ info ] [ ROUTE ] array (
  'type' => 'module',
  'module' => 
  array (
    0 => 'index',
    1 => 'user',
    2 => 'login',
  ),
)
[ info ] [ HEADER ] array (
  'host' => 'tp5.o2o.com',
  'connection' => 'keep-alive',
  'upgrade-insecure-requests' => '1',
  'user-agent' => 'Mozilla/5.0 (Windows NT 10.0; Win64; x64) AppleWebKit/537.36 (KHTML, like Gecko) Chrome/56.0.2924.87 Safari/537.36',
  'accept' => 'text/html,application/xhtml+xml,application/xml;q=0.9,image/webp,*/*;q=0.8',
  'referer' => 'http://tp5.o2o.com/index/detail/index.html?id=3',
  'accept-encoding' => 'gzip, deflate, sdch',
  'accept-language' => 'zh-CN,zh;q=0.8',
  'cookie' => 'Huiskin=default; PHPSESSID=496rfbark33k6qoe6c43336ai6',
)
[ info ] [ PARAM ] array (
)
[ info ] [ RUN ] app\index\controller\User->login[ F:\study\o2o\application\index\controller\User.php ]
[ info ] [ SESSION ] INIT array (
  'prefix' => 'module',
  'type' => 'redis',
  'auto_start' => true,
  'host' => '127.0.0.1',
  'port' => 6379,
  'password' => '',
)
[ info ] [ VIEW ] F:\study\o2o\public/../application/index\view\user\login.html [ array (
) ]
[ info ] [ LOG ] INIT File

---------------------------------------------------------------
[ 2017-04-17T17:29:38+08:00 ] 127.0.0.7 127.0.0.1 POST /index/user/login.html
[ log ] tp5.o2o.com/index/user/login.html [运行时间：0.775420s][吞吐率：1.29req/s] [内存消耗：4,780.84kb] [文件加载：58]
[ info ] [ LANG ] F:\study\o2o\thinkphp\lang\zh-cn.php
[ info ] [ ROUTE ] array (
  'type' => 'module',
  'module' => 
  array (
    0 => 'index',
    1 => 'user',
    2 => 'login',
  ),
)
[ info ] [ HEADER ] array (
  'host' => 'tp5.o2o.com',
  'connection' => 'keep-alive',
  'content-length' => '28',
  'cache-control' => 'max-age=0',
  'origin' => 'http://tp5.o2o.com',
  'upgrade-insecure-requests' => '1',
  'user-agent' => 'Mozilla/5.0 (Windows NT 10.0; Win64; x64) AppleWebKit/537.36 (KHTML, like Gecko) Chrome/56.0.2924.87 Safari/537.36',
  'content-type' => 'application/x-www-form-urlencoded',
  'accept' => 'text/html,application/xhtml+xml,application/xml;q=0.9,image/webp,*/*;q=0.8',
  'referer' => 'http://tp5.o2o.com/index/user/login.html',
  'accept-encoding' => 'gzip, deflate',
  'accept-language' => 'zh-CN,zh;q=0.8',
  'cookie' => 'Huiskin=default; PHPSESSID=496rfbark33k6qoe6c43336ai6',
)
[ info ] [ PARAM ] array (
  'username' => 'liu',
  'password' => '123456',
)
[ info ] [ RUN ] app\index\controller\User->login[ F:\study\o2o\application\index\controller\User.php ]
[ info ] [ SESSION ] INIT array (
  'prefix' => 'module',
  'type' => 'redis',
  'auto_start' => true,
  'host' => '127.0.0.1',
  'port' => 6379,
  'password' => '',
)
[ info ] [ DB ] INIT mysql
[ info ] [ CACHE ] INIT redis
[ info ] [ LOG ] INIT File

---------------------------------------------------------------
[ 2017-04-17T17:29:38+08:00 ] 127.0.0.7 127.0.0.1 GET /index/index/index.html
[ log ] tp5.o2o.com/index/index/index.html [运行时间：0.692979s][吞吐率：1.44req/s] [内存消耗：5,098.57kb] [文件加载：61]
[ info ] [ LANG ] F:\study\o2o\thinkphp\lang\zh-cn.php
[ info ] [ ROUTE ] array (
  'type' => 'module',
  'module' => 
  array (
    0 => 'index',
    1 => 'index',
    2 => 'index',
  ),
)
[ info ] [ HEADER ] array (
  'host' => 'tp5.o2o.com',
  'connection' => 'keep-alive',
  'cache-control' => 'max-age=0',
  'upgrade-insecure-requests' => '1',
  'user-agent' => 'Mozilla/5.0 (Windows NT 10.0; Win64; x64) AppleWebKit/537.36 (KHTML, like Gecko) Chrome/56.0.2924.87 Safari/537.36',
  'accept' => 'text/html,application/xhtml+xml,application/xml;q=0.9,image/webp,*/*;q=0.8',
  'referer' => 'http://tp5.o2o.com/index/user/login.html',
  'accept-encoding' => 'gzip, deflate, sdch',
  'accept-language' => 'zh-CN,zh;q=0.8',
  'cookie' => 'Huiskin=default; PHPSESSID=496rfbark33k6qoe6c43336ai6',
)
[ info ] [ PARAM ] array (
)
[ info ] [ CACHE ] INIT redis
[ info ] [ DB ] INIT mysql
[ info ] [ SESSION ] INIT array (
  'prefix' => 'module',
  'type' => 'redis',
  'auto_start' => true,
  'host' => '127.0.0.1',
  'port' => 6379,
  'password' => '',
)
[ info ] [ RUN ] app\index\controller\Index->index[ F:\study\o2o\application\index\controller\Index.php ]
[ info ] [ VIEW ] F:\study\o2o\public/../application/index\view\index\index.html [ array (
  0 => 'citys',
  1 => 'city',
  2 => 'user',
  3 => 'controller',
  4 => 'cates',
  5 => 'featured',
  6 => 'title',
  7 => 'goods',
  8 => 'cateid',
) ]
[ info ] [ LOG ] INIT File

---------------------------------------------------------------
[ 2017-04-17T17:29:39+08:00 ] 127.0.0.7 127.0.0.1 GET /upload/20170326/e83605c415187b19db9d540e7dd5ee72.jpg
[ log ] tp5.o2o.com/upload/20170326/e83605c415187b19db9d540e7dd5ee72.jpg [运行时间：0.315267s][吞吐率：3.17req/s] [内存消耗：2,138.10kb] [文件加载：37]
[ info ] [ LANG ] F:\study\o2o\thinkphp\lang\zh-cn.php
[ info ] [ ROUTE ] array (
  'type' => 'module',
  'module' => 
  array (
    0 => 'upload',
    1 => '20170326',
    2 => 'e83605c415187b19db9d540e7dd5ee72.jpg',
  ),
)
[ info ] [ HEADER ] array (
  'host' => 'tp5.o2o.com',
  'connection' => 'keep-alive',
  'user-agent' => 'Mozilla/5.0 (Windows NT 10.0; Win64; x64) AppleWebKit/537.36 (KHTML, like Gecko) Chrome/56.0.2924.87 Safari/537.36',
  'accept' => 'image/webp,image/*,*/*;q=0.8',
  'referer' => 'http://tp5.o2o.com/index/index/index.html',
  'accept-encoding' => 'gzip, deflate, sdch',
  'accept-language' => 'zh-CN,zh;q=0.8',
  'cookie' => 'Huiskin=default; PHPSESSID=496rfbark33k6qoe6c43336ai6',
)
[ info ] [ PARAM ] array (
)
[ info ] [ LOG ] INIT File

---------------------------------------------------------------
[ 2017-04-17T17:29:40+08:00 ] 127.0.0.7 127.0.0.1 GET /index/index/index.html
[ log ] tp5.o2o.com/index/index/index.html [运行时间：0.721261s][吞吐率：1.39req/s] [内存消耗：5,098.58kb] [文件加载：61]
[ info ] [ LANG ] F:\study\o2o\thinkphp\lang\zh-cn.php
[ info ] [ ROUTE ] array (
  'type' => 'module',
  'module' => 
  array (
    0 => 'index',
    1 => 'index',
    2 => 'index',
  ),
)
[ info ] [ HEADER ] array (
  'host' => 'tp5.o2o.com',
  'connection' => 'keep-alive',
  'user-agent' => 'Mozilla/5.0 (Windows NT 10.0; Win64; x64) AppleWebKit/537.36 (KHTML, like Gecko) Chrome/56.0.2924.87 Safari/537.36',
  'accept' => 'image/webp,image/*,*/*;q=0.8',
  'referer' => 'http://tp5.o2o.com/index/index/index.html',
  'accept-encoding' => 'gzip, deflate, sdch',
  'accept-language' => 'zh-CN,zh;q=0.8',
  'cookie' => 'Huiskin=default; PHPSESSID=496rfbark33k6qoe6c43336ai6',
)
[ info ] [ PARAM ] array (
)
[ info ] [ CACHE ] INIT redis
[ info ] [ DB ] INIT mysql
[ info ] [ SESSION ] INIT array (
  'prefix' => 'module',
  'type' => 'redis',
  'auto_start' => true,
  'host' => '127.0.0.1',
  'port' => 6379,
  'password' => '',
)
[ info ] [ RUN ] app\index\controller\Index->index[ F:\study\o2o\application\index\controller\Index.php ]
[ info ] [ VIEW ] F:\study\o2o\public/../application/index\view\index\index.html [ array (
  0 => 'citys',
  1 => 'city',
  2 => 'user',
  3 => 'controller',
  4 => 'cates',
  5 => 'featured',
  6 => 'title',
  7 => 'goods',
  8 => 'cateid',
) ]
[ info ] [ LOG ] INIT File

---------------------------------------------------------------
[ 2017-04-17T17:29:46+08:00 ] 127.0.0.7 127.0.0.1 GET /admin
[ log ] tp5.o2o.com/admin [运行时间：0.331173s][吞吐率：3.02req/s] [内存消耗：3,329.71kb] [文件加载：49]
[ info ] [ LANG ] F:\study\o2o\thinkphp\lang\zh-cn.php
[ info ] [ ROUTE ] array (
  'type' => 'module',
  'module' => 
  array (
    0 => 'admin',
    1 => NULL,
    2 => NULL,
  ),
)
[ info ] [ HEADER ] array (
  'host' => 'tp5.o2o.com',
  'connection' => 'keep-alive',
  'upgrade-insecure-requests' => '1',
  'user-agent' => 'Mozilla/5.0 (Windows NT 10.0; Win64; x64) AppleWebKit/537.36 (KHTML, like Gecko) Chrome/56.0.2924.87 Safari/537.36',
  'accept' => 'text/html,application/xhtml+xml,application/xml;q=0.9,image/webp,*/*;q=0.8',
  'accept-encoding' => 'gzip, deflate, sdch',
  'accept-language' => 'zh-CN,zh;q=0.8',
  'cookie' => 'Huiskin=default; PHPSESSID=496rfbark33k6qoe6c43336ai6',
)
[ info ] [ PARAM ] array (
)
[ info ] [ SESSION ] INIT array (
  'prefix' => 'module',
  'type' => 'redis',
  'auto_start' => true,
  'host' => '127.0.0.1',
  'port' => 6379,
  'password' => '',
)
[ info ] [ LOG ] INIT File

---------------------------------------------------------------
[ 2017-04-17T17:29:46+08:00 ] 127.0.0.7 127.0.0.1 GET /admin/admin/login.html
[ log ] tp5.o2o.com/admin/admin/login.html [运行时间：0.309653s][吞吐率：3.23req/s] [内存消耗：3,329.86kb] [文件加载：47]
[ info ] [ LANG ] F:\study\o2o\thinkphp\lang\zh-cn.php
[ info ] [ ROUTE ] array (
  'type' => 'module',
  'module' => 
  array (
    0 => 'admin',
    1 => 'admin',
    2 => 'login',
  ),
)
[ info ] [ HEADER ] array (
  'host' => 'tp5.o2o.com',
  'connection' => 'keep-alive',
  'upgrade-insecure-requests' => '1',
  'user-agent' => 'Mozilla/5.0 (Windows NT 10.0; Win64; x64) AppleWebKit/537.36 (KHTML, like Gecko) Chrome/56.0.2924.87 Safari/537.36',
  'accept' => 'text/html,application/xhtml+xml,application/xml;q=0.9,image/webp,*/*;q=0.8',
  'accept-encoding' => 'gzip, deflate, sdch',
  'accept-language' => 'zh-CN,zh;q=0.8',
  'cookie' => 'Huiskin=default; PHPSESSID=496rfbark33k6qoe6c43336ai6',
)
[ info ] [ PARAM ] array (
)
[ info ] [ RUN ] app\admin\controller\Admin->login[ F:\study\o2o\application\admin\controller\Admin.php ]
[ info ] [ SESSION ] INIT array (
  'prefix' => 'module',
  'type' => 'redis',
  'auto_start' => true,
  'host' => '127.0.0.1',
  'port' => 6379,
  'password' => '',
)
[ info ] [ VIEW ] F:\study\o2o\public/../application/admin\view\admin\login.html [ array (
) ]
[ info ] [ LOG ] INIT File

---------------------------------------------------------------
[ 2017-04-17T17:29:48+08:00 ] 127.0.0.7 127.0.0.1 GET /captcha.html
[ log ] tp5.o2o.com/captcha.html [运行时间：1.317060s][吞吐率：0.76req/s] [内存消耗：2,752.77kb] [文件加载：40]
[ info ] [ LANG ] F:\study\o2o\thinkphp\lang\zh-cn.php
[ info ] [ ROUTE ] array (
  'type' => 'method',
  'method' => 
  array (
    0 => '\\think\\captcha\\CaptchaController',
    1 => 'index',
  ),
  'var' => 
  array (
  ),
)
[ info ] [ HEADER ] array (
  'host' => 'tp5.o2o.com',
  'connection' => 'keep-alive',
  'user-agent' => 'Mozilla/5.0 (Windows NT 10.0; Win64; x64) AppleWebKit/537.36 (KHTML, like Gecko) Chrome/56.0.2924.87 Safari/537.36',
  'accept' => 'image/webp,image/*,*/*;q=0.8',
  'referer' => 'http://tp5.o2o.com/admin/admin/login.html',
  'accept-encoding' => 'gzip, deflate, sdch',
  'accept-language' => 'zh-CN,zh;q=0.8',
  'cookie' => 'Huiskin=default; PHPSESSID=496rfbark33k6qoe6c43336ai6',
)
[ info ] [ PARAM ] array (
  'id' => NULL,
)
[ info ] [ RUN ] think\captcha\CaptchaController->index[ F:\study\o2o\vendor\topthink\think-captcha\src\CaptchaController.php ]
[ info ] [ SESSION ] INIT array (
  'prefix' => 'module',
  'type' => 'redis',
  'auto_start' => true,
  'host' => '127.0.0.1',
  'port' => 6379,
  'password' => '',
)
[ info ] [ LOG ] INIT File

---------------------------------------------------------------
[ 2017-04-17T17:29:54+08:00 ] 127.0.0.7 127.0.0.1 POST /admin/admin/login.html
[ log ] tp5.o2o.com/admin/admin/login.html [运行时间：0.359278s][吞吐率：2.78req/s] [内存消耗：3,310.95kb] [文件加载：49]
[ info ] [ LANG ] F:\study\o2o\thinkphp\lang\zh-cn.php
[ info ] [ ROUTE ] array (
  'type' => 'module',
  'module' => 
  array (
    0 => 'admin',
    1 => 'admin',
    2 => 'login',
  ),
)
[ info ] [ HEADER ] array (
  'host' => 'tp5.o2o.com',
  'connection' => 'keep-alive',
  'content-length' => '36',
  'accept' => '*/*',
  'origin' => 'http://tp5.o2o.com',
  'x-requested-with' => 'XMLHttpRequest',
  'user-agent' => 'Mozilla/5.0 (Windows NT 10.0; Win64; x64) AppleWebKit/537.36 (KHTML, like Gecko) Chrome/56.0.2924.87 Safari/537.36',
  'content-type' => 'application/x-www-form-urlencoded; charset=UTF-8',
  'referer' => 'http://tp5.o2o.com/admin/admin/login.html',
  'accept-encoding' => 'gzip, deflate',
  'accept-language' => 'zh-CN,zh;q=0.8',
  'cookie' => 'Huiskin=default; PHPSESSID=496rfbark33k6qoe6c43336ai6',
)
[ info ] [ PARAM ] array (
  'username' => '刘中林',
)
[ info ] [ RUN ] app\admin\controller\Admin->login[ F:\study\o2o\application\admin\controller\Admin.php ]
[ info ] [ SESSION ] INIT array (
  'prefix' => 'module',
  'type' => 'redis',
  'auto_start' => true,
  'host' => '127.0.0.1',
  'port' => 6379,
  'password' => '',
)
[ info ] [ LOG ] INIT File
[ error ] [8]未定义数组索引: verifyCode[F:\study\o2o\application\admin\controller\Admin.php:20]

---------------------------------------------------------------
[ 2017-04-17T17:30:02+08:00 ] 127.0.0.7 127.0.0.1 POST /admin/admin/login.html
[ log ] tp5.o2o.com/admin/admin/login.html [运行时间：0.313561s][吞吐率：3.19req/s] [内存消耗：3,337.22kb] [文件加载：48]
[ info ] [ LANG ] F:\study\o2o\thinkphp\lang\zh-cn.php
[ info ] [ ROUTE ] array (
  'type' => 'module',
  'module' => 
  array (
    0 => 'admin',
    1 => 'admin',
    2 => 'login',
  ),
)
[ info ] [ HEADER ] array (
  'host' => 'tp5.o2o.com',
  'connection' => 'keep-alive',
  'content-length' => '69',
  'accept' => '*/*',
  'origin' => 'http://tp5.o2o.com',
  'x-requested-with' => 'XMLHttpRequest',
  'user-agent' => 'Mozilla/5.0 (Windows NT 10.0; Win64; x64) AppleWebKit/537.36 (KHTML, like Gecko) Chrome/56.0.2924.87 Safari/537.36',
  'content-type' => 'application/x-www-form-urlencoded; charset=UTF-8',
  'referer' => 'http://tp5.o2o.com/admin/admin/login.html',
  'accept-encoding' => 'gzip, deflate',
  'accept-language' => 'zh-CN,zh;q=0.8',
  'cookie' => 'Huiskin=default; PHPSESSID=496rfbark33k6qoe6c43336ai6',
)
[ info ] [ PARAM ] array (
  'username' => '刘中林',
  'password' => '123456',
  'verifyCode' => '437dg',
)
[ info ] [ RUN ] app\admin\controller\Admin->login[ F:\study\o2o\application\admin\controller\Admin.php ]
[ info ] [ SESSION ] INIT array (
  'prefix' => 'module',
  'type' => 'redis',
  'auto_start' => true,
  'host' => '127.0.0.1',
  'port' => 6379,
  'password' => '',
)
[ info ] [ LOG ] INIT File

---------------------------------------------------------------
[ 2017-04-17T17:30:05+08:00 ] 127.0.0.7 127.0.0.1 GET /captcha.html
[ log ] tp5.o2o.com/captcha.html [运行时间：0.284224s][吞吐率：3.52req/s] [内存消耗：2,752.91kb] [文件加载：40]
[ info ] [ LANG ] F:\study\o2o\thinkphp\lang\zh-cn.php
[ info ] [ ROUTE ] array (
  'type' => 'method',
  'method' => 
  array (
    0 => '\\think\\captcha\\CaptchaController',
    1 => 'index',
  ),
  'var' => 
  array (
  ),
)
[ info ] [ HEADER ] array (
  'host' => 'tp5.o2o.com',
  'connection' => 'keep-alive',
  'user-agent' => 'Mozilla/5.0 (Windows NT 10.0; Win64; x64) AppleWebKit/537.36 (KHTML, like Gecko) Chrome/56.0.2924.87 Safari/537.36',
  'accept' => 'image/webp,image/*,*/*;q=0.8',
  'referer' => 'http://tp5.o2o.com/admin/admin/login.html',
  'accept-encoding' => 'gzip, deflate, sdch',
  'accept-language' => 'zh-CN,zh;q=0.8',
  'cookie' => 'Huiskin=default; PHPSESSID=496rfbark33k6qoe6c43336ai6',
)
[ info ] [ PARAM ] array (
  'id' => NULL,
)
[ info ] [ RUN ] think\captcha\CaptchaController->index[ F:\study\o2o\vendor\topthink\think-captcha\src\CaptchaController.php ]
[ info ] [ SESSION ] INIT array (
  'prefix' => 'module',
  'type' => 'redis',
  'auto_start' => true,
  'host' => '127.0.0.1',
  'port' => 6379,
  'password' => '',
)
[ info ] [ LOG ] INIT File

---------------------------------------------------------------
[ 2017-04-17T17:30:06+08:00 ] 127.0.0.7 127.0.0.1 GET /captcha.html
[ log ] tp5.o2o.com/captcha.html [运行时间：0.300064s][吞吐率：3.33req/s] [内存消耗：2,752.77kb] [文件加载：40]
[ info ] [ LANG ] F:\study\o2o\thinkphp\lang\zh-cn.php
[ info ] [ ROUTE ] array (
  'type' => 'method',
  'method' => 
  array (
    0 => '\\think\\captcha\\CaptchaController',
    1 => 'index',
  ),
  'var' => 
  array (
  ),
)
[ info ] [ HEADER ] array (
  'host' => 'tp5.o2o.com',
  'connection' => 'keep-alive',
  'user-agent' => 'Mozilla/5.0 (Windows NT 10.0; Win64; x64) AppleWebKit/537.36 (KHTML, like Gecko) Chrome/56.0.2924.87 Safari/537.36',
  'accept' => 'image/webp,image/*,*/*;q=0.8',
  'referer' => 'http://tp5.o2o.com/admin/admin/login.html',
  'accept-encoding' => 'gzip, deflate, sdch',
  'accept-language' => 'zh-CN,zh;q=0.8',
  'cookie' => 'Huiskin=default; PHPSESSID=496rfbark33k6qoe6c43336ai6',
)
[ info ] [ PARAM ] array (
  'id' => NULL,
)
[ info ] [ RUN ] think\captcha\CaptchaController->index[ F:\study\o2o\vendor\topthink\think-captcha\src\CaptchaController.php ]
[ info ] [ SESSION ] INIT array (
  'prefix' => 'module',
  'type' => 'redis',
  'auto_start' => true,
  'host' => '127.0.0.1',
  'port' => 6379,
  'password' => '',
)
[ info ] [ LOG ] INIT File

---------------------------------------------------------------
[ 2017-04-17T17:30:12+08:00 ] 127.0.0.7 127.0.0.1 POST /admin/admin/login.html
[ log ] tp5.o2o.com/admin/admin/login.html [运行时间：0.587767s][吞吐率：1.70req/s] [内存消耗：4,867.05kb] [文件加载：60]
[ info ] [ LANG ] F:\study\o2o\thinkphp\lang\zh-cn.php
[ info ] [ ROUTE ] array (
  'type' => 'module',
  'module' => 
  array (
    0 => 'admin',
    1 => 'admin',
    2 => 'login',
  ),
)
[ info ] [ HEADER ] array (
  'host' => 'tp5.o2o.com',
  'connection' => 'keep-alive',
  'content-length' => '69',
  'accept' => '*/*',
  'origin' => 'http://tp5.o2o.com',
  'x-requested-with' => 'XMLHttpRequest',
  'user-agent' => 'Mozilla/5.0 (Windows NT 10.0; Win64; x64) AppleWebKit/537.36 (KHTML, like Gecko) Chrome/56.0.2924.87 Safari/537.36',
  'content-type' => 'application/x-www-form-urlencoded; charset=UTF-8',
  'referer' => 'http://tp5.o2o.com/admin/admin/login.html',
  'accept-encoding' => 'gzip, deflate',
  'accept-language' => 'zh-CN,zh;q=0.8',
  'cookie' => 'Huiskin=default; PHPSESSID=496rfbark33k6qoe6c43336ai6',
)
[ info ] [ PARAM ] array (
  'username' => '刘中林',
  'password' => '123456',
  'verifyCode' => 'mwtfh',
)
[ info ] [ RUN ] app\admin\controller\Admin->login[ F:\study\o2o\application\admin\controller\Admin.php ]
[ info ] [ SESSION ] INIT array (
  'prefix' => 'module',
  'type' => 'redis',
  'auto_start' => true,
  'host' => '127.0.0.1',
  'port' => 6379,
  'password' => '',
)
[ info ] [ DB ] INIT mysql
[ info ] [ CACHE ] INIT redis
[ info ] [ LOG ] INIT File

---------------------------------------------------------------
[ 2017-04-17T17:30:14+08:00 ] 127.0.0.7 127.0.0.1 GET /admin/index/index.html
[ log ] tp5.o2o.com/admin/index/index.html [运行时间：0.356062s][吞吐率：2.81req/s] [内存消耗：3,348.42kb] [文件加载：49]
[ info ] [ LANG ] F:\study\o2o\thinkphp\lang\zh-cn.php
[ info ] [ ROUTE ] array (
  'type' => 'module',
  'module' => 
  array (
    0 => 'admin',
    1 => 'index',
    2 => 'index',
  ),
)
[ info ] [ HEADER ] array (
  'host' => 'tp5.o2o.com',
  'connection' => 'keep-alive',
  'upgrade-insecure-requests' => '1',
  'user-agent' => 'Mozilla/5.0 (Windows NT 10.0; Win64; x64) AppleWebKit/537.36 (KHTML, like Gecko) Chrome/56.0.2924.87 Safari/537.36',
  'accept' => 'text/html,application/xhtml+xml,application/xml;q=0.9,image/webp,*/*;q=0.8',
  'referer' => 'http://tp5.o2o.com/admin/admin/login.html',
  'accept-encoding' => 'gzip, deflate, sdch',
  'accept-language' => 'zh-CN,zh;q=0.8',
  'cookie' => 'Huiskin=default; PHPSESSID=496rfbark33k6qoe6c43336ai6',
)
[ info ] [ PARAM ] array (
)
[ info ] [ SESSION ] INIT array (
  'prefix' => 'module',
  'type' => 'redis',
  'auto_start' => true,
  'host' => '127.0.0.1',
  'port' => 6379,
  'password' => '',
)
[ info ] [ RUN ] app\admin\controller\Index->index[ F:\study\o2o\application\admin\controller\Index.php ]
[ info ] [ VIEW ] F:\study\o2o\public/../application/admin\view\index\index.html [ array (
  0 => 'isSuper',
  1 => 'user',
) ]
[ info ] [ LOG ] INIT File

---------------------------------------------------------------
[ 2017-04-17T17:30:15+08:00 ] 127.0.0.7 127.0.0.1 GET /admin/index/welcome.html
[ log ] tp5.o2o.com/admin/index/welcome.html [运行时间：0.447417s][吞吐率：2.24req/s] [内存消耗：3,233.41kb] [文件加载：47]
[ info ] [ LANG ] F:\study\o2o\thinkphp\lang\zh-cn.php
[ info ] [ ROUTE ] array (
  'type' => 'module',
  'module' => 
  array (
    0 => 'admin',
    1 => 'index',
    2 => 'welcome',
  ),
)
[ info ] [ HEADER ] array (
  'host' => 'tp5.o2o.com',
  'connection' => 'keep-alive',
  'upgrade-insecure-requests' => '1',
  'user-agent' => 'Mozilla/5.0 (Windows NT 10.0; Win64; x64) AppleWebKit/537.36 (KHTML, like Gecko) Chrome/56.0.2924.87 Safari/537.36',
  'accept' => 'text/html,application/xhtml+xml,application/xml;q=0.9,image/webp,*/*;q=0.8',
  'referer' => 'http://tp5.o2o.com/admin/index/index.html',
  'accept-encoding' => 'gzip, deflate, sdch',
  'accept-language' => 'zh-CN,zh;q=0.8',
  'cookie' => 'Huiskin=default; PHPSESSID=496rfbark33k6qoe6c43336ai6',
)
[ info ] [ PARAM ] array (
)
[ info ] [ SESSION ] INIT array (
  'prefix' => 'module',
  'type' => 'redis',
  'auto_start' => true,
  'host' => '127.0.0.1',
  'port' => 6379,
  'password' => '',
)
[ info ] [ RUN ] app\admin\controller\Index->welcome[ F:\study\o2o\application\admin\controller\Index.php ]
[ info ] [ LOG ] INIT File

---------------------------------------------------------------
[ 2017-04-17T17:30:19+08:00 ] 127.0.0.7 127.0.0.1 GET /admin/category/index.html
[ log ] tp5.o2o.com/admin/category/index.html [运行时间：0.788712s][吞吐率：1.27req/s] [内存消耗：4,806.62kb] [文件加载：57]
[ info ] [ LANG ] F:\study\o2o\thinkphp\lang\zh-cn.php
[ info ] [ ROUTE ] array (
  'type' => 'module',
  'module' => 
  array (
    0 => 'admin',
    1 => 'category',
    2 => 'index',
  ),
)
[ info ] [ HEADER ] array (
  'host' => 'tp5.o2o.com',
  'connection' => 'keep-alive',
  'upgrade-insecure-requests' => '1',
  'user-agent' => 'Mozilla/5.0 (Windows NT 10.0; Win64; x64) AppleWebKit/537.36 (KHTML, like Gecko) Chrome/56.0.2924.87 Safari/537.36',
  'accept' => 'text/html,application/xhtml+xml,application/xml;q=0.9,image/webp,*/*;q=0.8',
  'referer' => 'http://tp5.o2o.com/admin/index/index.html',
  'accept-encoding' => 'gzip, deflate, sdch',
  'accept-language' => 'zh-CN,zh;q=0.8',
  'cookie' => 'Huiskin=default; PHPSESSID=496rfbark33k6qoe6c43336ai6',
)
[ info ] [ PARAM ] array (
)
[ info ] [ DB ] INIT mysql
[ info ] [ RUN ] app\admin\controller\Category->index[ F:\study\o2o\application\admin\controller\Category.php ]
[ info ] [ VIEW ] F:\study\o2o\public/../application/admin\view\category\index.html [ array (
  0 => 'cates',
) ]
[ info ] [ LOG ] INIT File

---------------------------------------------------------------
[ 2017-04-17T17:30:24+08:00 ] 127.0.0.7 127.0.0.1 GET /admin/category/add.html
[ log ] tp5.o2o.com/admin/category/add.html [运行时间：0.575053s][吞吐率：1.74req/s] [内存消耗：4,626.61kb] [文件加载：54]
[ info ] [ LANG ] F:\study\o2o\thinkphp\lang\zh-cn.php
[ info ] [ ROUTE ] array (
  'type' => 'module',
  'module' => 
  array (
    0 => 'admin',
    1 => 'category',
    2 => 'add',
  ),
)
[ info ] [ HEADER ] array (
  'host' => 'tp5.o2o.com',
  'connection' => 'keep-alive',
  'upgrade-insecure-requests' => '1',
  'user-agent' => 'Mozilla/5.0 (Windows NT 10.0; Win64; x64) AppleWebKit/537.36 (KHTML, like Gecko) Chrome/56.0.2924.87 Safari/537.36',
  'accept' => 'text/html,application/xhtml+xml,application/xml;q=0.9,image/webp,*/*;q=0.8',
  'referer' => 'http://tp5.o2o.com/admin/category/index.html',
  'accept-encoding' => 'gzip, deflate, sdch',
  'accept-language' => 'zh-CN,zh;q=0.8',
  'cookie' => 'Huiskin=default; PHPSESSID=496rfbark33k6qoe6c43336ai6',
)
[ info ] [ PARAM ] array (
)
[ info ] [ DB ] INIT mysql
[ info ] [ RUN ] app\admin\controller\Category->add[ F:\study\o2o\application\admin\controller\Category.php ]
[ info ] [ VIEW ] F:\study\o2o\public/../application/admin\view\category\add.html [ array (
  0 => 'cates',
) ]
[ info ] [ LOG ] INIT File

---------------------------------------------------------------
[ 2017-04-17T17:30:42+08:00 ] 127.0.0.7 127.0.0.1 GET /admin/citys/index.html
[ log ] tp5.o2o.com/admin/citys/index.html [运行时间：0.556031s][吞吐率：1.80req/s] [内存消耗：4,804.05kb] [文件加载：57]
[ info ] [ LANG ] F:\study\o2o\thinkphp\lang\zh-cn.php
[ info ] [ ROUTE ] array (
  'type' => 'module',
  'module' => 
  array (
    0 => 'admin',
    1 => 'citys',
    2 => 'index',
  ),
)
[ info ] [ HEADER ] array (
  'host' => 'tp5.o2o.com',
  'connection' => 'keep-alive',
  'upgrade-insecure-requests' => '1',
  'user-agent' => 'Mozilla/5.0 (Windows NT 10.0; Win64; x64) AppleWebKit/537.36 (KHTML, like Gecko) Chrome/56.0.2924.87 Safari/537.36',
  'accept' => 'text/html,application/xhtml+xml,application/xml;q=0.9,image/webp,*/*;q=0.8',
  'referer' => 'http://tp5.o2o.com/admin/index/index.html',
  'accept-encoding' => 'gzip, deflate, sdch',
  'accept-language' => 'zh-CN,zh;q=0.8',
  'cookie' => 'Huiskin=default; PHPSESSID=496rfbark33k6qoe6c43336ai6',
)
[ info ] [ PARAM ] array (
)
[ info ] [ DB ] INIT mysql
[ info ] [ RUN ] app\admin\controller\Citys->index[ F:\study\o2o\application\admin\controller\Citys.php ]
[ info ] [ VIEW ] F:\study\o2o\public/../application/admin\view\citys\index.html [ array (
  0 => 'citys',
) ]
[ info ] [ LOG ] INIT File

---------------------------------------------------------------
[ 2017-04-17T17:30:53+08:00 ] 127.0.0.7 127.0.0.1 GET /admin/bis/index.html
[ log ] tp5.o2o.com/admin/bis/index.html [运行时间：0.533121s][吞吐率：1.88req/s] [内存消耗：4,970.50kb] [文件加载：60]
[ info ] [ LANG ] F:\study\o2o\thinkphp\lang\zh-cn.php
[ info ] [ ROUTE ] array (
  'type' => 'module',
  'module' => 
  array (
    0 => 'admin',
    1 => 'bis',
    2 => 'index',
  ),
)
[ info ] [ HEADER ] array (
  'host' => 'tp5.o2o.com',
  'connection' => 'keep-alive',
  'upgrade-insecure-requests' => '1',
  'user-agent' => 'Mozilla/5.0 (Windows NT 10.0; Win64; x64) AppleWebKit/537.36 (KHTML, like Gecko) Chrome/56.0.2924.87 Safari/537.36',
  'accept' => 'text/html,application/xhtml+xml,application/xml;q=0.9,image/webp,*/*;q=0.8',
  'referer' => 'http://tp5.o2o.com/admin/index/index.html',
  'accept-encoding' => 'gzip, deflate, sdch',
  'accept-language' => 'zh-CN,zh;q=0.8',
  'cookie' => 'Huiskin=default; PHPSESSID=496rfbark33k6qoe6c43336ai6',
)
[ info ] [ PARAM ] array (
)
[ info ] [ SESSION ] INIT array (
  'prefix' => 'module',
  'type' => 'redis',
  'auto_start' => true,
  'host' => '127.0.0.1',
  'port' => 6379,
  'password' => '',
)
[ info ] [ RUN ] app\admin\controller\Bis->index[ F:\study\o2o\application\admin\controller\Bis.php ]
[ info ] [ DB ] INIT mysql
[ info ] [ VIEW ] F:\study\o2o\public/../application/admin\view\bis\index.html [ array (
  0 => 'isSuper',
  1 => 'bis',
) ]
[ info ] [ LOG ] INIT File

---------------------------------------------------------------
[ 2017-04-17T17:31:01+08:00 ] 127.0.0.7 127.0.0.1 GET /admin/bis/apply.html
[ log ] tp5.o2o.com/admin/bis/apply.html [运行时间：0.497703s][吞吐率：2.01req/s] [内存消耗：4,970.43kb] [文件加载：60]
[ info ] [ LANG ] F:\study\o2o\thinkphp\lang\zh-cn.php
[ info ] [ ROUTE ] array (
  'type' => 'module',
  'module' => 
  array (
    0 => 'admin',
    1 => 'bis',
    2 => 'apply',
  ),
)
[ info ] [ HEADER ] array (
  'host' => 'tp5.o2o.com',
  'connection' => 'keep-alive',
  'upgrade-insecure-requests' => '1',
  'user-agent' => 'Mozilla/5.0 (Windows NT 10.0; Win64; x64) AppleWebKit/537.36 (KHTML, like Gecko) Chrome/56.0.2924.87 Safari/537.36',
  'accept' => 'text/html,application/xhtml+xml,application/xml;q=0.9,image/webp,*/*;q=0.8',
  'referer' => 'http://tp5.o2o.com/admin/index/index.html',
  'accept-encoding' => 'gzip, deflate, sdch',
  'accept-language' => 'zh-CN,zh;q=0.8',
  'cookie' => 'Huiskin=default; PHPSESSID=496rfbark33k6qoe6c43336ai6',
)
[ info ] [ PARAM ] array (
)
[ info ] [ SESSION ] INIT array (
  'prefix' => 'module',
  'type' => 'redis',
  'auto_start' => true,
  'host' => '127.0.0.1',
  'port' => 6379,
  'password' => '',
)
[ info ] [ RUN ] app\admin\controller\Bis->apply[ F:\study\o2o\application\admin\controller\Bis.php ]
[ info ] [ DB ] INIT mysql
[ info ] [ VIEW ] F:\study\o2o\public/../application/admin\view\bis\apply.html [ array (
  0 => 'isSuper',
  1 => 'bis',
) ]
[ info ] [ LOG ] INIT File

---------------------------------------------------------------
[ 2017-04-17T17:31:12+08:00 ] 127.0.0.7 127.0.0.1 GET /bis
[ log ] tp5.o2o.com/bis [运行时间：0.304140s][吞吐率：3.29req/s] [内存消耗：3,365.18kb] [文件加载：52]
[ info ] [ LANG ] F:\study\o2o\thinkphp\lang\zh-cn.php
[ info ] [ ROUTE ] array (
  'type' => 'module',
  'module' => 
  array (
    0 => 'bis',
    1 => NULL,
    2 => NULL,
  ),
)
[ info ] [ HEADER ] array (
  'host' => 'tp5.o2o.com',
  'connection' => 'keep-alive',
  'upgrade-insecure-requests' => '1',
  'user-agent' => 'Mozilla/5.0 (Windows NT 10.0; Win64; x64) AppleWebKit/537.36 (KHTML, like Gecko) Chrome/56.0.2924.87 Safari/537.36',
  'accept' => 'text/html,application/xhtml+xml,application/xml;q=0.9,image/webp,*/*;q=0.8',
  'accept-encoding' => 'gzip, deflate, sdch',
  'accept-language' => 'zh-CN,zh;q=0.8',
  'cookie' => 'Huiskin=default; PHPSESSID=496rfbark33k6qoe6c43336ai6',
)
[ info ] [ PARAM ] array (
)
[ info ] [ SESSION ] INIT array (
  'prefix' => 'module',
  'type' => 'redis',
  'auto_start' => true,
  'host' => '127.0.0.1',
  'port' => 6379,
  'password' => '',
)
[ info ] [ LOG ] INIT File

---------------------------------------------------------------
[ 2017-04-17T17:31:13+08:00 ] 127.0.0.7 127.0.0.1 GET /bis/login/index.html
[ log ] tp5.o2o.com/bis/login/index.html [运行时间：0.347270s][吞吐率：2.88req/s] [内存消耗：3,331.30kb] [文件加载：50]
[ info ] [ LANG ] F:\study\o2o\thinkphp\lang\zh-cn.php
[ info ] [ ROUTE ] array (
  'type' => 'module',
  'module' => 
  array (
    0 => 'bis',
    1 => 'login',
    2 => 'index',
  ),
)
[ info ] [ HEADER ] array (
  'host' => 'tp5.o2o.com',
  'connection' => 'keep-alive',
  'upgrade-insecure-requests' => '1',
  'user-agent' => 'Mozilla/5.0 (Windows NT 10.0; Win64; x64) AppleWebKit/537.36 (KHTML, like Gecko) Chrome/56.0.2924.87 Safari/537.36',
  'accept' => 'text/html,application/xhtml+xml,application/xml;q=0.9,image/webp,*/*;q=0.8',
  'accept-encoding' => 'gzip, deflate, sdch',
  'accept-language' => 'zh-CN,zh;q=0.8',
  'cookie' => 'Huiskin=default; PHPSESSID=496rfbark33k6qoe6c43336ai6',
)
[ info ] [ PARAM ] array (
)
[ info ] [ RUN ] app\bis\controller\Login->index[ F:\study\o2o\application\bis\controller\Login.php ]
[ info ] [ SESSION ] INIT array (
  'prefix' => 'module',
  'type' => 'redis',
  'auto_start' => true,
  'host' => '127.0.0.1',
  'port' => 6379,
  'password' => '',
)
[ info ] [ VIEW ] F:\study\o2o\public/../application/bis\view\login\index.html [ array (
) ]
[ info ] [ LOG ] INIT File

---------------------------------------------------------------
[ 2017-04-17T17:31:28+08:00 ] 127.0.0.7 127.0.0.1 POST /bis/login/index.html
[ log ] tp5.o2o.com/bis/login/index.html [运行时间：0.481582s][吞吐率：2.08req/s] [内存消耗：4,736.67kb] [文件加载：60]
[ info ] [ LANG ] F:\study\o2o\thinkphp\lang\zh-cn.php
[ info ] [ ROUTE ] array (
  'type' => 'module',
  'module' => 
  array (
    0 => 'bis',
    1 => 'login',
    2 => 'index',
  ),
)
[ info ] [ HEADER ] array (
  'host' => 'tp5.o2o.com',
  'connection' => 'keep-alive',
  'content-length' => '28',
  'cache-control' => 'max-age=0',
  'origin' => 'http://tp5.o2o.com',
  'upgrade-insecure-requests' => '1',
  'user-agent' => 'Mozilla/5.0 (Windows NT 10.0; Win64; x64) AppleWebKit/537.36 (KHTML, like Gecko) Chrome/56.0.2924.87 Safari/537.36',
  'content-type' => 'application/x-www-form-urlencoded',
  'accept' => 'text/html,application/xhtml+xml,application/xml;q=0.9,image/webp,*/*;q=0.8',
  'referer' => 'http://tp5.o2o.com/bis/login/index.html',
  'accept-encoding' => 'gzip, deflate',
  'accept-language' => 'zh-CN,zh;q=0.8',
  'cookie' => 'Huiskin=default; PHPSESSID=496rfbark33k6qoe6c43336ai6',
)
[ info ] [ PARAM ] array (
  'username' => 'liu',
  'password' => '123456',
)
[ info ] [ RUN ] app\bis\controller\Login->index[ F:\study\o2o\application\bis\controller\Login.php ]
[ info ] [ DB ] INIT mysql
[ info ] [ SESSION ] INIT array (
  'prefix' => 'module',
  'type' => 'redis',
  'auto_start' => true,
  'host' => '127.0.0.1',
  'port' => 6379,
  'password' => '',
)
[ info ] [ VIEW ] F:\study\o2o\thinkphp\tpl\dispatch_jump.tpl [ array (
  0 => 'code',
  1 => 'msg',
  2 => 'data',
  3 => 'url',
  4 => 'wait',
) ]
[ info ] [ LOG ] INIT File

---------------------------------------------------------------
[ 2017-04-17T17:31:32+08:00 ] 127.0.0.7 127.0.0.1 GET /bis/index/index.html
[ log ] tp5.o2o.com/bis/index/index.html [运行时间：0.334845s][吞吐率：2.99req/s] [内存消耗：3,382.17kb] [文件加载：52]
[ info ] [ LANG ] F:\study\o2o\thinkphp\lang\zh-cn.php
[ info ] [ ROUTE ] array (
  'type' => 'module',
  'module' => 
  array (
    0 => 'bis',
    1 => 'index',
    2 => 'index',
  ),
)
[ info ] [ HEADER ] array (
  'host' => 'tp5.o2o.com',
  'connection' => 'keep-alive',
  'upgrade-insecure-requests' => '1',
  'user-agent' => 'Mozilla/5.0 (Windows NT 10.0; Win64; x64) AppleWebKit/537.36 (KHTML, like Gecko) Chrome/56.0.2924.87 Safari/537.36',
  'accept' => 'text/html,application/xhtml+xml,application/xml;q=0.9,image/webp,*/*;q=0.8',
  'referer' => 'http://tp5.o2o.com/bis/login/index.html',
  'accept-encoding' => 'gzip, deflate, sdch',
  'accept-language' => 'zh-CN,zh;q=0.8',
  'cookie' => 'Huiskin=default; PHPSESSID=496rfbark33k6qoe6c43336ai6',
)
[ info ] [ PARAM ] array (
)
[ info ] [ SESSION ] INIT array (
  'prefix' => 'module',
  'type' => 'redis',
  'auto_start' => true,
  'host' => '127.0.0.1',
  'port' => 6379,
  'password' => '',
)
[ info ] [ RUN ] app\bis\controller\Index->index[ F:\study\o2o\application\bis\controller\Index.php ]
[ info ] [ VIEW ] F:\study\o2o\public/../application/bis\view\index\index.html [ array (
) ]
[ info ] [ LOG ] INIT File

---------------------------------------------------------------
[ 2017-04-17T17:31:40+08:00 ] 127.0.0.7 127.0.0.1 GET /bis/location/add.html
[ log ] tp5.o2o.com/bis/location/add.html [运行时间：0.609840s][吞吐率：1.64req/s] [内存消耗：4,676.59kb] [文件加载：56]
[ info ] [ LANG ] F:\study\o2o\thinkphp\lang\zh-cn.php
[ info ] [ ROUTE ] array (
  'type' => 'module',
  'module' => 
  array (
    0 => 'bis',
    1 => 'location',
    2 => 'add',
  ),
)
[ info ] [ HEADER ] array (
  'host' => 'tp5.o2o.com',
  'connection' => 'keep-alive',
  'upgrade-insecure-requests' => '1',
  'user-agent' => 'Mozilla/5.0 (Windows NT 10.0; Win64; x64) AppleWebKit/537.36 (KHTML, like Gecko) Chrome/56.0.2924.87 Safari/537.36',
  'accept' => 'text/html,application/xhtml+xml,application/xml;q=0.9,image/webp,*/*;q=0.8',
  'referer' => 'http://tp5.o2o.com/bis/index/index.html',
  'accept-encoding' => 'gzip, deflate, sdch',
  'accept-language' => 'zh-CN,zh;q=0.8',
  'cookie' => 'Huiskin=default; PHPSESSID=496rfbark33k6qoe6c43336ai6',
)
[ info ] [ PARAM ] array (
)
[ info ] [ RUN ] app\bis\controller\Location->add[ F:\study\o2o\application\bis\controller\Location.php ]
[ info ] [ DB ] INIT mysql
[ info ] [ VIEW ] F:\study\o2o\public/../application/bis\view\location\add.html [ array (
  0 => 'citys',
  1 => 'categorys',
) ]
[ info ] [ LOG ] INIT File

---------------------------------------------------------------
[ 2017-04-17T17:31:45+08:00 ] 127.0.0.7 127.0.0.1 GET /bis/location/
[ log ] tp5.o2o.com/bis/location/ [运行时间：0.728099s][吞吐率：1.37req/s] [内存消耗：5,008.97kb] [文件加载：62]
[ info ] [ LANG ] F:\study\o2o\thinkphp\lang\zh-cn.php
[ info ] [ ROUTE ] array (
  'type' => 'module',
  'module' => 
  array (
    0 => 'bis',
    1 => 'location',
    2 => NULL,
  ),
)
[ info ] [ HEADER ] array (
  'host' => 'tp5.o2o.com',
  'connection' => 'keep-alive',
  'user-agent' => 'Mozilla/5.0 (Windows NT 10.0; Win64; x64) AppleWebKit/537.36 (KHTML, like Gecko) Chrome/56.0.2924.87 Safari/537.36',
  'x-requested-with' => 'ShockwaveFlash/25.0.0.127',
  'accept' => '*/*',
  'referer' => 'http://tp5.o2o.com/bis/location/add.html',
  'accept-encoding' => 'gzip, deflate, sdch',
  'accept-language' => 'zh-CN,zh;q=0.8',
  'cookie' => 'Huiskin=default; PHPSESSID=496rfbark33k6qoe6c43336ai6',
)
[ info ] [ PARAM ] array (
)
[ info ] [ RUN ] app\bis\controller\Location->index[ F:\study\o2o\application\bis\controller\Location.php ]
[ info ] [ SESSION ] INIT array (
  'prefix' => 'module',
  'type' => 'redis',
  'auto_start' => true,
  'host' => '127.0.0.1',
  'port' => 6379,
  'password' => '',
)
[ info ] [ DB ] INIT mysql
[ info ] [ VIEW ] F:\study\o2o\public/../application/bis\view\location\index.html [ array (
  0 => 'locations',
) ]
[ info ] [ LOG ] INIT File

---------------------------------------------------------------
[ 2017-04-17T17:31:59+08:00 ] 127.0.0.7 127.0.0.1 GET /admin/bis_location/apply.html
[ log ] tp5.o2o.com/admin/bis_location/apply.html [运行时间：0.628088s][吞吐率：1.59req/s] [内存消耗：5,072.69kb] [文件加载：62]
[ info ] [ LANG ] F:\study\o2o\thinkphp\lang\zh-cn.php
[ info ] [ ROUTE ] array (
  'type' => 'module',
  'module' => 
  array (
    0 => 'admin',
    1 => 'bis_location',
    2 => 'apply',
  ),
)
[ info ] [ HEADER ] array (
  'host' => 'tp5.o2o.com',
  'connection' => 'keep-alive',
  'upgrade-insecure-requests' => '1',
  'user-agent' => 'Mozilla/5.0 (Windows NT 10.0; Win64; x64) AppleWebKit/537.36 (KHTML, like Gecko) Chrome/56.0.2924.87 Safari/537.36',
  'accept' => 'text/html,application/xhtml+xml,application/xml;q=0.9,image/webp,*/*;q=0.8',
  'referer' => 'http://tp5.o2o.com/admin/index/index.html',
  'accept-encoding' => 'gzip, deflate, sdch',
  'accept-language' => 'zh-CN,zh;q=0.8',
  'cookie' => 'Huiskin=default; PHPSESSID=496rfbark33k6qoe6c43336ai6',
)
[ info ] [ PARAM ] array (
)
[ info ] [ SESSION ] INIT array (
  'prefix' => 'module',
  'type' => 'redis',
  'auto_start' => true,
  'host' => '127.0.0.1',
  'port' => 6379,
  'password' => '',
)
[ info ] [ RUN ] app\admin\controller\BisLocation->apply[ F:\study\o2o\application\admin\controller\BisLocation.php ]
[ info ] [ DB ] INIT mysql
[ info ] [ VIEW ] F:\study\o2o\public/../application/admin\view\bis_location\apply.html [ array (
  0 => 'isSuper',
  1 => 'stores',
) ]
[ info ] [ LOG ] INIT File

---------------------------------------------------------------
[ 2017-04-17T17:32:06+08:00 ] 127.0.0.7 127.0.0.1 POST /bis/location/add.html
[ log ] tp5.o2o.com/bis/location/add.html [运行时间：0.274165s][吞吐率：3.65req/s] [内存消耗：2,636.50kb] [文件加载：46]
[ info ] [ LANG ] F:\study\o2o\thinkphp\lang\zh-cn.php
[ info ] [ ROUTE ] array (
  'type' => 'module',
  'module' => 
  array (
    0 => 'bis',
    1 => 'location',
    2 => 'add',
  ),
)
[ info ] [ HEADER ] array (
  'host' => 'tp5.o2o.com',
  'connection' => 'keep-alive',
  'content-length' => '93',
  'cache-control' => 'max-age=0',
  'origin' => 'http://tp5.o2o.com',
  'upgrade-insecure-requests' => '1',
  'user-agent' => 'Mozilla/5.0 (Windows NT 10.0; Win64; x64) AppleWebKit/537.36 (KHTML, like Gecko) Chrome/56.0.2924.87 Safari/537.36',
  'content-type' => 'application/x-www-form-urlencoded',
  'accept' => 'text/html,application/xhtml+xml,application/xml;q=0.9,image/webp,*/*;q=0.8',
  'referer' => 'http://tp5.o2o.com/bis/location/add.html',
  'accept-encoding' => 'gzip, deflate',
  'accept-language' => 'zh-CN,zh;q=0.8',
  'cookie' => 'Huiskin=default; PHPSESSID=496rfbark33k6qoe6c43336ai6',
)
[ info ] [ PARAM ] array (
  'name' => '',
  'bank_info' => '',
  'city_id' => '0',
  'se_city_id' => '0',
  'logo' => '',
  'category_id' => '0',
  'address' => '',
  'tel' => '',
  'contact' => '',
  'open_time' => '',
)
[ info ] [ RUN ] app\bis\controller\Location->add[ F:\study\o2o\application\bis\controller\Location.php ]
[ info ] [ VIEW ] F:\study\o2o\thinkphp\tpl\dispatch_jump.tpl [ array (
  0 => 'code',
  1 => 'msg',
  2 => 'data',
  3 => 'url',
  4 => 'wait',
) ]
[ info ] [ LOG ] INIT File

---------------------------------------------------------------
[ 2017-04-17T17:32:11+08:00 ] 127.0.0.7 127.0.0.1 GET /bis/location/add.html
[ log ] tp5.o2o.com/bis/location/add.html [运行时间：0.498247s][吞吐率：2.01req/s] [内存消耗：4,676.59kb] [文件加载：56]
[ info ] [ LANG ] F:\study\o2o\thinkphp\lang\zh-cn.php
[ info ] [ ROUTE ] array (
  'type' => 'module',
  'module' => 
  array (
    0 => 'bis',
    1 => 'location',
    2 => 'add',
  ),
)
[ info ] [ HEADER ] array (
  'host' => 'tp5.o2o.com',
  'connection' => 'keep-alive',
  'upgrade-insecure-requests' => '1',
  'user-agent' => 'Mozilla/5.0 (Windows NT 10.0; Win64; x64) AppleWebKit/537.36 (KHTML, like Gecko) Chrome/56.0.2924.87 Safari/537.36',
  'accept' => 'text/html,application/xhtml+xml,application/xml;q=0.9,image/webp,*/*;q=0.8',
  'referer' => 'http://tp5.o2o.com/bis/index/index.html',
  'accept-encoding' => 'gzip, deflate, sdch',
  'accept-language' => 'zh-CN,zh;q=0.8',
  'cookie' => 'Huiskin=default; PHPSESSID=496rfbark33k6qoe6c43336ai6',
)
[ info ] [ PARAM ] array (
)
[ info ] [ RUN ] app\bis\controller\Location->add[ F:\study\o2o\application\bis\controller\Location.php ]
[ info ] [ DB ] INIT mysql
[ info ] [ VIEW ] F:\study\o2o\public/../application/bis\view\location\add.html [ array (
  0 => 'citys',
  1 => 'categorys',
) ]
[ info ] [ LOG ] INIT File

---------------------------------------------------------------
[ 2017-04-17T17:32:15+08:00 ] 127.0.0.7 127.0.0.1 GET /bis/location/
[ log ] tp5.o2o.com/bis/location/ [运行时间：0.449816s][吞吐率：2.22req/s] [内存消耗：5,008.97kb] [文件加载：62]
[ info ] [ LANG ] F:\study\o2o\thinkphp\lang\zh-cn.php
[ info ] [ ROUTE ] array (
  'type' => 'module',
  'module' => 
  array (
    0 => 'bis',
    1 => 'location',
    2 => NULL,
  ),
)
[ info ] [ HEADER ] array (
  'host' => 'tp5.o2o.com',
  'connection' => 'keep-alive',
  'user-agent' => 'Mozilla/5.0 (Windows NT 10.0; Win64; x64) AppleWebKit/537.36 (KHTML, like Gecko) Chrome/56.0.2924.87 Safari/537.36',
  'x-requested-with' => 'ShockwaveFlash/25.0.0.127',
  'accept' => '*/*',
  'referer' => 'http://tp5.o2o.com/bis/location/add.html',
  'accept-encoding' => 'gzip, deflate, sdch',
  'accept-language' => 'zh-CN,zh;q=0.8',
  'cookie' => 'Huiskin=default; PHPSESSID=496rfbark33k6qoe6c43336ai6',
)
[ info ] [ PARAM ] array (
)
[ info ] [ RUN ] app\bis\controller\Location->index[ F:\study\o2o\application\bis\controller\Location.php ]
[ info ] [ SESSION ] INIT array (
  'prefix' => 'module',
  'type' => 'redis',
  'auto_start' => true,
  'host' => '127.0.0.1',
  'port' => 6379,
  'password' => '',
)
[ info ] [ DB ] INIT mysql
[ info ] [ VIEW ] F:\study\o2o\public/../application/bis\view\location\index.html [ array (
  0 => 'locations',
) ]
[ info ] [ LOG ] INIT File

---------------------------------------------------------------
[ 2017-04-17T17:32:18+08:00 ] 127.0.0.7 127.0.0.1 GET /admin/bis_location/detail.html?id=14
[ log ] tp5.o2o.com/admin/bis_location/detail.html?id=14 [运行时间：0.785859s][吞吐率：1.27req/s] [内存消耗：4,868.58kb] [文件加载：59]
[ info ] [ LANG ] F:\study\o2o\thinkphp\lang\zh-cn.php
[ info ] [ ROUTE ] array (
  'type' => 'module',
  'module' => 
  array (
    0 => 'admin',
    1 => 'bis_location',
    2 => 'detail',
  ),
)
[ info ] [ HEADER ] array (
  'host' => 'tp5.o2o.com',
  'connection' => 'keep-alive',
  'upgrade-insecure-requests' => '1',
  'user-agent' => 'Mozilla/5.0 (Windows NT 10.0; Win64; x64) AppleWebKit/537.36 (KHTML, like Gecko) Chrome/56.0.2924.87 Safari/537.36',
  'accept' => 'text/html,application/xhtml+xml,application/xml;q=0.9,image/webp,*/*;q=0.8',
  'referer' => 'http://tp5.o2o.com/admin/bis_location/apply.html',
  'accept-encoding' => 'gzip, deflate, sdch',
  'accept-language' => 'zh-CN,zh;q=0.8',
  'cookie' => 'Huiskin=default; PHPSESSID=496rfbark33k6qoe6c43336ai6',
)
[ info ] [ PARAM ] array (
  'id' => '14',
)
[ info ] [ SESSION ] INIT array (
  'prefix' => 'module',
  'type' => 'redis',
  'auto_start' => true,
  'host' => '127.0.0.1',
  'port' => 6379,
  'password' => '',
)
[ info ] [ RUN ] app\admin\controller\BisLocation->detail[ F:\study\o2o\application\admin\controller\BisLocation.php ]
[ info ] [ DB ] INIT mysql
[ info ] [ VIEW ] F:\study\o2o\public/../application/admin\view\bis_location\detail.html [ array (
  0 => 'isSuper',
  1 => 'citys',
  2 => 'categorys',
  3 => 'store',
) ]
[ info ] [ LOG ] INIT File

---------------------------------------------------------------
[ 2017-04-17T17:32:18+08:00 ] 127.0.0.7 127.0.0.1 GET /admin/bis_location/upload/2017/04/05/14913786744104jpg
[ log ] tp5.o2o.com/admin/bis_location/upload/2017/04/05/14913786744104jpg [运行时间：0.439619s][吞吐率：2.27req/s] [内存消耗：3,392.72kb] [文件加载：51]
[ info ] [ LANG ] F:\study\o2o\thinkphp\lang\zh-cn.php
[ info ] [ ROUTE ] array (
  'type' => 'module',
  'module' => 
  array (
    0 => 'admin',
    1 => 'bis_location',
    2 => 'upload',
  ),
)
[ info ] [ HEADER ] array (
  'host' => 'tp5.o2o.com',
  'connection' => 'keep-alive',
  'user-agent' => 'Mozilla/5.0 (Windows NT 10.0; Win64; x64) AppleWebKit/537.36 (KHTML, like Gecko) Chrome/56.0.2924.87 Safari/537.36',
  'accept' => 'image/webp,image/*,*/*;q=0.8',
  'referer' => 'http://tp5.o2o.com/admin/bis_location/detail.html?id=14',
  'accept-encoding' => 'gzip, deflate, sdch',
  'accept-language' => 'zh-CN,zh;q=0.8',
  'cookie' => 'Huiskin=default; PHPSESSID=496rfbark33k6qoe6c43336ai6',
)
[ info ] [ PARAM ] array (
  0 => '04',
  '05' => '14913786744104jpg',
)
[ info ] [ SESSION ] INIT array (
  'prefix' => 'module',
  'type' => 'redis',
  'auto_start' => true,
  'host' => '127.0.0.1',
  'port' => 6379,
  'password' => '',
)
[ info ] [ LOG ] INIT File

---------------------------------------------------------------
[ 2017-04-17T17:32:28+08:00 ] 127.0.0.7 127.0.0.1 GET /admin/bis_location/dellist.html
[ log ] tp5.o2o.com/admin/bis_location/dellist.html [运行时间：0.514567s][吞吐率：1.94req/s] [内存消耗：4,886.20kb] [文件加载：60]
[ info ] [ LANG ] F:\study\o2o\thinkphp\lang\zh-cn.php
[ info ] [ ROUTE ] array (
  'type' => 'module',
  'module' => 
  array (
    0 => 'admin',
    1 => 'bis_location',
    2 => 'dellist',
  ),
)
[ info ] [ HEADER ] array (
  'host' => 'tp5.o2o.com',
  'connection' => 'keep-alive',
  'upgrade-insecure-requests' => '1',
  'user-agent' => 'Mozilla/5.0 (Windows NT 10.0; Win64; x64) AppleWebKit/537.36 (KHTML, like Gecko) Chrome/56.0.2924.87 Safari/537.36',
  'accept' => 'text/html,application/xhtml+xml,application/xml;q=0.9,image/webp,*/*;q=0.8',
  'referer' => 'http://tp5.o2o.com/admin/index/index.html',
  'accept-encoding' => 'gzip, deflate, sdch',
  'accept-language' => 'zh-CN,zh;q=0.8',
  'cookie' => 'Huiskin=default; PHPSESSID=496rfbark33k6qoe6c43336ai6',
)
[ info ] [ PARAM ] array (
)
[ info ] [ SESSION ] INIT array (
  'prefix' => 'module',
  'type' => 'redis',
  'auto_start' => true,
  'host' => '127.0.0.1',
  'port' => 6379,
  'password' => '',
)
[ info ] [ RUN ] app\admin\controller\BisLocation->dellist[ F:\study\o2o\application\admin\controller\BisLocation.php ]
[ info ] [ DB ] INIT mysql
[ info ] [ VIEW ] F:\study\o2o\public/../application/admin\view\bis_location\index.html [ array (
  0 => 'isSuper',
  1 => 'stores',
) ]
[ info ] [ LOG ] INIT File

---------------------------------------------------------------
[ 2017-04-17T17:32:42+08:00 ] 127.0.0.7 127.0.0.1 GET /bis/deal/add.html
[ log ] tp5.o2o.com/bis/deal/add.html [运行时间：0.860021s][吞吐率：1.16req/s] [内存消耗：4,974.28kb] [文件加载：62]
[ info ] [ LANG ] F:\study\o2o\thinkphp\lang\zh-cn.php
[ info ] [ ROUTE ] array (
  'type' => 'module',
  'module' => 
  array (
    0 => 'bis',
    1 => 'deal',
    2 => 'add',
  ),
)
[ info ] [ HEADER ] array (
  'host' => 'tp5.o2o.com',
  'connection' => 'keep-alive',
  'upgrade-insecure-requests' => '1',
  'user-agent' => 'Mozilla/5.0 (Windows NT 10.0; Win64; x64) AppleWebKit/537.36 (KHTML, like Gecko) Chrome/56.0.2924.87 Safari/537.36',
  'accept' => 'text/html,application/xhtml+xml,application/xml;q=0.9,image/webp,*/*;q=0.8',
  'referer' => 'http://tp5.o2o.com/bis/index/index.html',
  'accept-encoding' => 'gzip, deflate, sdch',
  'accept-language' => 'zh-CN,zh;q=0.8',
  'cookie' => 'Huiskin=default; PHPSESSID=496rfbark33k6qoe6c43336ai6',
)
[ info ] [ PARAM ] array (
)
[ info ] [ SESSION ] INIT array (
  'prefix' => 'module',
  'type' => 'redis',
  'auto_start' => true,
  'host' => '127.0.0.1',
  'port' => 6379,
  'password' => '',
)
[ info ] [ RUN ] app\bis\controller\Deal->add[ F:\study\o2o\application\bis\controller\Deal.php ]
[ info ] [ DB ] INIT mysql
[ info ] [ VIEW ] F:\study\o2o\public/../application/bis\view\deal\add.html [ array (
  0 => 'citys',
  1 => 'categorys',
  2 => 'stores',
) ]
[ info ] [ LOG ] INIT File

---------------------------------------------------------------
[ 2017-04-17T17:32:45+08:00 ] 127.0.0.7 127.0.0.1 GET /bis/deal/
[ log ] tp5.o2o.com/bis/deal/ [运行时间：0.558312s][吞吐率：1.79req/s] [内存消耗：5,092.37kb] [文件加载：63]
[ info ] [ LANG ] F:\study\o2o\thinkphp\lang\zh-cn.php
[ info ] [ ROUTE ] array (
  'type' => 'module',
  'module' => 
  array (
    0 => 'bis',
    1 => 'deal',
    2 => NULL,
  ),
)
[ info ] [ HEADER ] array (
  'host' => 'tp5.o2o.com',
  'connection' => 'keep-alive',
  'user-agent' => 'Mozilla/5.0 (Windows NT 10.0; Win64; x64) AppleWebKit/537.36 (KHTML, like Gecko) Chrome/56.0.2924.87 Safari/537.36',
  'x-requested-with' => 'ShockwaveFlash/25.0.0.127',
  'accept' => '*/*',
  'referer' => 'http://tp5.o2o.com/bis/deal/add.html',
  'accept-encoding' => 'gzip, deflate, sdch',
  'accept-language' => 'zh-CN,zh;q=0.8',
  'cookie' => 'Huiskin=default; PHPSESSID=496rfbark33k6qoe6c43336ai6',
)
[ info ] [ PARAM ] array (
)
[ info ] [ SESSION ] INIT array (
  'prefix' => 'module',
  'type' => 'redis',
  'auto_start' => true,
  'host' => '127.0.0.1',
  'port' => 6379,
  'password' => '',
)
[ info ] [ RUN ] app\bis\controller\Deal->index[ F:\study\o2o\application\bis\controller\Deal.php ]
[ info ] [ DB ] INIT mysql
[ info ] [ VIEW ] F:\study\o2o\public/../application/bis\view\deal\index.html [ array (
  0 => 'deals',
) ]
[ info ] [ LOG ] INIT File

---------------------------------------------------------------
[ 2017-04-17T17:32:55+08:00 ] 127.0.0.7 127.0.0.1 GET /admin/deal/apply.html
[ log ] tp5.o2o.com/admin/deal/apply.html [运行时间：0.730311s][吞吐率：1.37req/s] [内存消耗：5,181.35kb] [文件加载：63]
[ info ] [ LANG ] F:\study\o2o\thinkphp\lang\zh-cn.php
[ info ] [ ROUTE ] array (
  'type' => 'module',
  'module' => 
  array (
    0 => 'admin',
    1 => 'deal',
    2 => 'apply',
  ),
)
[ info ] [ HEADER ] array (
  'host' => 'tp5.o2o.com',
  'connection' => 'keep-alive',
  'upgrade-insecure-requests' => '1',
  'user-agent' => 'Mozilla/5.0 (Windows NT 10.0; Win64; x64) AppleWebKit/537.36 (KHTML, like Gecko) Chrome/56.0.2924.87 Safari/537.36',
  'accept' => 'text/html,application/xhtml+xml,application/xml;q=0.9,image/webp,*/*;q=0.8',
  'referer' => 'http://tp5.o2o.com/admin/index/index.html',
  'accept-encoding' => 'gzip, deflate, sdch',
  'accept-language' => 'zh-CN,zh;q=0.8',
  'cookie' => 'Huiskin=default; PHPSESSID=496rfbark33k6qoe6c43336ai6',
)
[ info ] [ PARAM ] array (
)
[ info ] [ SESSION ] INIT array (
  'prefix' => 'module',
  'type' => 'redis',
  'auto_start' => true,
  'host' => '127.0.0.1',
  'port' => 6379,
  'password' => '',
)
[ info ] [ RUN ] app\admin\controller\Deal->apply[ F:\study\o2o\application\admin\controller\Deal.php ]
[ info ] [ DB ] INIT mysql
[ info ] [ VIEW ] F:\study\o2o\public/../application/admin\view\deal\index.html [ array (
  0 => 'isSuper',
  1 => 'deals',
  2 => 'citys',
  3 => 'cates',
  4 => 'start_time',
  5 => 'end_time',
  6 => 'name',
  7 => 'city_id',
  8 => 'category_id',
) ]
[ info ] [ LOG ] INIT File

---------------------------------------------------------------
[ 2017-04-17T17:33:01+08:00 ] 127.0.0.7 127.0.0.1 GET /admin/deal/index.html
[ log ] tp5.o2o.com/admin/deal/index.html [运行时间：0.733431s][吞吐率：1.36req/s] [内存消耗：5,265.05kb] [文件加载：63]
[ info ] [ LANG ] F:\study\o2o\thinkphp\lang\zh-cn.php
[ info ] [ ROUTE ] array (
  'type' => 'module',
  'module' => 
  array (
    0 => 'admin',
    1 => 'deal',
    2 => 'index',
  ),
)
[ info ] [ HEADER ] array (
  'host' => 'tp5.o2o.com',
  'connection' => 'keep-alive',
  'upgrade-insecure-requests' => '1',
  'user-agent' => 'Mozilla/5.0 (Windows NT 10.0; Win64; x64) AppleWebKit/537.36 (KHTML, like Gecko) Chrome/56.0.2924.87 Safari/537.36',
  'accept' => 'text/html,application/xhtml+xml,application/xml;q=0.9,image/webp,*/*;q=0.8',
  'referer' => 'http://tp5.o2o.com/admin/index/index.html',
  'accept-encoding' => 'gzip, deflate, sdch',
  'accept-language' => 'zh-CN,zh;q=0.8',
  'cookie' => 'Huiskin=default; PHPSESSID=496rfbark33k6qoe6c43336ai6',
)
[ info ] [ PARAM ] array (
)
[ info ] [ SESSION ] INIT array (
  'prefix' => 'module',
  'type' => 'redis',
  'auto_start' => true,
  'host' => '127.0.0.1',
  'port' => 6379,
  'password' => '',
)
[ info ] [ RUN ] app\admin\controller\Deal->index[ F:\study\o2o\application\admin\controller\Deal.php ]
[ info ] [ DB ] INIT mysql
[ info ] [ VIEW ] F:\study\o2o\public/../application/admin\view\deal\index.html [ array (
  0 => 'isSuper',
  1 => 'deals',
  2 => 'citys',
  3 => 'cates',
  4 => 'start_time',
  5 => 'end_time',
  6 => 'name',
  7 => 'city_id',
  8 => 'category_id',
) ]
[ info ] [ LOG ] INIT File

---------------------------------------------------------------
[ 2017-04-17T17:33:25+08:00 ] 127.0.0.7 127.0.0.1 GET /bis/manager/index.html
[ log ] tp5.o2o.com/bis/manager/index.html [运行时间：0.549262s][吞吐率：1.82req/s] [内存消耗：4,945.06kb] [文件加载：62]
[ info ] [ LANG ] F:\study\o2o\thinkphp\lang\zh-cn.php
[ info ] [ ROUTE ] array (
  'type' => 'module',
  'module' => 
  array (
    0 => 'bis',
    1 => 'manager',
    2 => 'index',
  ),
)
[ info ] [ HEADER ] array (
  'host' => 'tp5.o2o.com',
  'connection' => 'keep-alive',
  'upgrade-insecure-requests' => '1',
  'user-agent' => 'Mozilla/5.0 (Windows NT 10.0; Win64; x64) AppleWebKit/537.36 (KHTML, like Gecko) Chrome/56.0.2924.87 Safari/537.36',
  'accept' => 'text/html,application/xhtml+xml,application/xml;q=0.9,image/webp,*/*;q=0.8',
  'referer' => 'http://tp5.o2o.com/bis/index/index.html',
  'accept-encoding' => 'gzip, deflate, sdch',
  'accept-language' => 'zh-CN,zh;q=0.8',
  'cookie' => 'Huiskin=default; PHPSESSID=496rfbark33k6qoe6c43336ai6',
)
[ info ] [ PARAM ] array (
)
[ info ] [ SESSION ] INIT array (
  'prefix' => 'module',
  'type' => 'redis',
  'auto_start' => true,
  'host' => '127.0.0.1',
  'port' => 6379,
  'password' => '',
)
[ info ] [ RUN ] app\bis\controller\Manager->index[ F:\study\o2o\application\bis\controller\Manager.php ]
[ info ] [ DB ] INIT mysql
[ info ] [ VIEW ] F:\study\o2o\public/../application/bis\view\manager\index.html [ array (
  0 => 'user',
) ]
[ info ] [ LOG ] INIT File

---------------------------------------------------------------
[ 2017-04-17T17:33:41+08:00 ] 127.0.0.7 127.0.0.1 GET /bis/index/logout.html
[ log ] tp5.o2o.com/bis/index/logout.html [运行时间：0.297349s][吞吐率：3.36req/s] [内存消耗：3,406.30kb] [文件加载：53]
[ info ] [ LANG ] F:\study\o2o\thinkphp\lang\zh-cn.php
[ info ] [ ROUTE ] array (
  'type' => 'module',
  'module' => 
  array (
    0 => 'bis',
    1 => 'index',
    2 => 'logout',
  ),
)
[ info ] [ HEADER ] array (
  'host' => 'tp5.o2o.com',
  'connection' => 'keep-alive',
  'upgrade-insecure-requests' => '1',
  'user-agent' => 'Mozilla/5.0 (Windows NT 10.0; Win64; x64) AppleWebKit/537.36 (KHTML, like Gecko) Chrome/56.0.2924.87 Safari/537.36',
  'accept' => 'text/html,application/xhtml+xml,application/xml;q=0.9,image/webp,*/*;q=0.8',
  'referer' => 'http://tp5.o2o.com/bis/index/index.html',
  'accept-encoding' => 'gzip, deflate, sdch',
  'accept-language' => 'zh-CN,zh;q=0.8',
  'cookie' => 'Huiskin=default; PHPSESSID=496rfbark33k6qoe6c43336ai6',
)
[ info ] [ PARAM ] array (
)
[ info ] [ SESSION ] INIT array (
  'prefix' => 'module',
  'type' => 'redis',
  'auto_start' => true,
  'host' => '127.0.0.1',
  'port' => 6379,
  'password' => '',
)
[ info ] [ RUN ] app\bis\controller\Index->logout[ F:\study\o2o\application\bis\controller\Index.php ]
[ info ] [ LOG ] INIT File

---------------------------------------------------------------
[ 2017-04-17T17:33:41+08:00 ] 127.0.0.7 127.0.0.1 GET /bis/login/index.html
[ log ] tp5.o2o.com/bis/login/index.html [运行时间：0.299221s][吞吐率：3.34req/s] [内存消耗：3,331.84kb] [文件加载：50]
[ info ] [ LANG ] F:\study\o2o\thinkphp\lang\zh-cn.php
[ info ] [ ROUTE ] array (
  'type' => 'module',
  'module' => 
  array (
    0 => 'bis',
    1 => 'login',
    2 => 'index',
  ),
)
[ info ] [ HEADER ] array (
  'host' => 'tp5.o2o.com',
  'connection' => 'keep-alive',
  'upgrade-insecure-requests' => '1',
  'user-agent' => 'Mozilla/5.0 (Windows NT 10.0; Win64; x64) AppleWebKit/537.36 (KHTML, like Gecko) Chrome/56.0.2924.87 Safari/537.36',
  'accept' => 'text/html,application/xhtml+xml,application/xml;q=0.9,image/webp,*/*;q=0.8',
  'referer' => 'http://tp5.o2o.com/bis/index/index.html',
  'accept-encoding' => 'gzip, deflate, sdch',
  'accept-language' => 'zh-CN,zh;q=0.8',
  'cookie' => 'Huiskin=default; PHPSESSID=496rfbark33k6qoe6c43336ai6',
)
[ info ] [ PARAM ] array (
)
[ info ] [ RUN ] app\bis\controller\Login->index[ F:\study\o2o\application\bis\controller\Login.php ]
[ info ] [ SESSION ] INIT array (
  'prefix' => 'module',
  'type' => 'redis',
  'auto_start' => true,
  'host' => '127.0.0.1',
  'port' => 6379,
  'password' => '',
)
[ info ] [ VIEW ] F:\study\o2o\public/../application/bis\view\login\index.html [ array (
) ]
[ info ] [ LOG ] INIT File

---------------------------------------------------------------
[ 2017-04-17T17:33:48+08:00 ] 127.0.0.7 127.0.0.1 POST /bis/login/index.html
[ log ] tp5.o2o.com/bis/login/index.html [运行时间：0.478374s][吞吐率：2.09req/s] [内存消耗：4,736.84kb] [文件加载：60]
[ info ] [ LANG ] F:\study\o2o\thinkphp\lang\zh-cn.php
[ info ] [ ROUTE ] array (
  'type' => 'module',
  'module' => 
  array (
    0 => 'bis',
    1 => 'login',
    2 => 'index',
  ),
)
[ info ] [ HEADER ] array (
  'host' => 'tp5.o2o.com',
  'connection' => 'keep-alive',
  'content-length' => '62',
  'cache-control' => 'max-age=0',
  'origin' => 'http://tp5.o2o.com',
  'upgrade-insecure-requests' => '1',
  'user-agent' => 'Mozilla/5.0 (Windows NT 10.0; Win64; x64) AppleWebKit/537.36 (KHTML, like Gecko) Chrome/56.0.2924.87 Safari/537.36',
  'content-type' => 'application/x-www-form-urlencoded',
  'accept' => 'text/html,application/xhtml+xml,application/xml;q=0.9,image/webp,*/*;q=0.8',
  'referer' => 'http://tp5.o2o.com/bis/login/index.html',
  'accept-encoding' => 'gzip, deflate',
  'accept-language' => 'zh-CN,zh;q=0.8',
  'cookie' => 'Huiskin=default; PHPSESSID=496rfbark33k6qoe6c43336ai6',
)
[ info ] [ PARAM ] array (
  'username' => '测试账号1',
  'password' => '123456',
)
[ info ] [ RUN ] app\bis\controller\Login->index[ F:\study\o2o\application\bis\controller\Login.php ]
[ info ] [ DB ] INIT mysql
[ info ] [ SESSION ] INIT array (
  'prefix' => 'module',
  'type' => 'redis',
  'auto_start' => true,
  'host' => '127.0.0.1',
  'port' => 6379,
  'password' => '',
)
[ info ] [ VIEW ] F:\study\o2o\thinkphp\tpl\dispatch_jump.tpl [ array (
  0 => 'code',
  1 => 'msg',
  2 => 'data',
  3 => 'url',
  4 => 'wait',
) ]
[ info ] [ LOG ] INIT File

---------------------------------------------------------------
[ 2017-04-17T17:33:51+08:00 ] 127.0.0.7 127.0.0.1 GET /bis/index/index.html
[ log ] tp5.o2o.com/bis/index/index.html [运行时间：0.309276s][吞吐率：3.23req/s] [内存消耗：3,382.12kb] [文件加载：52]
[ info ] [ LANG ] F:\study\o2o\thinkphp\lang\zh-cn.php
[ info ] [ ROUTE ] array (
  'type' => 'module',
  'module' => 
  array (
    0 => 'bis',
    1 => 'index',
    2 => 'index',
  ),
)
[ info ] [ HEADER ] array (
  'host' => 'tp5.o2o.com',
  'connection' => 'keep-alive',
  'upgrade-insecure-requests' => '1',
  'user-agent' => 'Mozilla/5.0 (Windows NT 10.0; Win64; x64) AppleWebKit/537.36 (KHTML, like Gecko) Chrome/56.0.2924.87 Safari/537.36',
  'accept' => 'text/html,application/xhtml+xml,application/xml;q=0.9,image/webp,*/*;q=0.8',
  'referer' => 'http://tp5.o2o.com/bis/login/index.html',
  'accept-encoding' => 'gzip, deflate, sdch',
  'accept-language' => 'zh-CN,zh;q=0.8',
  'cookie' => 'Huiskin=default; PHPSESSID=496rfbark33k6qoe6c43336ai6',
)
[ info ] [ PARAM ] array (
)
[ info ] [ SESSION ] INIT array (
  'prefix' => 'module',
  'type' => 'redis',
  'auto_start' => true,
  'host' => '127.0.0.1',
  'port' => 6379,
  'password' => '',
)
[ info ] [ RUN ] app\bis\controller\Index->index[ F:\study\o2o\application\bis\controller\Index.php ]
[ info ] [ VIEW ] F:\study\o2o\public/../application/bis\view\index\index.html [ array (
) ]
[ info ] [ LOG ] INIT File

---------------------------------------------------------------
[ 2017-04-17T17:33:54+08:00 ] 127.0.0.7 127.0.0.1 GET /bis/manager/index.html
[ log ] tp5.o2o.com/bis/manager/index.html [运行时间：0.306608s][吞吐率：3.26req/s] [内存消耗：3,287.75kb] [文件加载：50]
[ info ] [ LANG ] F:\study\o2o\thinkphp\lang\zh-cn.php
[ info ] [ ROUTE ] array (
  'type' => 'module',
  'module' => 
  array (
    0 => 'bis',
    1 => 'manager',
    2 => 'index',
  ),
)
[ info ] [ HEADER ] array (
  'host' => 'tp5.o2o.com',
  'connection' => 'keep-alive',
  'upgrade-insecure-requests' => '1',
  'user-agent' => 'Mozilla/5.0 (Windows NT 10.0; Win64; x64) AppleWebKit/537.36 (KHTML, like Gecko) Chrome/56.0.2924.87 Safari/537.36',
  'accept' => 'text/html,application/xhtml+xml,application/xml;q=0.9,image/webp,*/*;q=0.8',
  'referer' => 'http://tp5.o2o.com/bis/index/index.html',
  'accept-encoding' => 'gzip, deflate, sdch',
  'accept-language' => 'zh-CN,zh;q=0.8',
  'cookie' => 'Huiskin=default; PHPSESSID=496rfbark33k6qoe6c43336ai6',
)
[ info ] [ PARAM ] array (
)
[ info ] [ SESSION ] INIT array (
  'prefix' => 'module',
  'type' => 'redis',
  'auto_start' => true,
  'host' => '127.0.0.1',
  'port' => 6379,
  'password' => '',
)
[ info ] [ RUN ] app\bis\controller\Manager->index[ F:\study\o2o\application\bis\controller\Manager.php ]
[ info ] [ LOG ] INIT File

---------------------------------------------------------------
[ 2017-04-17T17:33:59+08:00 ] 127.0.0.7 127.0.0.1 GET /bis/manager/index.html
[ log ] tp5.o2o.com/bis/manager/index.html [运行时间：0.290366s][吞吐率：3.44req/s] [内存消耗：3,287.75kb] [文件加载：50]
[ info ] [ LANG ] F:\study\o2o\thinkphp\lang\zh-cn.php
[ info ] [ ROUTE ] array (
  'type' => 'module',
  'module' => 
  array (
    0 => 'bis',
    1 => 'manager',
    2 => 'index',
  ),
)
[ info ] [ HEADER ] array (
  'host' => 'tp5.o2o.com',
  'connection' => 'keep-alive',
  'upgrade-insecure-requests' => '1',
  'user-agent' => 'Mozilla/5.0 (Windows NT 10.0; Win64; x64) AppleWebKit/537.36 (KHTML, like Gecko) Chrome/56.0.2924.87 Safari/537.36',
  'accept' => 'text/html,application/xhtml+xml,application/xml;q=0.9,image/webp,*/*;q=0.8',
  'referer' => 'http://tp5.o2o.com/bis/index/index.html',
  'accept-encoding' => 'gzip, deflate, sdch',
  'accept-language' => 'zh-CN,zh;q=0.8',
  'cookie' => 'Huiskin=default; PHPSESSID=496rfbark33k6qoe6c43336ai6',
)
[ info ] [ PARAM ] array (
)
[ info ] [ SESSION ] INIT array (
  'prefix' => 'module',
  'type' => 'redis',
  'auto_start' => true,
  'host' => '127.0.0.1',
  'port' => 6379,
  'password' => '',
)
[ info ] [ RUN ] app\bis\controller\Manager->index[ F:\study\o2o\application\bis\controller\Manager.php ]
[ info ] [ LOG ] INIT File

---------------------------------------------------------------
