[ 2017-04-19T12:22:20+08:00 ] 127.0.0.7 127.0.0.1 GET /admin
[ log ] tp5.o2o.com/admin [运行时间：0.671168s][吞吐率：1.49req/s] [内存消耗：2,784.05kb] [文件加载：47]
[ info ] [ LANG ] F:\study\o2o\thinkphp\lang\zh-cn.php
[ info ] [ ROUTE ] array (
  'type' => 'module',
  'module' => 
  array (
    0 => 'admin',
    1 => NULL,
    2 => NULL,
  ),
)
[ info ] [ HEADER ] array (
  'host' => 'tp5.o2o.com',
  'connection' => 'keep-alive',
  'upgrade-insecure-requests' => '1',
  'user-agent' => 'Mozilla/5.0 (Windows NT 10.0; Win64; x64) AppleWebKit/537.36 (KHTML, like Gecko) Chrome/56.0.2924.87 Safari/537.36',
  'accept' => 'text/html,application/xhtml+xml,application/xml;q=0.9,image/webp,*/*;q=0.8',
  'accept-encoding' => 'gzip, deflate, sdch',
  'accept-language' => 'zh-CN,zh;q=0.8',
  'cookie' => 'Huiskin=default',
)
[ info ] [ PARAM ] array (
)
[ info ] [ SESSION ] INIT array (
  'prefix' => 'module',
  'type' => 'redis',
  'auto_start' => true,
  'host' => '127.0.0.1',
  'port' => 6379,
  'password' => '',
)
[ info ] [ LOG ] INIT File

---------------------------------------------------------------
[ 2017-04-19T12:22:21+08:00 ] 127.0.0.7 127.0.0.1 GET /admin/admin/login.html
[ log ] tp5.o2o.com/admin/admin/login.html [运行时间：0.312831s][吞吐率：3.20req/s] [内存消耗：2,784.00kb] [文件加载：45]
[ info ] [ LANG ] F:\study\o2o\thinkphp\lang\zh-cn.php
[ info ] [ ROUTE ] array (
  'type' => 'module',
  'module' => 
  array (
    0 => 'admin',
    1 => 'admin',
    2 => 'login',
  ),
)
[ info ] [ HEADER ] array (
  'host' => 'tp5.o2o.com',
  'connection' => 'keep-alive',
  'upgrade-insecure-requests' => '1',
  'user-agent' => 'Mozilla/5.0 (Windows NT 10.0; Win64; x64) AppleWebKit/537.36 (KHTML, like Gecko) Chrome/56.0.2924.87 Safari/537.36',
  'accept' => 'text/html,application/xhtml+xml,application/xml;q=0.9,image/webp,*/*;q=0.8',
  'accept-encoding' => 'gzip, deflate, sdch',
  'accept-language' => 'zh-CN,zh;q=0.8',
  'cookie' => 'Huiskin=default; PHPSESSID=g2aququ99700hjkcif0rice2d7',
)
[ info ] [ PARAM ] array (
)
[ info ] [ RUN ] app\admin\controller\Admin->login[ F:\study\o2o\application\admin\controller\Admin.php ]
[ info ] [ SESSION ] INIT array (
  'prefix' => 'module',
  'type' => 'redis',
  'auto_start' => true,
  'host' => '127.0.0.1',
  'port' => 6379,
  'password' => '',
)
[ info ] [ VIEW ] F:\study\o2o\public/../application/admin\view\admin\login.html [ array (
) ]
[ info ] [ LOG ] INIT File

---------------------------------------------------------------
[ 2017-04-19T12:22:22+08:00 ] 127.0.0.7 127.0.0.1 GET /captcha.html
[ log ] tp5.o2o.com/captcha.html [运行时间：0.525530s][吞吐率：1.90req/s] [内存消耗：2,207.35kb] [文件加载：38]
[ info ] [ LANG ] F:\study\o2o\thinkphp\lang\zh-cn.php
[ info ] [ ROUTE ] array (
  'type' => 'method',
  'method' => 
  array (
    0 => '\\think\\captcha\\CaptchaController',
    1 => 'index',
  ),
  'var' => 
  array (
  ),
)
[ info ] [ HEADER ] array (
  'host' => 'tp5.o2o.com',
  'connection' => 'keep-alive',
  'user-agent' => 'Mozilla/5.0 (Windows NT 10.0; Win64; x64) AppleWebKit/537.36 (KHTML, like Gecko) Chrome/56.0.2924.87 Safari/537.36',
  'accept' => 'image/webp,image/*,*/*;q=0.8',
  'referer' => 'http://tp5.o2o.com/admin/admin/login.html',
  'accept-encoding' => 'gzip, deflate, sdch',
  'accept-language' => 'zh-CN,zh;q=0.8',
  'cookie' => 'Huiskin=default; PHPSESSID=g2aququ99700hjkcif0rice2d7',
)
[ info ] [ PARAM ] array (
  'id' => NULL,
)
[ info ] [ RUN ] think\captcha\CaptchaController->index[ F:\study\o2o\vendor\topthink\think-captcha\src\CaptchaController.php ]
[ info ] [ SESSION ] INIT array (
  'prefix' => 'module',
  'type' => 'redis',
  'auto_start' => true,
  'host' => '127.0.0.1',
  'port' => 6379,
  'password' => '',
)
[ info ] [ LOG ] INIT File

---------------------------------------------------------------
[ 2017-04-19T12:26:47+08:00 ] 127.0.0.7 127.0.0.1 GET /
[ log ] tp5.o2o.com/ [运行时间：1.373683s][吞吐率：0.73req/s] [内存消耗：5,023.29kb] [文件加载：61]
[ info ] [ LANG ] F:\study\o2o\thinkphp\lang\zh-cn.php
[ info ] [ ROUTE ] array (
  'type' => 'module',
  'module' => 
  array (
    0 => '',
    1 => NULL,
    2 => NULL,
  ),
)
[ info ] [ HEADER ] array (
  'host' => 'tp5.o2o.com',
  'connection' => 'keep-alive',
  'upgrade-insecure-requests' => '1',
  'user-agent' => 'Mozilla/5.0 (Windows NT 10.0; Win64; x64) AppleWebKit/537.36 (KHTML, like Gecko) Chrome/56.0.2924.87 Safari/537.36',
  'accept' => 'text/html,application/xhtml+xml,application/xml;q=0.9,image/webp,*/*;q=0.8',
  'accept-encoding' => 'gzip, deflate, sdch',
  'accept-language' => 'zh-CN,zh;q=0.8',
  'cookie' => 'Huiskin=default; PHPSESSID=g2aququ99700hjkcif0rice2d7',
)
[ info ] [ PARAM ] array (
)
[ info ] [ CACHE ] INIT redis
[ info ] [ DB ] INIT mysql
[ info ] [ SESSION ] INIT array (
  'prefix' => 'module',
  'type' => 'redis',
  'auto_start' => true,
  'host' => '127.0.0.1',
  'port' => 6379,
  'password' => '',
)
[ info ] [ RUN ] app\index\controller\Index->index[ F:\study\o2o\application\index\controller\Index.php ]
[ info ] [ VIEW ] F:\study\o2o\public/../application/index\view\index\index.html [ array (
  0 => 'citys',
  1 => 'city',
  2 => 'user',
  3 => 'controller',
  4 => 'cates',
  5 => 'featured',
  6 => 'title',
  7 => 'goods',
  8 => 'cateid',
) ]
[ info ] [ LOG ] INIT File

---------------------------------------------------------------
[ 2017-04-19T12:26:48+08:00 ] 127.0.0.7 127.0.0.1 GET /upload/20170326/e83605c415187b19db9d540e7dd5ee72.jpg
[ log ] tp5.o2o.com/upload/20170326/e83605c415187b19db9d540e7dd5ee72.jpg [运行时间：0.470036s][吞吐率：2.13req/s] [内存消耗：2,141.30kb] [文件加载：38]
[ info ] [ LANG ] F:\study\o2o\thinkphp\lang\zh-cn.php
[ info ] [ ROUTE ] array (
  'type' => 'module',
  'module' => 
  array (
    0 => 'upload',
    1 => '20170326',
    2 => 'e83605c415187b19db9d540e7dd5ee72.jpg',
  ),
)
[ info ] [ HEADER ] array (
  'host' => 'tp5.o2o.com',
  'connection' => 'keep-alive',
  'user-agent' => 'Mozilla/5.0 (Windows NT 10.0; Win64; x64) AppleWebKit/537.36 (KHTML, like Gecko) Chrome/56.0.2924.87 Safari/537.36',
  'accept' => 'image/webp,image/*,*/*;q=0.8',
  'referer' => 'http://tp5.o2o.com/',
  'accept-encoding' => 'gzip, deflate, sdch',
  'accept-language' => 'zh-CN,zh;q=0.8',
  'cookie' => 'Huiskin=default; PHPSESSID=g2aququ99700hjkcif0rice2d7',
)
[ info ] [ PARAM ] array (
)
[ info ] [ LOG ] INIT File

---------------------------------------------------------------
[ 2017-04-19T12:26:48+08:00 ] 127.0.0.7 127.0.0.1 GET /
[ log ] tp5.o2o.com/ [运行时间：0.493992s][吞吐率：2.02req/s] [内存消耗：5,019.53kb] [文件加载：61]
[ info ] [ LANG ] F:\study\o2o\thinkphp\lang\zh-cn.php
[ info ] [ ROUTE ] array (
  'type' => 'module',
  'module' => 
  array (
    0 => '',
    1 => NULL,
    2 => NULL,
  ),
)
[ info ] [ HEADER ] array (
  'host' => 'tp5.o2o.com',
  'connection' => 'keep-alive',
  'user-agent' => 'Mozilla/5.0 (Windows NT 10.0; Win64; x64) AppleWebKit/537.36 (KHTML, like Gecko) Chrome/56.0.2924.87 Safari/537.36',
  'accept' => 'image/webp,image/*,*/*;q=0.8',
  'referer' => 'http://tp5.o2o.com/',
  'accept-encoding' => 'gzip, deflate, sdch',
  'accept-language' => 'zh-CN,zh;q=0.8',
  'cookie' => 'Huiskin=default; PHPSESSID=g2aququ99700hjkcif0rice2d7',
)
[ info ] [ PARAM ] array (
)
[ info ] [ CACHE ] INIT redis
[ info ] [ DB ] INIT mysql
[ info ] [ SESSION ] INIT array (
  'prefix' => 'module',
  'type' => 'redis',
  'auto_start' => true,
  'host' => '127.0.0.1',
  'port' => 6379,
  'password' => '',
)
[ info ] [ RUN ] app\index\controller\Index->index[ F:\study\o2o\application\index\controller\Index.php ]
[ info ] [ VIEW ] F:\study\o2o\public/../application/index\view\index\index.html [ array (
  0 => 'citys',
  1 => 'city',
  2 => 'user',
  3 => 'controller',
  4 => 'cates',
  5 => 'featured',
  6 => 'title',
  7 => 'goods',
  8 => 'cateid',
) ]
[ info ] [ LOG ] INIT File

---------------------------------------------------------------
[ 2017-04-19T12:26:56+08:00 ] 127.0.0.7 127.0.0.1 GET /
[ log ] tp5.o2o.com/ [运行时间：0.530414s][吞吐率：1.89req/s] [内存消耗：5,020.05kb] [文件加载：61]
[ info ] [ LANG ] F:\study\o2o\thinkphp\lang\zh-cn.php
[ info ] [ ROUTE ] array (
  'type' => 'module',
  'module' => 
  array (
    0 => '',
    1 => NULL,
    2 => NULL,
  ),
)
[ info ] [ HEADER ] array (
  'host' => 'tp5.o2o.com',
  'connection' => 'keep-alive',
  'cache-control' => 'max-age=0',
  'upgrade-insecure-requests' => '1',
  'user-agent' => 'Mozilla/5.0 (Windows NT 10.0; Win64; x64) AppleWebKit/537.36 (KHTML, like Gecko) Chrome/56.0.2924.87 Safari/537.36',
  'accept' => 'text/html,application/xhtml+xml,application/xml;q=0.9,image/webp,*/*;q=0.8',
  'accept-encoding' => 'gzip, deflate, sdch',
  'accept-language' => 'zh-CN,zh;q=0.8',
  'cookie' => 'Huiskin=default; PHPSESSID=g2aququ99700hjkcif0rice2d7',
)
[ info ] [ PARAM ] array (
)
[ info ] [ CACHE ] INIT redis
[ info ] [ DB ] INIT mysql
[ info ] [ SESSION ] INIT array (
  'prefix' => 'module',
  'type' => 'redis',
  'auto_start' => true,
  'host' => '127.0.0.1',
  'port' => 6379,
  'password' => '',
)
[ info ] [ RUN ] app\index\controller\Index->index[ F:\study\o2o\application\index\controller\Index.php ]
[ info ] [ VIEW ] F:\study\o2o\public/../application/index\view\index\index.html [ array (
  0 => 'citys',
  1 => 'city',
  2 => 'user',
  3 => 'controller',
  4 => 'cates',
  5 => 'featured',
  6 => 'title',
  7 => 'goods',
  8 => 'cateid',
) ]
[ info ] [ LOG ] INIT File

---------------------------------------------------------------
[ 2017-04-19T12:26:56+08:00 ] 127.0.0.7 127.0.0.1 GET /upload/20170326/e83605c415187b19db9d540e7dd5ee72.jpg
[ log ] tp5.o2o.com/upload/20170326/e83605c415187b19db9d540e7dd5ee72.jpg [运行时间：0.241498s][吞吐率：4.14req/s] [内存消耗：2,141.30kb] [文件加载：38]
[ info ] [ LANG ] F:\study\o2o\thinkphp\lang\zh-cn.php
[ info ] [ ROUTE ] array (
  'type' => 'module',
  'module' => 
  array (
    0 => 'upload',
    1 => '20170326',
    2 => 'e83605c415187b19db9d540e7dd5ee72.jpg',
  ),
)
[ info ] [ HEADER ] array (
  'host' => 'tp5.o2o.com',
  'connection' => 'keep-alive',
  'user-agent' => 'Mozilla/5.0 (Windows NT 10.0; Win64; x64) AppleWebKit/537.36 (KHTML, like Gecko) Chrome/56.0.2924.87 Safari/537.36',
  'accept' => 'image/webp,image/*,*/*;q=0.8',
  'referer' => 'http://tp5.o2o.com/',
  'accept-encoding' => 'gzip, deflate, sdch',
  'accept-language' => 'zh-CN,zh;q=0.8',
  'cookie' => 'Huiskin=default; PHPSESSID=g2aququ99700hjkcif0rice2d7',
)
[ info ] [ PARAM ] array (
)
[ info ] [ LOG ] INIT File

---------------------------------------------------------------
[ 2017-04-19T12:26:57+08:00 ] 127.0.0.7 127.0.0.1 GET /
[ log ] tp5.o2o.com/ [运行时间：0.349846s][吞吐率：2.86req/s] [内存消耗：5,019.53kb] [文件加载：61]
[ info ] [ LANG ] F:\study\o2o\thinkphp\lang\zh-cn.php
[ info ] [ ROUTE ] array (
  'type' => 'module',
  'module' => 
  array (
    0 => '',
    1 => NULL,
    2 => NULL,
  ),
)
[ info ] [ HEADER ] array (
  'host' => 'tp5.o2o.com',
  'connection' => 'keep-alive',
  'user-agent' => 'Mozilla/5.0 (Windows NT 10.0; Win64; x64) AppleWebKit/537.36 (KHTML, like Gecko) Chrome/56.0.2924.87 Safari/537.36',
  'accept' => 'image/webp,image/*,*/*;q=0.8',
  'referer' => 'http://tp5.o2o.com/',
  'accept-encoding' => 'gzip, deflate, sdch',
  'accept-language' => 'zh-CN,zh;q=0.8',
  'cookie' => 'Huiskin=default; PHPSESSID=g2aququ99700hjkcif0rice2d7',
)
[ info ] [ PARAM ] array (
)
[ info ] [ CACHE ] INIT redis
[ info ] [ DB ] INIT mysql
[ info ] [ SESSION ] INIT array (
  'prefix' => 'module',
  'type' => 'redis',
  'auto_start' => true,
  'host' => '127.0.0.1',
  'port' => 6379,
  'password' => '',
)
[ info ] [ RUN ] app\index\controller\Index->index[ F:\study\o2o\application\index\controller\Index.php ]
[ info ] [ VIEW ] F:\study\o2o\public/../application/index\view\index\index.html [ array (
  0 => 'citys',
  1 => 'city',
  2 => 'user',
  3 => 'controller',
  4 => 'cates',
  5 => 'featured',
  6 => 'title',
  7 => 'goods',
  8 => 'cateid',
) ]
[ info ] [ LOG ] INIT File

---------------------------------------------------------------
[ 2017-04-19T12:36:23+08:00 ] 127.0.0.7 127.0.0.1 GET /index.php?bis
[ log ] tp5.o2o.com/index.php?bis [运行时间：0.333777s][吞吐率：3.00req/s] [内存消耗：5,020.07kb] [文件加载：61]
[ info ] [ LANG ] F:\study\o2o\thinkphp\lang\zh-cn.php
[ info ] [ ROUTE ] array (
  'type' => 'module',
  'module' => 
  array (
    0 => '',
    1 => NULL,
    2 => NULL,
  ),
)
[ info ] [ HEADER ] array (
  'host' => 'tp5.o2o.com',
  'connection' => 'keep-alive',
  'upgrade-insecure-requests' => '1',
  'user-agent' => 'Mozilla/5.0 (Windows NT 10.0; Win64; x64) AppleWebKit/537.36 (KHTML, like Gecko) Chrome/56.0.2924.87 Safari/537.36',
  'accept' => 'text/html,application/xhtml+xml,application/xml;q=0.9,image/webp,*/*;q=0.8',
  'accept-encoding' => 'gzip, deflate, sdch',
  'accept-language' => 'zh-CN,zh;q=0.8',
  'cookie' => 'Huiskin=default; PHPSESSID=g2aququ99700hjkcif0rice2d7',
)
[ info ] [ PARAM ] array (
  'bis' => '',
)
[ info ] [ CACHE ] INIT redis
[ info ] [ DB ] INIT mysql
[ info ] [ SESSION ] INIT array (
  'prefix' => 'module',
  'type' => 'redis',
  'auto_start' => true,
  'host' => '127.0.0.1',
  'port' => 6379,
  'password' => '',
)
[ info ] [ RUN ] app\index\controller\Index->index[ F:\study\o2o\application\index\controller\Index.php ]
[ info ] [ VIEW ] F:\study\o2o\public/../application/index\view\index\index.html [ array (
  0 => 'citys',
  1 => 'city',
  2 => 'user',
  3 => 'controller',
  4 => 'cates',
  5 => 'featured',
  6 => 'title',
  7 => 'goods',
  8 => 'cateid',
) ]
[ info ] [ LOG ] INIT File

---------------------------------------------------------------
[ 2017-04-19T12:36:24+08:00 ] 127.0.0.7 127.0.0.1 GET /upload/20170326/e83605c415187b19db9d540e7dd5ee72.jpg
[ log ] tp5.o2o.com/upload/20170326/e83605c415187b19db9d540e7dd5ee72.jpg [运行时间：0.209497s][吞吐率：4.77req/s] [内存消耗：2,140.74kb] [文件加载：38]
[ info ] [ LANG ] F:\study\o2o\thinkphp\lang\zh-cn.php
[ info ] [ ROUTE ] array (
  'type' => 'module',
  'module' => 
  array (
    0 => 'upload',
    1 => '20170326',
    2 => 'e83605c415187b19db9d540e7dd5ee72.jpg',
  ),
)
[ info ] [ HEADER ] array (
  'host' => 'tp5.o2o.com',
  'connection' => 'keep-alive',
  'user-agent' => 'Mozilla/5.0 (Windows NT 10.0; Win64; x64) AppleWebKit/537.36 (KHTML, like Gecko) Chrome/56.0.2924.87 Safari/537.36',
  'accept' => 'image/webp,image/*,*/*;q=0.8',
  'referer' => 'http://tp5.o2o.com/index.php?bis',
  'accept-encoding' => 'gzip, deflate, sdch',
  'accept-language' => 'zh-CN,zh;q=0.8',
  'cookie' => 'Huiskin=default; PHPSESSID=g2aququ99700hjkcif0rice2d7',
)
[ info ] [ PARAM ] array (
)
[ info ] [ LOG ] INIT File

---------------------------------------------------------------
[ 2017-04-19T12:36:24+08:00 ] 127.0.0.7 127.0.0.1 GET /index.php?bis
[ log ] tp5.o2o.com/index.php?bis [运行时间：0.328763s][吞吐率：3.04req/s] [内存消耗：5,020.31kb] [文件加载：61]
[ info ] [ LANG ] F:\study\o2o\thinkphp\lang\zh-cn.php
[ info ] [ ROUTE ] array (
  'type' => 'module',
  'module' => 
  array (
    0 => '',
    1 => NULL,
    2 => NULL,
  ),
)
[ info ] [ HEADER ] array (
  'host' => 'tp5.o2o.com',
  'connection' => 'keep-alive',
  'user-agent' => 'Mozilla/5.0 (Windows NT 10.0; Win64; x64) AppleWebKit/537.36 (KHTML, like Gecko) Chrome/56.0.2924.87 Safari/537.36',
  'accept' => 'image/webp,image/*,*/*;q=0.8',
  'referer' => 'http://tp5.o2o.com/index.php?bis',
  'accept-encoding' => 'gzip, deflate, sdch',
  'accept-language' => 'zh-CN,zh;q=0.8',
  'cookie' => 'Huiskin=default; PHPSESSID=g2aququ99700hjkcif0rice2d7',
)
[ info ] [ PARAM ] array (
  'bis' => '',
)
[ info ] [ CACHE ] INIT redis
[ info ] [ DB ] INIT mysql
[ info ] [ SESSION ] INIT array (
  'prefix' => 'module',
  'type' => 'redis',
  'auto_start' => true,
  'host' => '127.0.0.1',
  'port' => 6379,
  'password' => '',
)
[ info ] [ RUN ] app\index\controller\Index->index[ F:\study\o2o\application\index\controller\Index.php ]
[ info ] [ VIEW ] F:\study\o2o\public/../application/index\view\index\index.html [ array (
  0 => 'citys',
  1 => 'city',
  2 => 'user',
  3 => 'controller',
  4 => 'cates',
  5 => 'featured',
  6 => 'title',
  7 => 'goods',
  8 => 'cateid',
) ]
[ info ] [ LOG ] INIT File

---------------------------------------------------------------
[ 2017-04-19T12:36:32+08:00 ] 127.0.0.7 127.0.0.1 GET /index.php?m=bis
[ log ] tp5.o2o.com/index.php?m=bis [运行时间：0.727027s][吞吐率：1.38req/s] [内存消耗：5,020.05kb] [文件加载：61]
[ info ] [ LANG ] F:\study\o2o\thinkphp\lang\zh-cn.php
[ info ] [ ROUTE ] array (
  'type' => 'module',
  'module' => 
  array (
    0 => '',
    1 => NULL,
    2 => NULL,
  ),
)
[ info ] [ HEADER ] array (
  'host' => 'tp5.o2o.com',
  'connection' => 'keep-alive',
  'upgrade-insecure-requests' => '1',
  'user-agent' => 'Mozilla/5.0 (Windows NT 10.0; Win64; x64) AppleWebKit/537.36 (KHTML, like Gecko) Chrome/56.0.2924.87 Safari/537.36',
  'accept' => 'text/html,application/xhtml+xml,application/xml;q=0.9,image/webp,*/*;q=0.8',
  'accept-encoding' => 'gzip, deflate, sdch',
  'accept-language' => 'zh-CN,zh;q=0.8',
  'cookie' => 'Huiskin=default; PHPSESSID=g2aququ99700hjkcif0rice2d7',
)
[ info ] [ PARAM ] array (
  'm' => 'bis',
)
[ info ] [ CACHE ] INIT redis
[ info ] [ DB ] INIT mysql
[ info ] [ SESSION ] INIT array (
  'prefix' => 'module',
  'type' => 'redis',
  'auto_start' => true,
  'host' => '127.0.0.1',
  'port' => 6379,
  'password' => '',
)
[ info ] [ RUN ] app\index\controller\Index->index[ F:\study\o2o\application\index\controller\Index.php ]
[ info ] [ VIEW ] F:\study\o2o\public/../application/index\view\index\index.html [ array (
  0 => 'citys',
  1 => 'city',
  2 => 'user',
  3 => 'controller',
  4 => 'cates',
  5 => 'featured',
  6 => 'title',
  7 => 'goods',
  8 => 'cateid',
) ]
[ info ] [ LOG ] INIT File

---------------------------------------------------------------
[ 2017-04-19T12:36:33+08:00 ] 127.0.0.7 127.0.0.1 GET /upload/20170326/e83605c415187b19db9d540e7dd5ee72.jpg
[ log ] tp5.o2o.com/upload/20170326/e83605c415187b19db9d540e7dd5ee72.jpg [运行时间：0.317638s][吞吐率：3.15req/s] [内存消耗：2,140.80kb] [文件加载：38]
[ info ] [ LANG ] F:\study\o2o\thinkphp\lang\zh-cn.php
[ info ] [ ROUTE ] array (
  'type' => 'module',
  'module' => 
  array (
    0 => 'upload',
    1 => '20170326',
    2 => 'e83605c415187b19db9d540e7dd5ee72.jpg',
  ),
)
[ info ] [ HEADER ] array (
  'host' => 'tp5.o2o.com',
  'connection' => 'keep-alive',
  'user-agent' => 'Mozilla/5.0 (Windows NT 10.0; Win64; x64) AppleWebKit/537.36 (KHTML, like Gecko) Chrome/56.0.2924.87 Safari/537.36',
  'accept' => 'image/webp,image/*,*/*;q=0.8',
  'referer' => 'http://tp5.o2o.com/index.php?m=bis',
  'accept-encoding' => 'gzip, deflate, sdch',
  'accept-language' => 'zh-CN,zh;q=0.8',
  'cookie' => 'Huiskin=default; PHPSESSID=g2aququ99700hjkcif0rice2d7',
)
[ info ] [ PARAM ] array (
)
[ info ] [ LOG ] INIT File

---------------------------------------------------------------
[ 2017-04-19T12:36:33+08:00 ] 127.0.0.7 127.0.0.1 GET /index.php?m=bis
[ log ] tp5.o2o.com/index.php?m=bis [运行时间：0.376039s][吞吐率：2.66req/s] [内存消耗：5,020.07kb] [文件加载：61]
[ info ] [ LANG ] F:\study\o2o\thinkphp\lang\zh-cn.php
[ info ] [ ROUTE ] array (
  'type' => 'module',
  'module' => 
  array (
    0 => '',
    1 => NULL,
    2 => NULL,
  ),
)
[ info ] [ HEADER ] array (
  'host' => 'tp5.o2o.com',
  'connection' => 'keep-alive',
  'user-agent' => 'Mozilla/5.0 (Windows NT 10.0; Win64; x64) AppleWebKit/537.36 (KHTML, like Gecko) Chrome/56.0.2924.87 Safari/537.36',
  'accept' => 'image/webp,image/*,*/*;q=0.8',
  'referer' => 'http://tp5.o2o.com/index.php?m=bis',
  'accept-encoding' => 'gzip, deflate, sdch',
  'accept-language' => 'zh-CN,zh;q=0.8',
  'cookie' => 'Huiskin=default; PHPSESSID=g2aququ99700hjkcif0rice2d7',
)
[ info ] [ PARAM ] array (
  'm' => 'bis',
)
[ info ] [ CACHE ] INIT redis
[ info ] [ DB ] INIT mysql
[ info ] [ SESSION ] INIT array (
  'prefix' => 'module',
  'type' => 'redis',
  'auto_start' => true,
  'host' => '127.0.0.1',
  'port' => 6379,
  'password' => '',
)
[ info ] [ RUN ] app\index\controller\Index->index[ F:\study\o2o\application\index\controller\Index.php ]
[ info ] [ VIEW ] F:\study\o2o\public/../application/index\view\index\index.html [ array (
  0 => 'citys',
  1 => 'city',
  2 => 'user',
  3 => 'controller',
  4 => 'cates',
  5 => 'featured',
  6 => 'title',
  7 => 'goods',
  8 => 'cateid',
) ]
[ info ] [ LOG ] INIT File

---------------------------------------------------------------
[ 2017-04-19T12:36:37+08:00 ] 127.0.0.7 127.0.0.1 GET /index.php/bis
[ log ] tp5.o2o.com/index.php/bis [运行时间：0.154114s][吞吐率：6.49req/s] [内存消耗：2,771.61kb] [文件加载：49]
[ info ] [ LANG ] F:\study\o2o\thinkphp\lang\zh-cn.php
[ info ] [ ROUTE ] array (
  'type' => 'module',
  'module' => 
  array (
    0 => 'bis',
    1 => NULL,
    2 => NULL,
  ),
)
[ info ] [ HEADER ] array (
  'host' => 'tp5.o2o.com',
  'connection' => 'keep-alive',
  'upgrade-insecure-requests' => '1',
  'user-agent' => 'Mozilla/5.0 (Windows NT 10.0; Win64; x64) AppleWebKit/537.36 (KHTML, like Gecko) Chrome/56.0.2924.87 Safari/537.36',
  'accept' => 'text/html,application/xhtml+xml,application/xml;q=0.9,image/webp,*/*;q=0.8',
  'accept-encoding' => 'gzip, deflate, sdch',
  'accept-language' => 'zh-CN,zh;q=0.8',
  'cookie' => 'Huiskin=default; PHPSESSID=g2aququ99700hjkcif0rice2d7',
)
[ info ] [ PARAM ] array (
)
[ info ] [ SESSION ] INIT array (
  'prefix' => 'module',
  'type' => 'redis',
  'auto_start' => true,
  'host' => '127.0.0.1',
  'port' => 6379,
  'password' => '',
)
[ info ] [ LOG ] INIT File

---------------------------------------------------------------
[ 2017-04-19T12:36:38+08:00 ] 127.0.0.7 127.0.0.1 GET /index.php/bis/login/index.html
[ log ] tp5.o2o.com/index.php/bis/login/index.html [运行时间：0.214996s][吞吐率：4.65req/s] [内存消耗：2,738.07kb] [文件加载：47]
[ info ] [ LANG ] F:\study\o2o\thinkphp\lang\zh-cn.php
[ info ] [ ROUTE ] array (
  'type' => 'module',
  'module' => 
  array (
    0 => 'bis',
    1 => 'login',
    2 => 'index',
  ),
)
[ info ] [ HEADER ] array (
  'host' => 'tp5.o2o.com',
  'connection' => 'keep-alive',
  'upgrade-insecure-requests' => '1',
  'user-agent' => 'Mozilla/5.0 (Windows NT 10.0; Win64; x64) AppleWebKit/537.36 (KHTML, like Gecko) Chrome/56.0.2924.87 Safari/537.36',
  'accept' => 'text/html,application/xhtml+xml,application/xml;q=0.9,image/webp,*/*;q=0.8',
  'accept-encoding' => 'gzip, deflate, sdch',
  'accept-language' => 'zh-CN,zh;q=0.8',
  'cookie' => 'Huiskin=default; PHPSESSID=g2aququ99700hjkcif0rice2d7',
)
[ info ] [ PARAM ] array (
)
[ info ] [ RUN ] app\bis\controller\Login->index[ F:\study\o2o\application\bis\controller\Login.php ]
[ info ] [ SESSION ] INIT array (
  'prefix' => 'module',
  'type' => 'redis',
  'auto_start' => true,
  'host' => '127.0.0.1',
  'port' => 6379,
  'password' => '',
)
[ info ] [ VIEW ] F:\study\o2o\public/../application/bis\view\login\index.html [ array (
) ]
[ info ] [ LOG ] INIT File

---------------------------------------------------------------
[ 2017-04-19T12:53:43+08:00 ] 127.0.0.7 127.0.0.1 GET /
[ log ] tp5.o2o.com/ [运行时间：0.352932s][吞吐率：2.83req/s] [内存消耗：5,019.75kb] [文件加载：61]
[ info ] [ LANG ] F:\study\o2o\thinkphp\lang\zh-cn.php
[ info ] [ ROUTE ] array (
  'type' => 'module',
  'module' => 
  array (
    0 => '',
    1 => NULL,
    2 => NULL,
  ),
)
[ info ] [ HEADER ] array (
  'host' => 'tp5.o2o.com',
  'connection' => 'keep-alive',
  'upgrade-insecure-requests' => '1',
  'user-agent' => 'Mozilla/5.0 (Windows NT 10.0; Win64; x64) AppleWebKit/537.36 (KHTML, like Gecko) Chrome/56.0.2924.87 Safari/537.36',
  'accept' => 'text/html,application/xhtml+xml,application/xml;q=0.9,image/webp,*/*;q=0.8',
  'accept-encoding' => 'gzip, deflate, sdch',
  'accept-language' => 'zh-CN,zh;q=0.8',
  'cookie' => 'Huiskin=default; PHPSESSID=g2aququ99700hjkcif0rice2d7',
)
[ info ] [ PARAM ] array (
)
[ info ] [ CACHE ] INIT redis
[ info ] [ DB ] INIT mysql
[ info ] [ SESSION ] INIT array (
  'prefix' => 'module',
  'type' => 'redis',
  'auto_start' => true,
  'host' => '127.0.0.1',
  'port' => 6379,
  'password' => '',
)
[ info ] [ RUN ] app\index\controller\Index->index[ F:\study\o2o\application\index\controller\Index.php ]
[ info ] [ VIEW ] F:\study\o2o\public/../application/index\view\index\index.html [ array (
  0 => 'citys',
  1 => 'city',
  2 => 'user',
  3 => 'controller',
  4 => 'cates',
  5 => 'featured',
  6 => 'title',
  7 => 'goods',
  8 => 'cateid',
) ]
[ info ] [ LOG ] INIT File

---------------------------------------------------------------
[ 2017-04-19T12:53:43+08:00 ] 127.0.0.7 127.0.0.1 GET /upload/20170326/e83605c415187b19db9d540e7dd5ee72.jpg
[ log ] tp5.o2o.com/upload/20170326/e83605c415187b19db9d540e7dd5ee72.jpg [运行时间：0.315135s][吞吐率：3.17req/s] [内存消耗：2,141.23kb] [文件加载：38]
[ info ] [ LANG ] F:\study\o2o\thinkphp\lang\zh-cn.php
[ info ] [ ROUTE ] array (
  'type' => 'module',
  'module' => 
  array (
    0 => 'upload',
    1 => '20170326',
    2 => 'e83605c415187b19db9d540e7dd5ee72.jpg',
  ),
)
[ info ] [ HEADER ] array (
  'host' => 'tp5.o2o.com',
  'connection' => 'keep-alive',
  'user-agent' => 'Mozilla/5.0 (Windows NT 10.0; Win64; x64) AppleWebKit/537.36 (KHTML, like Gecko) Chrome/56.0.2924.87 Safari/537.36',
  'accept' => 'image/webp,image/*,*/*;q=0.8',
  'referer' => 'http://tp5.o2o.com/',
  'accept-encoding' => 'gzip, deflate, sdch',
  'accept-language' => 'zh-CN,zh;q=0.8',
  'cookie' => 'Huiskin=default; PHPSESSID=g2aququ99700hjkcif0rice2d7',
)
[ info ] [ PARAM ] array (
)
[ info ] [ LOG ] INIT File

---------------------------------------------------------------
[ 2017-04-19T12:53:44+08:00 ] 127.0.0.7 127.0.0.1 GET /
[ log ] tp5.o2o.com/ [运行时间：0.347674s][吞吐率：2.88req/s] [内存消耗：5,019.53kb] [文件加载：61]
[ info ] [ LANG ] F:\study\o2o\thinkphp\lang\zh-cn.php
[ info ] [ ROUTE ] array (
  'type' => 'module',
  'module' => 
  array (
    0 => '',
    1 => NULL,
    2 => NULL,
  ),
)
[ info ] [ HEADER ] array (
  'host' => 'tp5.o2o.com',
  'connection' => 'keep-alive',
  'user-agent' => 'Mozilla/5.0 (Windows NT 10.0; Win64; x64) AppleWebKit/537.36 (KHTML, like Gecko) Chrome/56.0.2924.87 Safari/537.36',
  'accept' => 'image/webp,image/*,*/*;q=0.8',
  'referer' => 'http://tp5.o2o.com/',
  'accept-encoding' => 'gzip, deflate, sdch',
  'accept-language' => 'zh-CN,zh;q=0.8',
  'cookie' => 'Huiskin=default; PHPSESSID=g2aququ99700hjkcif0rice2d7',
)
[ info ] [ PARAM ] array (
)
[ info ] [ CACHE ] INIT redis
[ info ] [ DB ] INIT mysql
[ info ] [ SESSION ] INIT array (
  'prefix' => 'module',
  'type' => 'redis',
  'auto_start' => true,
  'host' => '127.0.0.1',
  'port' => 6379,
  'password' => '',
)
[ info ] [ RUN ] app\index\controller\Index->index[ F:\study\o2o\application\index\controller\Index.php ]
[ info ] [ VIEW ] F:\study\o2o\public/../application/index\view\index\index.html [ array (
  0 => 'citys',
  1 => 'city',
  2 => 'user',
  3 => 'controller',
  4 => 'cates',
  5 => 'featured',
  6 => 'title',
  7 => 'goods',
  8 => 'cateid',
) ]
[ info ] [ LOG ] INIT File

---------------------------------------------------------------
[ 2017-04-19T13:50:18+08:00 ] 127.0.0.7 127.0.0.1 GET /admin
[ log ] tp5.o2o.com/admin [运行时间：0.120174s][吞吐率：8.32req/s] [内存消耗：2,785.49kb] [文件加载：47]
[ info ] [ LANG ] F:\study\o2o\thinkphp\lang\zh-cn.php
[ info ] [ ROUTE ] array (
  'type' => 'module',
  'module' => 
  array (
    0 => 'admin',
    1 => NULL,
    2 => NULL,
  ),
)
[ info ] [ HEADER ] array (
  'host' => 'tp5.o2o.com',
  'connection' => 'keep-alive',
  'upgrade-insecure-requests' => '1',
  'user-agent' => 'Mozilla/5.0 (Windows NT 10.0; Win64; x64) AppleWebKit/537.36 (KHTML, like Gecko) Chrome/56.0.2924.87 Safari/537.36',
  'accept' => 'text/html,application/xhtml+xml,application/xml;q=0.9,image/webp,*/*;q=0.8',
  'accept-encoding' => 'gzip, deflate, sdch',
  'accept-language' => 'zh-CN,zh;q=0.8',
  'cookie' => 'Huiskin=default; PHPSESSID=g2aququ99700hjkcif0rice2d7',
)
[ info ] [ PARAM ] array (
)
[ info ] [ SESSION ] INIT array (
  'prefix' => 'module',
  'type' => 'redis',
  'auto_start' => true,
  'host' => '127.0.0.1',
  'port' => 6379,
  'password' => '',
)
[ info ] [ LOG ] INIT File

---------------------------------------------------------------
[ 2017-04-19T13:50:18+08:00 ] 127.0.0.7 127.0.0.1 GET /admin/admin/login.html
[ log ] tp5.o2o.com/admin/admin/login.html [运行时间：0.113917s][吞吐率：8.78req/s] [内存消耗：2,785.23kb] [文件加载：45]
[ info ] [ LANG ] F:\study\o2o\thinkphp\lang\zh-cn.php
[ info ] [ ROUTE ] array (
  'type' => 'module',
  'module' => 
  array (
    0 => 'admin',
    1 => 'admin',
    2 => 'login',
  ),
)
[ info ] [ HEADER ] array (
  'host' => 'tp5.o2o.com',
  'connection' => 'keep-alive',
  'upgrade-insecure-requests' => '1',
  'user-agent' => 'Mozilla/5.0 (Windows NT 10.0; Win64; x64) AppleWebKit/537.36 (KHTML, like Gecko) Chrome/56.0.2924.87 Safari/537.36',
  'accept' => 'text/html,application/xhtml+xml,application/xml;q=0.9,image/webp,*/*;q=0.8',
  'accept-encoding' => 'gzip, deflate, sdch',
  'accept-language' => 'zh-CN,zh;q=0.8',
  'cookie' => 'Huiskin=default; PHPSESSID=g2aququ99700hjkcif0rice2d7',
)
[ info ] [ PARAM ] array (
)
[ info ] [ RUN ] app\admin\controller\Admin->login[ F:\study\o2o\application\admin\controller\Admin.php ]
[ info ] [ SESSION ] INIT array (
  'prefix' => 'module',
  'type' => 'redis',
  'auto_start' => true,
  'host' => '127.0.0.1',
  'port' => 6379,
  'password' => '',
)
[ info ] [ VIEW ] F:\study\o2o\public/../application/admin\view\admin\login.html [ array (
) ]
[ info ] [ LOG ] INIT File

---------------------------------------------------------------
[ 2017-04-19T13:50:18+08:00 ] 127.0.0.7 127.0.0.1 GET /captcha.html
[ log ] tp5.o2o.com/captcha.html [运行时间：0.281589s][吞吐率：3.55req/s] [内存消耗：2,207.91kb] [文件加载：38]
[ info ] [ LANG ] F:\study\o2o\thinkphp\lang\zh-cn.php
[ info ] [ ROUTE ] array (
  'type' => 'method',
  'method' => 
  array (
    0 => '\\think\\captcha\\CaptchaController',
    1 => 'index',
  ),
  'var' => 
  array (
  ),
)
[ info ] [ HEADER ] array (
  'host' => 'tp5.o2o.com',
  'connection' => 'keep-alive',
  'user-agent' => 'Mozilla/5.0 (Windows NT 10.0; Win64; x64) AppleWebKit/537.36 (KHTML, like Gecko) Chrome/56.0.2924.87 Safari/537.36',
  'accept' => 'image/webp,image/*,*/*;q=0.8',
  'referer' => 'http://tp5.o2o.com/admin/admin/login.html',
  'accept-encoding' => 'gzip, deflate, sdch',
  'accept-language' => 'zh-CN,zh;q=0.8',
  'cookie' => 'Huiskin=default; PHPSESSID=g2aququ99700hjkcif0rice2d7',
)
[ info ] [ PARAM ] array (
  'id' => NULL,
)
[ info ] [ RUN ] think\captcha\CaptchaController->index[ F:\study\o2o\vendor\topthink\think-captcha\src\CaptchaController.php ]
[ info ] [ SESSION ] INIT array (
  'prefix' => 'module',
  'type' => 'redis',
  'auto_start' => true,
  'host' => '127.0.0.1',
  'port' => 6379,
  'password' => '',
)
[ info ] [ LOG ] INIT File

---------------------------------------------------------------
[ 2017-04-19T13:50:20+08:00 ] 127.0.0.7 127.0.0.1 GET /admin/admin/login.html
[ log ] tp5.o2o.com/admin/admin/login.html [运行时间：0.131436s][吞吐率：7.61req/s] [内存消耗：2,786.05kb] [文件加载：45]
[ info ] [ LANG ] F:\study\o2o\thinkphp\lang\zh-cn.php
[ info ] [ ROUTE ] array (
  'type' => 'module',
  'module' => 
  array (
    0 => 'admin',
    1 => 'admin',
    2 => 'login',
  ),
)
[ info ] [ HEADER ] array (
  'host' => 'tp5.o2o.com',
  'connection' => 'keep-alive',
  'cache-control' => 'max-age=0',
  'upgrade-insecure-requests' => '1',
  'user-agent' => 'Mozilla/5.0 (Windows NT 10.0; Win64; x64) AppleWebKit/537.36 (KHTML, like Gecko) Chrome/56.0.2924.87 Safari/537.36',
  'accept' => 'text/html,application/xhtml+xml,application/xml;q=0.9,image/webp,*/*;q=0.8',
  'accept-encoding' => 'gzip, deflate, sdch',
  'accept-language' => 'zh-CN,zh;q=0.8',
  'cookie' => 'Huiskin=default; PHPSESSID=g2aququ99700hjkcif0rice2d7',
)
[ info ] [ PARAM ] array (
)
[ info ] [ RUN ] app\admin\controller\Admin->login[ F:\study\o2o\application\admin\controller\Admin.php ]
[ info ] [ SESSION ] INIT array (
  'prefix' => 'module',
  'type' => 'redis',
  'auto_start' => true,
  'host' => '127.0.0.1',
  'port' => 6379,
  'password' => '',
)
[ info ] [ VIEW ] F:\study\o2o\public/../application/admin\view\admin\login.html [ array (
) ]
[ info ] [ LOG ] INIT File

---------------------------------------------------------------
[ 2017-04-19T13:50:21+08:00 ] 127.0.0.7 127.0.0.1 GET /captcha.html
[ log ] tp5.o2o.com/captcha.html [运行时间：0.255141s][吞吐率：3.92req/s] [内存消耗：2,208.05kb] [文件加载：38]
[ info ] [ LANG ] F:\study\o2o\thinkphp\lang\zh-cn.php
[ info ] [ ROUTE ] array (
  'type' => 'method',
  'method' => 
  array (
    0 => '\\think\\captcha\\CaptchaController',
    1 => 'index',
  ),
  'var' => 
  array (
  ),
)
[ info ] [ HEADER ] array (
  'host' => 'tp5.o2o.com',
  'connection' => 'keep-alive',
  'user-agent' => 'Mozilla/5.0 (Windows NT 10.0; Win64; x64) AppleWebKit/537.36 (KHTML, like Gecko) Chrome/56.0.2924.87 Safari/537.36',
  'accept' => 'image/webp,image/*,*/*;q=0.8',
  'referer' => 'http://tp5.o2o.com/admin/admin/login.html',
  'accept-encoding' => 'gzip, deflate, sdch',
  'accept-language' => 'zh-CN,zh;q=0.8',
  'cookie' => 'Huiskin=default; PHPSESSID=g2aququ99700hjkcif0rice2d7',
)
[ info ] [ PARAM ] array (
  'id' => NULL,
)
[ info ] [ RUN ] think\captcha\CaptchaController->index[ F:\study\o2o\vendor\topthink\think-captcha\src\CaptchaController.php ]
[ info ] [ SESSION ] INIT array (
  'prefix' => 'module',
  'type' => 'redis',
  'auto_start' => true,
  'host' => '127.0.0.1',
  'port' => 6379,
  'password' => '',
)
[ info ] [ LOG ] INIT File

---------------------------------------------------------------
[ 2017-04-19T13:58:16+08:00 ] 127.0.0.7 127.0.0.1 POST /admin/admin/login.html
[ log ] tp5.o2o.com/admin/admin/login.html [运行时间：0.154446s][吞吐率：6.47req/s] [内存消耗：2,764.64kb] [文件加载：47]
[ info ] [ LANG ] F:\study\o2o\thinkphp\lang\zh-cn.php
[ info ] [ ROUTE ] array (
  'type' => 'module',
  'module' => 
  array (
    0 => 'admin',
    1 => 'admin',
    2 => 'login',
  ),
)
[ info ] [ HEADER ] array (
  'host' => 'tp5.o2o.com',
  'connection' => 'keep-alive',
  'content-length' => '13',
  'accept' => '*/*',
  'origin' => 'http://tp5.o2o.com',
  'x-requested-with' => 'XMLHttpRequest',
  'user-agent' => 'Mozilla/5.0 (Windows NT 10.0; Win64; x64) AppleWebKit/537.36 (KHTML, like Gecko) Chrome/56.0.2924.87 Safari/537.36',
  'content-type' => 'application/x-www-form-urlencoded; charset=UTF-8',
  'referer' => 'http://tp5.o2o.com/admin/admin/login.html',
  'accept-encoding' => 'gzip, deflate',
  'accept-language' => 'zh-CN,zh;q=0.8',
  'cookie' => 'Huiskin=default; PHPSESSID=g2aququ99700hjkcif0rice2d7',
)
[ info ] [ PARAM ] array (
  'username' => 'dsds',
)
[ info ] [ RUN ] app\admin\controller\Admin->login[ F:\study\o2o\application\admin\controller\Admin.php ]
[ info ] [ SESSION ] INIT array (
  'prefix' => 'module',
  'type' => 'redis',
  'auto_start' => true,
  'host' => '127.0.0.1',
  'port' => 6379,
  'password' => '',
)
[ info ] [ LOG ] INIT File
[ error ] [8]未定义数组索引: verifyCode[F:\study\o2o\application\admin\controller\Admin.php:20]

---------------------------------------------------------------
[ 2017-04-19T14:16:03+08:00 ] 127.0.0.7 127.0.0.1 POST /admin/admin/login.html
[ log ] tp5.o2o.com/admin/admin/login.html [运行时间：0.140733s][吞吐率：7.11req/s] [内存消耗：2,764.52kb] [文件加载：47]
[ info ] [ LANG ] F:\study\o2o\thinkphp\lang\zh-cn.php
[ info ] [ ROUTE ] array (
  'type' => 'module',
  'module' => 
  array (
    0 => 'admin',
    1 => 'admin',
    2 => 'login',
  ),
)
[ info ] [ HEADER ] array (
  'host' => 'tp5.o2o.com',
  'connection' => 'keep-alive',
  'content-length' => '36',
  'accept' => '*/*',
  'origin' => 'http://tp5.o2o.com',
  'x-requested-with' => 'XMLHttpRequest',
  'user-agent' => 'Mozilla/5.0 (Windows NT 10.0; Win64; x64) AppleWebKit/537.36 (KHTML, like Gecko) Chrome/56.0.2924.87 Safari/537.36',
  'content-type' => 'application/x-www-form-urlencoded; charset=UTF-8',
  'referer' => 'http://tp5.o2o.com/admin/admin/login.html',
  'accept-encoding' => 'gzip, deflate',
  'accept-language' => 'zh-CN,zh;q=0.8',
  'cookie' => 'Huiskin=default; PHPSESSID=g2aququ99700hjkcif0rice2d7',
)
[ info ] [ PARAM ] array (
  'username' => '刘中林',
)
[ info ] [ RUN ] app\admin\controller\Admin->login[ F:\study\o2o\application\admin\controller\Admin.php ]
[ info ] [ SESSION ] INIT array (
  'prefix' => 'module',
  'type' => 'redis',
  'auto_start' => true,
  'host' => '127.0.0.1',
  'port' => 6379,
  'password' => '',
)
[ info ] [ LOG ] INIT File
[ error ] [8]未定义数组索引: verifyCode[F:\study\o2o\application\admin\controller\Admin.php:20]

---------------------------------------------------------------
[ 2017-04-19T14:16:14+08:00 ] 127.0.0.7 127.0.0.1 POST /admin/admin/login.html
[ log ] tp5.o2o.com/admin/admin/login.html [运行时间：0.567484s][吞吐率：1.76req/s] [内存消耗：4,780.94kb] [文件加载：59]
[ info ] [ LANG ] F:\study\o2o\thinkphp\lang\zh-cn.php
[ info ] [ ROUTE ] array (
  'type' => 'module',
  'module' => 
  array (
    0 => 'admin',
    1 => 'admin',
    2 => 'login',
  ),
)
[ info ] [ HEADER ] array (
  'host' => 'tp5.o2o.com',
  'connection' => 'keep-alive',
  'content-length' => '69',
  'accept' => '*/*',
  'origin' => 'http://tp5.o2o.com',
  'x-requested-with' => 'XMLHttpRequest',
  'user-agent' => 'Mozilla/5.0 (Windows NT 10.0; Win64; x64) AppleWebKit/537.36 (KHTML, like Gecko) Chrome/56.0.2924.87 Safari/537.36',
  'content-type' => 'application/x-www-form-urlencoded; charset=UTF-8',
  'referer' => 'http://tp5.o2o.com/admin/admin/login.html',
  'accept-encoding' => 'gzip, deflate',
  'accept-language' => 'zh-CN,zh;q=0.8',
  'cookie' => 'Huiskin=default; PHPSESSID=g2aququ99700hjkcif0rice2d7',
)
[ info ] [ PARAM ] array (
  'username' => '刘中林',
  'password' => '123456',
  'verifyCode' => 'ynums',
)
[ info ] [ RUN ] app\admin\controller\Admin->login[ F:\study\o2o\application\admin\controller\Admin.php ]
[ info ] [ SESSION ] INIT array (
  'prefix' => 'module',
  'type' => 'redis',
  'auto_start' => true,
  'host' => '127.0.0.1',
  'port' => 6379,
  'password' => '',
)
[ info ] [ DB ] INIT mysql
[ info ] [ CACHE ] INIT redis
[ info ] [ LOG ] INIT File

---------------------------------------------------------------
[ 2017-04-19T14:16:15+08:00 ] 127.0.0.7 127.0.0.1 GET /admin/index/index.html
[ log ] tp5.o2o.com/admin/index/index.html [运行时间：0.177229s][吞吐率：5.64req/s] [内存消耗：3,264.15kb] [文件加载：48]
[ info ] [ LANG ] F:\study\o2o\thinkphp\lang\zh-cn.php
[ info ] [ ROUTE ] array (
  'type' => 'module',
  'module' => 
  array (
    0 => 'admin',
    1 => 'index',
    2 => 'index',
  ),
)
[ info ] [ HEADER ] array (
  'host' => 'tp5.o2o.com',
  'connection' => 'keep-alive',
  'upgrade-insecure-requests' => '1',
  'user-agent' => 'Mozilla/5.0 (Windows NT 10.0; Win64; x64) AppleWebKit/537.36 (KHTML, like Gecko) Chrome/56.0.2924.87 Safari/537.36',
  'accept' => 'text/html,application/xhtml+xml,application/xml;q=0.9,image/webp,*/*;q=0.8',
  'referer' => 'http://tp5.o2o.com/admin/admin/login.html',
  'accept-encoding' => 'gzip, deflate, sdch',
  'accept-language' => 'zh-CN,zh;q=0.8',
  'cookie' => 'Huiskin=default; PHPSESSID=g2aququ99700hjkcif0rice2d7',
)
[ info ] [ PARAM ] array (
)
[ info ] [ SESSION ] INIT array (
  'prefix' => 'module',
  'type' => 'redis',
  'auto_start' => true,
  'host' => '127.0.0.1',
  'port' => 6379,
  'password' => '',
)
[ info ] [ RUN ] app\admin\controller\Index->index[ F:\study\o2o\application\admin\controller\Index.php ]
[ info ] [ VIEW ] F:\study\o2o\public/../application/admin\view\index\index.html [ array (
  0 => 'isSuper',
  1 => 'user',
) ]
[ info ] [ LOG ] INIT File

---------------------------------------------------------------
[ 2017-04-19T14:16:16+08:00 ] 127.0.0.7 127.0.0.1 GET /admin/index/welcome.html
[ log ] tp5.o2o.com/admin/index/welcome.html [运行时间：0.167784s][吞吐率：5.96req/s] [内存消耗：3,149.02kb] [文件加载：46]
[ info ] [ LANG ] F:\study\o2o\thinkphp\lang\zh-cn.php
[ info ] [ ROUTE ] array (
  'type' => 'module',
  'module' => 
  array (
    0 => 'admin',
    1 => 'index',
    2 => 'welcome',
  ),
)
[ info ] [ HEADER ] array (
  'host' => 'tp5.o2o.com',
  'connection' => 'keep-alive',
  'upgrade-insecure-requests' => '1',
  'user-agent' => 'Mozilla/5.0 (Windows NT 10.0; Win64; x64) AppleWebKit/537.36 (KHTML, like Gecko) Chrome/56.0.2924.87 Safari/537.36',
  'accept' => 'text/html,application/xhtml+xml,application/xml;q=0.9,image/webp,*/*;q=0.8',
  'referer' => 'http://tp5.o2o.com/admin/index/index.html',
  'accept-encoding' => 'gzip, deflate, sdch',
  'accept-language' => 'zh-CN,zh;q=0.8',
  'cookie' => 'Huiskin=default; PHPSESSID=g2aququ99700hjkcif0rice2d7',
)
[ info ] [ PARAM ] array (
)
[ info ] [ SESSION ] INIT array (
  'prefix' => 'module',
  'type' => 'redis',
  'auto_start' => true,
  'host' => '127.0.0.1',
  'port' => 6379,
  'password' => '',
)
[ info ] [ RUN ] app\admin\controller\Index->welcome[ F:\study\o2o\application\admin\controller\Index.php ]
[ info ] [ LOG ] INIT File

---------------------------------------------------------------
[ 2017-04-19T14:16:23+08:00 ] 127.0.0.7 127.0.0.1 GET /admin/category/index.html
[ log ] tp5.o2o.com/admin/category/index.html [运行时间：0.380652s][吞吐率：2.63req/s] [内存消耗：4,809.91kb] [文件加载：58]
[ info ] [ LANG ] F:\study\o2o\thinkphp\lang\zh-cn.php
[ info ] [ ROUTE ] array (
  'type' => 'module',
  'module' => 
  array (
    0 => 'admin',
    1 => 'category',
    2 => 'index',
  ),
)
[ info ] [ HEADER ] array (
  'host' => 'tp5.o2o.com',
  'connection' => 'keep-alive',
  'upgrade-insecure-requests' => '1',
  'user-agent' => 'Mozilla/5.0 (Windows NT 10.0; Win64; x64) AppleWebKit/537.36 (KHTML, like Gecko) Chrome/56.0.2924.87 Safari/537.36',
  'accept' => 'text/html,application/xhtml+xml,application/xml;q=0.9,image/webp,*/*;q=0.8',
  'referer' => 'http://tp5.o2o.com/admin/index/index.html',
  'accept-encoding' => 'gzip, deflate, sdch',
  'accept-language' => 'zh-CN,zh;q=0.8',
  'cookie' => 'Huiskin=default; PHPSESSID=g2aququ99700hjkcif0rice2d7',
)
[ info ] [ PARAM ] array (
)
[ info ] [ DB ] INIT mysql
[ info ] [ RUN ] app\admin\controller\Category->index[ F:\study\o2o\application\admin\controller\Category.php ]
[ info ] [ VIEW ] F:\study\o2o\public/../application/admin\view\category\index.html [ array (
  0 => 'cates',
) ]
[ info ] [ LOG ] INIT File

---------------------------------------------------------------
[ 2017-04-19T14:18:52+08:00 ] 127.0.0.7 127.0.0.1 GET /admin/category/index.html
[ log ] tp5.o2o.com/admin/category/index.html [运行时间：0.442071s][吞吐率：2.26req/s] [内存消耗：4,809.91kb] [文件加载：58]
[ info ] [ LANG ] F:\study\o2o\thinkphp\lang\zh-cn.php
[ info ] [ ROUTE ] array (
  'type' => 'module',
  'module' => 
  array (
    0 => 'admin',
    1 => 'category',
    2 => 'index',
  ),
)
[ info ] [ HEADER ] array (
  'host' => 'tp5.o2o.com',
  'connection' => 'keep-alive',
  'upgrade-insecure-requests' => '1',
  'user-agent' => 'Mozilla/5.0 (Windows NT 10.0; Win64; x64) AppleWebKit/537.36 (KHTML, like Gecko) Chrome/56.0.2924.87 Safari/537.36',
  'accept' => 'text/html,application/xhtml+xml,application/xml;q=0.9,image/webp,*/*;q=0.8',
  'referer' => 'http://tp5.o2o.com/admin/index/index.html',
  'accept-encoding' => 'gzip, deflate, sdch',
  'accept-language' => 'zh-CN,zh;q=0.8',
  'cookie' => 'Huiskin=default; PHPSESSID=g2aququ99700hjkcif0rice2d7',
)
[ info ] [ PARAM ] array (
)
[ info ] [ DB ] INIT mysql
[ info ] [ RUN ] app\admin\controller\Category->index[ F:\study\o2o\application\admin\controller\Category.php ]
[ info ] [ VIEW ] F:\study\o2o\public/../application/admin\view\category\index.html [ array (
  0 => 'cates',
) ]
[ info ] [ LOG ] INIT File

---------------------------------------------------------------
[ 2017-04-19T14:19:05+08:00 ] 127.0.0.7 127.0.0.1 GET /admin/category/index.html
[ log ] tp5.o2o.com/admin/category/index.html [运行时间：0.230236s][吞吐率：4.34req/s] [内存消耗：4,809.91kb] [文件加载：58]
[ info ] [ LANG ] F:\study\o2o\thinkphp\lang\zh-cn.php
[ info ] [ ROUTE ] array (
  'type' => 'module',
  'module' => 
  array (
    0 => 'admin',
    1 => 'category',
    2 => 'index',
  ),
)
[ info ] [ HEADER ] array (
  'host' => 'tp5.o2o.com',
  'connection' => 'keep-alive',
  'upgrade-insecure-requests' => '1',
  'user-agent' => 'Mozilla/5.0 (Windows NT 10.0; Win64; x64) AppleWebKit/537.36 (KHTML, like Gecko) Chrome/56.0.2924.87 Safari/537.36',
  'accept' => 'text/html,application/xhtml+xml,application/xml;q=0.9,image/webp,*/*;q=0.8',
  'referer' => 'http://tp5.o2o.com/admin/index/index.html',
  'accept-encoding' => 'gzip, deflate, sdch',
  'accept-language' => 'zh-CN,zh;q=0.8',
  'cookie' => 'Huiskin=default; PHPSESSID=g2aququ99700hjkcif0rice2d7',
)
[ info ] [ PARAM ] array (
)
[ info ] [ DB ] INIT mysql
[ info ] [ RUN ] app\admin\controller\Category->index[ F:\study\o2o\application\admin\controller\Category.php ]
[ info ] [ VIEW ] F:\study\o2o\public/../application/admin\view\category\index.html [ array (
  0 => 'cates',
) ]
[ info ] [ LOG ] INIT File

---------------------------------------------------------------
[ 2017-04-19T14:19:12+08:00 ] 127.0.0.7 127.0.0.1 GET /admin/category/index.html
[ log ] tp5.o2o.com/admin/category/index.html [运行时间：0.255468s][吞吐率：3.91req/s] [内存消耗：4,808.87kb] [文件加载：58]
[ info ] [ LANG ] F:\study\o2o\thinkphp\lang\zh-cn.php
[ info ] [ ROUTE ] array (
  'type' => 'module',
  'module' => 
  array (
    0 => 'admin',
    1 => 'category',
    2 => 'index',
  ),
)
[ info ] [ HEADER ] array (
  'host' => 'tp5.o2o.com',
  'connection' => 'keep-alive',
  'upgrade-insecure-requests' => '1',
  'user-agent' => 'Mozilla/5.0 (Windows NT 10.0; Win64; x64) AppleWebKit/537.36 (KHTML, like Gecko) Chrome/56.0.2924.87 Safari/537.36',
  'accept' => 'text/html,application/xhtml+xml,application/xml;q=0.9,image/webp,*/*;q=0.8',
  'accept-encoding' => 'gzip, deflate, sdch',
  'accept-language' => 'zh-CN,zh;q=0.8',
  'cookie' => 'Huiskin=default; PHPSESSID=g2aququ99700hjkcif0rice2d7',
)
[ info ] [ PARAM ] array (
)
[ info ] [ DB ] INIT mysql
[ info ] [ RUN ] app\admin\controller\Category->index[ F:\study\o2o\application\admin\controller\Category.php ]
[ info ] [ VIEW ] F:\study\o2o\public/../application/admin\view\category\index.html [ array (
  0 => 'cates',
) ]
[ info ] [ LOG ] INIT File

---------------------------------------------------------------
