[ 2017-04-23T00:28:44+08:00 ] 127.0.0.7 127.0.0.1 GET /
[ log ] tp5.o2o.com/ [运行时间：1.687790s][吞吐率：0.59req/s] [内存消耗：5,022.36kb] [文件加载：61]
[ info ] [ LANG ] F:\study\o2o\thinkphp\lang\zh-cn.php
[ info ] [ ROUTE ] array (
  'type' => 'module',
  'module' => 
  array (
    0 => '',
    1 => NULL,
    2 => NULL,
  ),
)
[ info ] [ HEADER ] array (
  'host' => 'tp5.o2o.com',
  'connection' => 'keep-alive',
  'upgrade-insecure-requests' => '1',
  'user-agent' => 'Mozilla/5.0 (Windows NT 10.0; Win64; x64) AppleWebKit/537.36 (KHTML, like Gecko) Chrome/56.0.2924.87 Safari/537.36',
  'accept' => 'text/html,application/xhtml+xml,application/xml;q=0.9,image/webp,*/*;q=0.8',
  'accept-encoding' => 'gzip, deflate, sdch',
  'accept-language' => 'zh-CN,zh;q=0.8',
  'cookie' => 'Huiskin=default',
)
[ info ] [ PARAM ] array (
)
[ info ] [ CACHE ] INIT redis
[ info ] [ DB ] INIT mysql
[ info ] [ SESSION ] INIT array (
  'prefix' => 'module',
  'type' => 'redis',
  'auto_start' => true,
  'host' => '127.0.0.1',
  'port' => 6379,
  'password' => '',
)
[ info ] [ RUN ] app\index\controller\Index->index[ F:\study\o2o\application\index\controller\Index.php ]
[ info ] [ VIEW ] F:\study\o2o\public/../application/index\view\index\index.html [ array (
  0 => 'citys',
  1 => 'city',
  2 => 'user',
  3 => 'controller',
  4 => 'cates',
  5 => 'featured',
  6 => 'title',
  7 => 'goods',
  8 => 'cateid',
) ]
[ info ] [ LOG ] INIT File

---------------------------------------------------------------
[ 2017-04-23T00:28:44+08:00 ] 127.0.0.7 127.0.0.1 GET /upload/20170326/e83605c415187b19db9d540e7dd5ee72.jpg
[ log ] tp5.o2o.com/upload/20170326/e83605c415187b19db9d540e7dd5ee72.jpg [运行时间：0.229693s][吞吐率：4.35req/s] [内存消耗：2,141.30kb] [文件加载：38]
[ info ] [ LANG ] F:\study\o2o\thinkphp\lang\zh-cn.php
[ info ] [ ROUTE ] array (
  'type' => 'module',
  'module' => 
  array (
    0 => 'upload',
    1 => '20170326',
    2 => 'e83605c415187b19db9d540e7dd5ee72.jpg',
  ),
)
[ info ] [ HEADER ] array (
  'host' => 'tp5.o2o.com',
  'connection' => 'keep-alive',
  'user-agent' => 'Mozilla/5.0 (Windows NT 10.0; Win64; x64) AppleWebKit/537.36 (KHTML, like Gecko) Chrome/56.0.2924.87 Safari/537.36',
  'accept' => 'image/webp,image/*,*/*;q=0.8',
  'referer' => 'http://tp5.o2o.com/',
  'accept-encoding' => 'gzip, deflate, sdch',
  'accept-language' => 'zh-CN,zh;q=0.8',
  'cookie' => 'Huiskin=default; PHPSESSID=o7lruqoafa9scjpnfj2o4q5u92',
)
[ info ] [ PARAM ] array (
)
[ info ] [ LOG ] INIT File

---------------------------------------------------------------
[ 2017-04-23T00:28:45+08:00 ] 127.0.0.7 127.0.0.1 GET /
[ log ] tp5.o2o.com/ [运行时间：0.268551s][吞吐率：3.72req/s] [内存消耗：5,018.92kb] [文件加载：61]
[ info ] [ LANG ] F:\study\o2o\thinkphp\lang\zh-cn.php
[ info ] [ ROUTE ] array (
  'type' => 'module',
  'module' => 
  array (
    0 => '',
    1 => NULL,
    2 => NULL,
  ),
)
[ info ] [ HEADER ] array (
  'host' => 'tp5.o2o.com',
  'connection' => 'keep-alive',
  'user-agent' => 'Mozilla/5.0 (Windows NT 10.0; Win64; x64) AppleWebKit/537.36 (KHTML, like Gecko) Chrome/56.0.2924.87 Safari/537.36',
  'accept' => 'image/webp,image/*,*/*;q=0.8',
  'referer' => 'http://tp5.o2o.com/',
  'accept-encoding' => 'gzip, deflate, sdch',
  'accept-language' => 'zh-CN,zh;q=0.8',
  'cookie' => 'Huiskin=default; PHPSESSID=o7lruqoafa9scjpnfj2o4q5u92',
)
[ info ] [ PARAM ] array (
)
[ info ] [ CACHE ] INIT redis
[ info ] [ DB ] INIT mysql
[ info ] [ SESSION ] INIT array (
  'prefix' => 'module',
  'type' => 'redis',
  'auto_start' => true,
  'host' => '127.0.0.1',
  'port' => 6379,
  'password' => '',
)
[ info ] [ RUN ] app\index\controller\Index->index[ F:\study\o2o\application\index\controller\Index.php ]
[ info ] [ VIEW ] F:\study\o2o\public/../application/index\view\index\index.html [ array (
  0 => 'citys',
  1 => 'city',
  2 => 'user',
  3 => 'controller',
  4 => 'cates',
  5 => 'featured',
  6 => 'title',
  7 => 'goods',
  8 => 'cateid',
) ]
[ info ] [ LOG ] INIT File

---------------------------------------------------------------
[ 2017-04-23T00:28:49+08:00 ] 127.0.0.7 127.0.0.1 GET /index/index/index.html?cityName=%E6%B1%9F%E8%A5%BF&city_id=4
[ log ] tp5.o2o.com/index/index/index.html?cityName=%E6%B1%9F%E8%A5%BF&city_id=4 [运行时间：0.264397s][吞吐率：3.78req/s] [内存消耗：5,050.96kb] [文件加载：61]
[ info ] [ LANG ] F:\study\o2o\thinkphp\lang\zh-cn.php
[ info ] [ ROUTE ] array (
  'type' => 'module',
  'module' => 
  array (
    0 => 'index',
    1 => 'index',
    2 => 'index',
  ),
)
[ info ] [ HEADER ] array (
  'host' => 'tp5.o2o.com',
  'connection' => 'keep-alive',
  'upgrade-insecure-requests' => '1',
  'user-agent' => 'Mozilla/5.0 (Windows NT 10.0; Win64; x64) AppleWebKit/537.36 (KHTML, like Gecko) Chrome/56.0.2924.87 Safari/537.36',
  'accept' => 'text/html,application/xhtml+xml,application/xml;q=0.9,image/webp,*/*;q=0.8',
  'referer' => 'http://tp5.o2o.com/',
  'accept-encoding' => 'gzip, deflate, sdch',
  'accept-language' => 'zh-CN,zh;q=0.8',
  'cookie' => 'Huiskin=default; PHPSESSID=o7lruqoafa9scjpnfj2o4q5u92',
)
[ info ] [ PARAM ] array (
  'cityName' => '江西',
  'city_id' => '4',
)
[ info ] [ CACHE ] INIT redis
[ info ] [ DB ] INIT mysql
[ info ] [ SESSION ] INIT array (
  'prefix' => 'module',
  'type' => 'redis',
  'auto_start' => true,
  'host' => '127.0.0.1',
  'port' => 6379,
  'password' => '',
)
[ info ] [ RUN ] app\index\controller\Index->index[ F:\study\o2o\application\index\controller\Index.php ]
[ info ] [ VIEW ] F:\study\o2o\public/../application/index\view\index\index.html [ array (
  0 => 'citys',
  1 => 'city',
  2 => 'user',
  3 => 'controller',
  4 => 'cates',
  5 => 'featured',
  6 => 'title',
  7 => 'goods',
  8 => 'cateid',
) ]
[ info ] [ LOG ] INIT File

---------------------------------------------------------------
[ 2017-04-23T00:28:50+08:00 ] 127.0.0.7 127.0.0.1 GET /upload/20170326/e83605c415187b19db9d540e7dd5ee72.jpg
[ log ] tp5.o2o.com/upload/20170326/e83605c415187b19db9d540e7dd5ee72.jpg [运行时间：0.110848s][吞吐率：9.02req/s] [内存消耗：2,140.87kb] [文件加载：38]
[ info ] [ LANG ] F:\study\o2o\thinkphp\lang\zh-cn.php
[ info ] [ ROUTE ] array (
  'type' => 'module',
  'module' => 
  array (
    0 => 'upload',
    1 => '20170326',
    2 => 'e83605c415187b19db9d540e7dd5ee72.jpg',
  ),
)
[ info ] [ HEADER ] array (
  'host' => 'tp5.o2o.com',
  'connection' => 'keep-alive',
  'user-agent' => 'Mozilla/5.0 (Windows NT 10.0; Win64; x64) AppleWebKit/537.36 (KHTML, like Gecko) Chrome/56.0.2924.87 Safari/537.36',
  'accept' => 'image/webp,image/*,*/*;q=0.8',
  'referer' => 'http://tp5.o2o.com/index/index/index.html?cityName=%E6%B1%9F%E8%A5%BF&city_id=4',
  'accept-encoding' => 'gzip, deflate, sdch',
  'accept-language' => 'zh-CN,zh;q=0.8',
  'cookie' => 'Huiskin=default; PHPSESSID=o7lruqoafa9scjpnfj2o4q5u92',
)
[ info ] [ PARAM ] array (
)
[ info ] [ LOG ] INIT File

---------------------------------------------------------------
[ 2017-04-23T00:28:50+08:00 ] 127.0.0.7 127.0.0.1 GET /index/index/index.html?cityName=%E6%B1%9F%E8%A5%BF&city_id=4
[ log ] tp5.o2o.com/index/index/index.html?cityName=%E6%B1%9F%E8%A5%BF&city_id=4 [运行时间：0.242286s][吞吐率：4.13req/s] [内存消耗：5,051.37kb] [文件加载：61]
[ info ] [ LANG ] F:\study\o2o\thinkphp\lang\zh-cn.php
[ info ] [ ROUTE ] array (
  'type' => 'module',
  'module' => 
  array (
    0 => 'index',
    1 => 'index',
    2 => 'index',
  ),
)
[ info ] [ HEADER ] array (
  'host' => 'tp5.o2o.com',
  'connection' => 'keep-alive',
  'user-agent' => 'Mozilla/5.0 (Windows NT 10.0; Win64; x64) AppleWebKit/537.36 (KHTML, like Gecko) Chrome/56.0.2924.87 Safari/537.36',
  'accept' => 'image/webp,image/*,*/*;q=0.8',
  'referer' => 'http://tp5.o2o.com/index/index/index.html?cityName=%E6%B1%9F%E8%A5%BF&city_id=4',
  'accept-encoding' => 'gzip, deflate, sdch',
  'accept-language' => 'zh-CN,zh;q=0.8',
  'cookie' => 'Huiskin=default; PHPSESSID=o7lruqoafa9scjpnfj2o4q5u92',
)
[ info ] [ PARAM ] array (
  'cityName' => '江西',
  'city_id' => '4',
)
[ info ] [ CACHE ] INIT redis
[ info ] [ DB ] INIT mysql
[ info ] [ SESSION ] INIT array (
  'prefix' => 'module',
  'type' => 'redis',
  'auto_start' => true,
  'host' => '127.0.0.1',
  'port' => 6379,
  'password' => '',
)
[ info ] [ RUN ] app\index\controller\Index->index[ F:\study\o2o\application\index\controller\Index.php ]
[ info ] [ VIEW ] F:\study\o2o\public/../application/index\view\index\index.html [ array (
  0 => 'citys',
  1 => 'city',
  2 => 'user',
  3 => 'controller',
  4 => 'cates',
  5 => 'featured',
  6 => 'title',
  7 => 'goods',
  8 => 'cateid',
) ]
[ info ] [ LOG ] INIT File

---------------------------------------------------------------
[ 2017-04-23T00:28:54+08:00 ] 127.0.0.7 127.0.0.1 GET /index/detail/index.html?id=3
[ log ] tp5.o2o.com/index/detail/index.html?id=3 [运行时间：0.644201s][吞吐率：1.55req/s] [内存消耗：5,147.67kb] [文件加载：63]
[ info ] [ LANG ] F:\study\o2o\thinkphp\lang\zh-cn.php
[ info ] [ ROUTE ] array (
  'type' => 'module',
  'module' => 
  array (
    0 => 'index',
    1 => 'detail',
    2 => 'index',
  ),
)
[ info ] [ HEADER ] array (
  'host' => 'tp5.o2o.com',
  'connection' => 'keep-alive',
  'upgrade-insecure-requests' => '1',
  'user-agent' => 'Mozilla/5.0 (Windows NT 10.0; Win64; x64) AppleWebKit/537.36 (KHTML, like Gecko) Chrome/56.0.2924.87 Safari/537.36',
  'accept' => 'text/html,application/xhtml+xml,application/xml;q=0.9,image/webp,*/*;q=0.8',
  'referer' => 'http://tp5.o2o.com/index/index/index.html?cityName=%E6%B1%9F%E8%A5%BF&city_id=4',
  'accept-encoding' => 'gzip, deflate, sdch',
  'accept-language' => 'zh-CN,zh;q=0.8',
  'cookie' => 'Huiskin=default; PHPSESSID=o7lruqoafa9scjpnfj2o4q5u92',
)
[ info ] [ PARAM ] array (
  'id' => '3',
)
[ info ] [ CACHE ] INIT redis
[ info ] [ DB ] INIT mysql
[ info ] [ SESSION ] INIT array (
  'prefix' => 'module',
  'type' => 'redis',
  'auto_start' => true,
  'host' => '127.0.0.1',
  'port' => 6379,
  'password' => '',
)
[ info ] [ RUN ] app\index\controller\Detail->index[ F:\study\o2o\application\index\controller\Detail.php ]
[ info ] [ VIEW ] F:\study\o2o\public/../application/index\view\detail\index.html [ array (
  0 => 'citys',
  1 => 'city',
  2 => 'user',
  3 => 'controller',
  4 => 'cates',
  5 => 'featured',
  6 => 'title',
  7 => 'cate',
  8 => 'flog',
  9 => 'deal',
  10 => 'bis',
  11 => 'countDown',
  12 => 'position',
  13 => 'locations',
  14 => 'cateid',
) ]
[ info ] [ LOG ] INIT File

---------------------------------------------------------------
[ 2017-04-23T00:28:54+08:00 ] 127.0.0.7 127.0.0.1 GET /index/map/getstatusmap.html?position=114.0143402564,32.990323882409
[ log ] tp5.o2o.com/index/map/getstatusmap.html?position=114.0143402564,32.990323882409 [运行时间：0.562982s][吞吐率：1.78req/s] [内存消耗：2,593.32kb] [文件加载：43]
[ info ] [ LANG ] F:\study\o2o\thinkphp\lang\zh-cn.php
[ info ] [ ROUTE ] array (
  'type' => 'module',
  'module' => 
  array (
    0 => 'index',
    1 => 'map',
    2 => 'getstatusmap',
  ),
)
[ info ] [ HEADER ] array (
  'host' => 'tp5.o2o.com',
  'connection' => 'keep-alive',
  'user-agent' => 'Mozilla/5.0 (Windows NT 10.0; Win64; x64) AppleWebKit/537.36 (KHTML, like Gecko) Chrome/56.0.2924.87 Safari/537.36',
  'accept' => 'image/webp,image/*,*/*;q=0.8',
  'referer' => 'http://tp5.o2o.com/index/detail/index.html?id=3',
  'accept-encoding' => 'gzip, deflate, sdch',
  'accept-language' => 'zh-CN,zh;q=0.8',
  'cookie' => 'Huiskin=default; PHPSESSID=o7lruqoafa9scjpnfj2o4q5u92',
)
[ info ] [ PARAM ] array (
  'position' => '114.0143402564,32.990323882409',
)
[ info ] [ RUN ] app\index\controller\Map->getStatusMap[ F:\study\o2o\application\index\controller\Map.php ]
[ info ] [ LOG ] INIT File

---------------------------------------------------------------
[ 2017-04-23T00:28:55+08:00 ] 127.0.0.7 127.0.0.1 GET /index/detail/index.html?id=3
[ log ] tp5.o2o.com/index/detail/index.html?id=3 [运行时间：0.389594s][吞吐率：2.57req/s] [内存消耗：5,147.57kb] [文件加载：63]
[ info ] [ LANG ] F:\study\o2o\thinkphp\lang\zh-cn.php
[ info ] [ ROUTE ] array (
  'type' => 'module',
  'module' => 
  array (
    0 => 'index',
    1 => 'detail',
    2 => 'index',
  ),
)
[ info ] [ HEADER ] array (
  'host' => 'tp5.o2o.com',
  'connection' => 'keep-alive',
  'user-agent' => 'Mozilla/5.0 (Windows NT 10.0; Win64; x64) AppleWebKit/537.36 (KHTML, like Gecko) Chrome/56.0.2924.87 Safari/537.36',
  'accept' => 'image/webp,image/*,*/*;q=0.8',
  'referer' => 'http://tp5.o2o.com/index/detail/index.html?id=3',
  'accept-encoding' => 'gzip, deflate, sdch',
  'accept-language' => 'zh-CN,zh;q=0.8',
  'cookie' => 'Huiskin=default; PHPSESSID=o7lruqoafa9scjpnfj2o4q5u92',
)
[ info ] [ PARAM ] array (
  'id' => '3',
)
[ info ] [ CACHE ] INIT redis
[ info ] [ DB ] INIT mysql
[ info ] [ SESSION ] INIT array (
  'prefix' => 'module',
  'type' => 'redis',
  'auto_start' => true,
  'host' => '127.0.0.1',
  'port' => 6379,
  'password' => '',
)
[ info ] [ RUN ] app\index\controller\Detail->index[ F:\study\o2o\application\index\controller\Detail.php ]
[ info ] [ VIEW ] F:\study\o2o\public/../application/index\view\detail\index.html [ array (
  0 => 'citys',
  1 => 'city',
  2 => 'user',
  3 => 'controller',
  4 => 'cates',
  5 => 'featured',
  6 => 'title',
  7 => 'cate',
  8 => 'flog',
  9 => 'deal',
  10 => 'bis',
  11 => 'countDown',
  12 => 'position',
  13 => 'locations',
  14 => 'cateid',
) ]
[ info ] [ LOG ] INIT File

---------------------------------------------------------------
[ 2017-04-23T00:28:56+08:00 ] 127.0.0.7 127.0.0.1 GET /index/order/index.html?id=3&count=1
[ log ] tp5.o2o.com/index/order/index.html?id=3&count=1 [运行时间：0.272835s][吞吐率：3.67req/s] [内存消耗：4,872.45kb] [文件加载：60]
[ info ] [ LANG ] F:\study\o2o\thinkphp\lang\zh-cn.php
[ info ] [ ROUTE ] array (
  'type' => 'module',
  'module' => 
  array (
    0 => 'index',
    1 => 'order',
    2 => 'index',
  ),
)
[ info ] [ HEADER ] array (
  'host' => 'tp5.o2o.com',
  'connection' => 'keep-alive',
  'upgrade-insecure-requests' => '1',
  'user-agent' => 'Mozilla/5.0 (Windows NT 10.0; Win64; x64) AppleWebKit/537.36 (KHTML, like Gecko) Chrome/56.0.2924.87 Safari/537.36',
  'accept' => 'text/html,application/xhtml+xml,application/xml;q=0.9,image/webp,*/*;q=0.8',
  'referer' => 'http://tp5.o2o.com/index/detail/index.html?id=3',
  'accept-encoding' => 'gzip, deflate, sdch',
  'accept-language' => 'zh-CN,zh;q=0.8',
  'cookie' => 'Huiskin=default; PHPSESSID=o7lruqoafa9scjpnfj2o4q5u92',
)
[ info ] [ PARAM ] array (
  'id' => '3',
  'count' => '1',
)
[ info ] [ CACHE ] INIT redis
[ info ] [ DB ] INIT mysql
[ info ] [ SESSION ] INIT array (
  'prefix' => 'module',
  'type' => 'redis',
  'auto_start' => true,
  'host' => '127.0.0.1',
  'port' => 6379,
  'password' => '',
)
[ info ] [ RUN ] app\index\controller\Order->index[ F:\study\o2o\application\index\controller\Order.php ]
[ info ] [ LOG ] INIT File

---------------------------------------------------------------
[ 2017-04-23T00:28:56+08:00 ] 127.0.0.7 127.0.0.1 GET /index/user/login.html
[ log ] tp5.o2o.com/index/user/login.html [运行时间：0.148717s][吞吐率：6.72req/s] [内存消耗：2,750.00kb] [文件加载：45]
[ info ] [ LANG ] F:\study\o2o\thinkphp\lang\zh-cn.php
[ info ] [ ROUTE ] array (
  'type' => 'module',
  'module' => 
  array (
    0 => 'index',
    1 => 'user',
    2 => 'login',
  ),
)
[ info ] [ HEADER ] array (
  'host' => 'tp5.o2o.com',
  'connection' => 'keep-alive',
  'upgrade-insecure-requests' => '1',
  'user-agent' => 'Mozilla/5.0 (Windows NT 10.0; Win64; x64) AppleWebKit/537.36 (KHTML, like Gecko) Chrome/56.0.2924.87 Safari/537.36',
  'accept' => 'text/html,application/xhtml+xml,application/xml;q=0.9,image/webp,*/*;q=0.8',
  'referer' => 'http://tp5.o2o.com/index/detail/index.html?id=3',
  'accept-encoding' => 'gzip, deflate, sdch',
  'accept-language' => 'zh-CN,zh;q=0.8',
  'cookie' => 'Huiskin=default; PHPSESSID=o7lruqoafa9scjpnfj2o4q5u92',
)
[ info ] [ PARAM ] array (
)
[ info ] [ RUN ] app\index\controller\User->login[ F:\study\o2o\application\index\controller\User.php ]
[ info ] [ SESSION ] INIT array (
  'prefix' => 'module',
  'type' => 'redis',
  'auto_start' => true,
  'host' => '127.0.0.1',
  'port' => 6379,
  'password' => '',
)
[ info ] [ VIEW ] F:\study\o2o\public/../application/index\view\user\login.html [ array (
) ]
[ info ] [ LOG ] INIT File

---------------------------------------------------------------
[ 2017-04-23T00:29:09+08:00 ] 127.0.0.7 127.0.0.1 GET /admin
[ log ] tp5.o2o.com/admin [运行时间：0.134777s][吞吐率：7.42req/s] [内存消耗：2,784.88kb] [文件加载：47]
[ info ] [ LANG ] F:\study\o2o\thinkphp\lang\zh-cn.php
[ info ] [ ROUTE ] array (
  'type' => 'module',
  'module' => 
  array (
    0 => 'admin',
    1 => NULL,
    2 => NULL,
  ),
)
[ info ] [ HEADER ] array (
  'host' => 'tp5.o2o.com',
  'connection' => 'keep-alive',
  'upgrade-insecure-requests' => '1',
  'user-agent' => 'Mozilla/5.0 (Windows NT 10.0; Win64; x64) AppleWebKit/537.36 (KHTML, like Gecko) Chrome/56.0.2924.87 Safari/537.36',
  'accept' => 'text/html,application/xhtml+xml,application/xml;q=0.9,image/webp,*/*;q=0.8',
  'accept-encoding' => 'gzip, deflate, sdch',
  'accept-language' => 'zh-CN,zh;q=0.8',
  'cookie' => 'Huiskin=default; PHPSESSID=o7lruqoafa9scjpnfj2o4q5u92',
)
[ info ] [ PARAM ] array (
)
[ info ] [ SESSION ] INIT array (
  'prefix' => 'module',
  'type' => 'redis',
  'auto_start' => true,
  'host' => '127.0.0.1',
  'port' => 6379,
  'password' => '',
)
[ info ] [ LOG ] INIT File

---------------------------------------------------------------
[ 2017-04-23T00:29:09+08:00 ] 127.0.0.7 127.0.0.1 GET /admin/admin/login.html
[ log ] tp5.o2o.com/admin/admin/login.html [运行时间：0.187086s][吞吐率：5.35req/s] [内存消耗：2,784.65kb] [文件加载：45]
[ info ] [ LANG ] F:\study\o2o\thinkphp\lang\zh-cn.php
[ info ] [ ROUTE ] array (
  'type' => 'module',
  'module' => 
  array (
    0 => 'admin',
    1 => 'admin',
    2 => 'login',
  ),
)
[ info ] [ HEADER ] array (
  'host' => 'tp5.o2o.com',
  'connection' => 'keep-alive',
  'upgrade-insecure-requests' => '1',
  'user-agent' => 'Mozilla/5.0 (Windows NT 10.0; Win64; x64) AppleWebKit/537.36 (KHTML, like Gecko) Chrome/56.0.2924.87 Safari/537.36',
  'accept' => 'text/html,application/xhtml+xml,application/xml;q=0.9,image/webp,*/*;q=0.8',
  'accept-encoding' => 'gzip, deflate, sdch',
  'accept-language' => 'zh-CN,zh;q=0.8',
  'cookie' => 'Huiskin=default; PHPSESSID=o7lruqoafa9scjpnfj2o4q5u92',
)
[ info ] [ PARAM ] array (
)
[ info ] [ RUN ] app\admin\controller\Admin->login[ F:\study\o2o\application\admin\controller\Admin.php ]
[ info ] [ SESSION ] INIT array (
  'prefix' => 'module',
  'type' => 'redis',
  'auto_start' => true,
  'host' => '127.0.0.1',
  'port' => 6379,
  'password' => '',
)
[ info ] [ VIEW ] F:\study\o2o\public/../application/admin\view\admin\login.html [ array (
) ]
[ info ] [ LOG ] INIT File

---------------------------------------------------------------
[ 2017-04-23T00:29:10+08:00 ] 127.0.0.7 127.0.0.1 GET /captcha.html
[ log ] tp5.o2o.com/captcha.html [运行时间：0.693982s][吞吐率：1.44req/s] [内存消耗：2,207.97kb] [文件加载：38]
[ info ] [ LANG ] F:\study\o2o\thinkphp\lang\zh-cn.php
[ info ] [ ROUTE ] array (
  'type' => 'method',
  'method' => 
  array (
    0 => '\\think\\captcha\\CaptchaController',
    1 => 'index',
  ),
  'var' => 
  array (
  ),
)
[ info ] [ HEADER ] array (
  'host' => 'tp5.o2o.com',
  'connection' => 'keep-alive',
  'user-agent' => 'Mozilla/5.0 (Windows NT 10.0; Win64; x64) AppleWebKit/537.36 (KHTML, like Gecko) Chrome/56.0.2924.87 Safari/537.36',
  'accept' => 'image/webp,image/*,*/*;q=0.8',
  'referer' => 'http://tp5.o2o.com/admin/admin/login.html',
  'accept-encoding' => 'gzip, deflate, sdch',
  'accept-language' => 'zh-CN,zh;q=0.8',
  'cookie' => 'Huiskin=default; PHPSESSID=o7lruqoafa9scjpnfj2o4q5u92',
)
[ info ] [ PARAM ] array (
  'id' => NULL,
)
[ info ] [ RUN ] think\captcha\CaptchaController->index[ F:\study\o2o\vendor\topthink\think-captcha\src\CaptchaController.php ]
[ info ] [ SESSION ] INIT array (
  'prefix' => 'module',
  'type' => 'redis',
  'auto_start' => true,
  'host' => '127.0.0.1',
  'port' => 6379,
  'password' => '',
)
[ info ] [ LOG ] INIT File

---------------------------------------------------------------
[ 2017-04-23T00:29:12+08:00 ] 127.0.0.7 127.0.0.1 POST /admin/admin/login.html
[ log ] tp5.o2o.com/admin/admin/login.html [运行时间：0.212026s][吞吐率：4.72req/s] [内存消耗：2,764.65kb] [文件加载：47]
[ info ] [ LANG ] F:\study\o2o\thinkphp\lang\zh-cn.php
[ info ] [ ROUTE ] array (
  'type' => 'module',
  'module' => 
  array (
    0 => 'admin',
    1 => 'admin',
    2 => 'login',
  ),
)
[ info ] [ HEADER ] array (
  'host' => 'tp5.o2o.com',
  'connection' => 'keep-alive',
  'content-length' => '9',
  'accept' => '*/*',
  'origin' => 'http://tp5.o2o.com',
  'x-requested-with' => 'XMLHttpRequest',
  'user-agent' => 'Mozilla/5.0 (Windows NT 10.0; Win64; x64) AppleWebKit/537.36 (KHTML, like Gecko) Chrome/56.0.2924.87 Safari/537.36',
  'content-type' => 'application/x-www-form-urlencoded; charset=UTF-8',
  'referer' => 'http://tp5.o2o.com/admin/admin/login.html',
  'accept-encoding' => 'gzip, deflate',
  'accept-language' => 'zh-CN,zh;q=0.8',
  'cookie' => 'Huiskin=default; PHPSESSID=o7lruqoafa9scjpnfj2o4q5u92',
)
[ info ] [ PARAM ] array (
  'username' => '',
)
[ info ] [ RUN ] app\admin\controller\Admin->login[ F:\study\o2o\application\admin\controller\Admin.php ]
[ info ] [ SESSION ] INIT array (
  'prefix' => 'module',
  'type' => 'redis',
  'auto_start' => true,
  'host' => '127.0.0.1',
  'port' => 6379,
  'password' => '',
)
[ info ] [ LOG ] INIT File
[ error ] [8]未定义数组索引: verifyCode[F:\study\o2o\application\admin\controller\Admin.php:20]

---------------------------------------------------------------
[ 2017-04-23T00:29:14+08:00 ] 127.0.0.7 127.0.0.1 POST /admin/admin/login.html
[ log ] tp5.o2o.com/admin/admin/login.html [运行时间：0.170319s][吞吐率：5.87req/s] [内存消耗：2,764.60kb] [文件加载：47]
[ info ] [ LANG ] F:\study\o2o\thinkphp\lang\zh-cn.php
[ info ] [ ROUTE ] array (
  'type' => 'module',
  'module' => 
  array (
    0 => 'admin',
    1 => 'admin',
    2 => 'login',
  ),
)
[ info ] [ HEADER ] array (
  'host' => 'tp5.o2o.com',
  'connection' => 'keep-alive',
  'content-length' => '9',
  'accept' => '*/*',
  'origin' => 'http://tp5.o2o.com',
  'x-requested-with' => 'XMLHttpRequest',
  'user-agent' => 'Mozilla/5.0 (Windows NT 10.0; Win64; x64) AppleWebKit/537.36 (KHTML, like Gecko) Chrome/56.0.2924.87 Safari/537.36',
  'content-type' => 'application/x-www-form-urlencoded; charset=UTF-8',
  'referer' => 'http://tp5.o2o.com/admin/admin/login.html',
  'accept-encoding' => 'gzip, deflate',
  'accept-language' => 'zh-CN,zh;q=0.8',
  'cookie' => 'Huiskin=default; PHPSESSID=o7lruqoafa9scjpnfj2o4q5u92',
)
[ info ] [ PARAM ] array (
  'username' => '',
)
[ info ] [ RUN ] app\admin\controller\Admin->login[ F:\study\o2o\application\admin\controller\Admin.php ]
[ info ] [ SESSION ] INIT array (
  'prefix' => 'module',
  'type' => 'redis',
  'auto_start' => true,
  'host' => '127.0.0.1',
  'port' => 6379,
  'password' => '',
)
[ info ] [ LOG ] INIT File
[ error ] [8]未定义数组索引: verifyCode[F:\study\o2o\application\admin\controller\Admin.php:20]

---------------------------------------------------------------
